
‚úÖ test/integration/tts_di_integration_test.dart: TTS DI Integration Tests ServiceLocator provides ITtsService instance
‚úÖ test/integration/tts_di_integration_test.dart: TTS DI Integration Tests ServiceLocator returns same singleton instance on multiple calls
::group::‚úÖ test/integration/tts_di_integration_test.dart: TTS DI Integration Tests AudioController works with injected ITtsService
AudioController: Initializing reactive proxy...
AudioController: Reactive proxy initialized
AudioController: Disposing reactive proxy...
‚èπÔ∏è TTS: Stop requested (current state: TtsState.idle) at 2025-12-01 05:27:27.811290
AudioController: Reactive proxy disposed
‚úÖ TTS: Stop completed at 2025-12-01 05:27:27.817896
üßπ TTS: Service disposed at 2025-12-01 05:27:27.819142
::endgroup::
::group::‚úÖ test/integration/thanksgiving_integration_test.dart: Thanksgiving Integration Tests - Real User Scenarios User creates multiple thanksgivings and they persist
Error backing up thanksgivings to file: Binding has not yet been initialized.
The "instance" getter on the ServicesBinding binding mixin is only available once that binding has been initialized.
Typically, this is done by calling "WidgetsFlutterBinding.ensureInitialized()" or "runApp()" (the latter calls the former). Typically this call is done in the "void main()" method. The "ensureInitialized" method is idempotent; calling it multiple times is not harmful. After calling that method, the "instance" getter will return the binding.
In a test, one can call "TestWidgetsFlutterBinding.ensureInitialized()" as the first line in the test's "main()" method to initialize the binding.
If ServicesBinding is a custom binding mixin, there must also be a custom binding class, like WidgetsFlutterBinding, but that mixes in the selected binding, and that is the class that must be constructed before using the "instance" getter.
Error backing up thanksgivings to file: Binding has not yet been initialized.
The "instance" getter on the ServicesBinding binding mixin is only available once that binding has been initialized.
Typically, this is done by calling "WidgetsFlutterBinding.ensureInitialized()" or "runApp()" (the latter calls the former). Typically this call is done in the "void main()" method. The "ensureInitialized" method is idempotent; calling it multiple times is not harmful. After calling that method, the "instance" getter will return the binding.
In a test, one can call "TestWidgetsFlutterBinding.ensureInitialized()" as the first line in the test's "main()" method to initialize the binding.
If ServicesBinding is a custom binding mixin, there must also be a custom binding class, like WidgetsFlutterBinding, but that mixes in the selected binding, and that is the class that must be constructed before using the "instance" getter.
Error backing up thanksgivings to file: Binding has not yet been initialized.
The "instance" getter on the ServicesBinding binding mixin is only available once that binding has been initialized.
Typically, this is done by calling "WidgetsFlutterBinding.ensureInitialized()" or "runApp()" (the latter calls the former). Typically this call is done in the "void main()" method. The "ensureInitialized" method is idempotent; calling it multiple times is not harmful. After calling that method, the "instance" getter will return the binding.
In a test, one can call "TestWidgetsFlutterBinding.ensureInitialized()" as the first line in the test's "main()" method to initialize the binding.
If ServicesBinding is a custom binding mixin, there must also be a custom binding class, like WidgetsFlutterBinding, but that mixes in the selected binding, and that is the class that must be constructed before using the "instance" getter.
::endgroup::
::group::‚úÖ test/integration/thanksgiving_integration_test.dart: Thanksgiving Integration Tests - Real User Scenarios User edits a thanksgiving after creating it
Error backing up thanksgivings to file: Binding has not yet been initialized.
The "instance" getter on the ServicesBinding binding mixin is only available once that binding has been initialized.
Typically, this is done by calling "WidgetsFlutterBinding.ensureInitialized()" or "runApp()" (the latter calls the former). Typically this call is done in the "void main()" method. The "ensureInitialized" method is idempotent; calling it multiple times is not harmful. After calling that method, the "instance" getter will return the binding.
In a test, one can call "TestWidgetsFlutterBinding.ensureInitialized()" as the first line in the test's "main()" method to initialize the binding.
If ServicesBinding is a custom binding mixin, there must also be a custom binding class, like WidgetsFlutterBinding, but that mixes in the selected binding, and that is the class that must be constructed before using the "instance" getter.
Error backing up thanksgivings to file: Binding has not yet been initialized.
The "instance" getter on the ServicesBinding binding mixin is only available once that binding has been initialized.
Typically, this is done by calling "WidgetsFlutterBinding.ensureInitialized()" or "runApp()" (the latter calls the former). Typically this call is done in the "void main()" method. The "ensureInitialized" method is idempotent; calling it multiple times is not harmful. After calling that method, the "instance" getter will return the binding.
In a test, one can call "TestWidgetsFlutterBinding.ensureInitialized()" as the first line in the test's "main()" method to initialize the binding.
If ServicesBinding is a custom binding mixin, there must also be a custom binding class, like WidgetsFlutterBinding, but that mixes in the selected binding, and that is the class that must be constructed before using the "instance" getter.
::endgroup::
::group::‚úÖ test/integration/thanksgiving_integration_test.dart: Thanksgiving Integration Tests - Real User Scenarios User deletes an old thanksgiving
Error backing up thanksgivings to file: Binding has not yet been initialized.
The "instance" getter on the ServicesBinding binding mixin is only available once that binding has been initialized.
Typically, this is done by calling "WidgetsFlutterBinding.ensureInitialized()" or "runApp()" (the latter calls the former). Typically this call is done in the "void main()" method. The "ensureInitialized" method is idempotent; calling it multiple times is not harmful. After calling that method, the "instance" getter will return the binding.
In a test, one can call "TestWidgetsFlutterBinding.ensureInitialized()" as the first line in the test's "main()" method to initialize the binding.
If ServicesBinding is a custom binding mixin, there must also be a custom binding class, like WidgetsFlutterBinding, but that mixes in the selected binding, and that is the class that must be constructed before using the "instance" getter.
Error backing up thanksgivings to file: Binding has not yet been initialized.
The "instance" getter on the ServicesBinding binding mixin is only available once that binding has been initialized.
Typically, this is done by calling "WidgetsFlutterBinding.ensureInitialized()" or "runApp()" (the latter calls the former). Typically this call is done in the "void main()" method. The "ensureInitialized" method is idempotent; calling it multiple times is not harmful. After calling that method, the "instance" getter will return the binding.
In a test, one can call "TestWidgetsFlutterBinding.ensureInitialized()" as the first line in the test's "main()" method to initialize the binding.
If ServicesBinding is a custom binding mixin, there must also be a custom binding class, like WidgetsFlutterBinding, but that mixes in the selected binding, and that is the class that must be constructed before using the "instance" getter.
Error backing up thanksgivings to file: Binding has not yet been initialized.
The "instance" getter on the ServicesBinding binding mixin is only available once that binding has been initialized.
Typically, this is done by calling "WidgetsFlutterBinding.ensureInitialized()" or "runApp()" (the latter calls the former). Typically this call is done in the "void main()" method. The "ensureInitialized" method is idempotent; calling it multiple times is not harmful. After calling that method, the "instance" getter will return the binding.
In a test, one can call "TestWidgetsFlutterBinding.ensureInitialized()" as the first line in the test's "main()" method to initialize the binding.
If ServicesBinding is a custom binding mixin, there must also be a custom binding class, like WidgetsFlutterBinding, but that mixes in the selected binding, and that is the class that must be constructed before using the "instance" getter.
Error backing up thanksgivings to file: Binding has not yet been initialized.
The "instance" getter on the ServicesBinding binding mixin is only available once that binding has been initialized.
Typically, this is done by calling "WidgetsFlutterBinding.ensureInitialized()" or "runApp()" (the latter calls the former). Typically this call is done in the "void main()" method. The "ensureInitialized" method is idempotent; calling it multiple times is not harmful. After calling that method, the "instance" getter will return the binding.
In a test, one can call "TestWidgetsFlutterBinding.ensureInitialized()" as the first line in the test's "main()" method to initialize the binding.
If ServicesBinding is a custom binding mixin, there must also be a custom binding class, like WidgetsFlutterBinding, but that mixes in the selected binding, and that is the class that must be constructed before using the "instance" getter.
::endgroup::
‚úÖ test/integration/thanksgiving_integration_test.dart: Thanksgiving Integration Tests - Real User Scenarios User tries to create empty thanksgiving and sees error
::group::‚úÖ test/integration/thanksgiving_integration_test.dart: Thanksgiving Integration Tests - Real User Scenarios User refreshes their thanksgiving list
Error backing up thanksgivings to file: Binding has not yet been initialized.
The "instance" getter on the ServicesBinding binding mixin is only available once that binding has been initialized.
Typically, this is done by calling "WidgetsFlutterBinding.ensureInitialized()" or "runApp()" (the latter calls the former). Typically this call is done in the "void main()" method. The "ensureInitialized" method is idempotent; calling it multiple times is not harmful. After calling that method, the "instance" getter will return the binding.
In a test, one can call "TestWidgetsFlutterBinding.ensureInitialized()" as the first line in the test's "main()" method to initialize the binding.
If ServicesBinding is a custom binding mixin, there must also be a custom binding class, like WidgetsFlutterBinding, but that mixes in the selected binding, and that is the class that must be constructed before using the "instance" getter.
Error backing up thanksgivings to file: Binding has not yet been initialized.
The "instance" getter on the ServicesBinding binding mixin is only available once that binding has been initialized.
Typically, this is done by calling "WidgetsFlutterBinding.ensureInitialized()" or "runApp()" (the latter calls the former). Typically this call is done in the "void main()" method. The "ensureInitialized" method is idempotent; calling it multiple times is not harmful. After calling that method, the "instance" getter will return the binding.
In a test, one can call "TestWidgetsFlutterBinding.ensureInitialized()" as the first line in the test's "main()" method to initialize the binding.
If ServicesBinding is a custom binding mixin, there must also be a custom binding class, like WidgetsFlutterBinding, but that mixes in the selected binding, and that is the class that must be constructed before using the "instance" getter.
::endgroup::
::group::‚úÖ test/integration/thanksgiving_integration_test.dart: Thanksgiving Integration Tests - Real User Scenarios User journey: create, view, edit, then delete
Error backing up thanksgivings to file: Binding has not yet been initialized.
The "instance" getter on the ServicesBinding binding mixin is only available once that binding has been initialized.
Typically, this is done by calling "WidgetsFlutterBinding.ensureInitialized()" or "runApp()" (the latter calls the former). Typically this call is done in the "void main()" method. The "ensureInitialized" method is idempotent; calling it multiple times is not harmful. After calling that method, the "instance" getter will return the binding.
In a test, one can call "TestWidgetsFlutterBinding.ensureInitialized()" as the first line in the test's "main()" method to initialize the binding.
If ServicesBinding is a custom binding mixin, there must also be a custom binding class, like WidgetsFlutterBinding, but that mixes in the selected binding, and that is the class that must be constructed before using the "instance" getter.
Error backing up thanksgivings to file: Binding has not yet been initialized.
The "instance" getter on the ServicesBinding binding mixin is only available once that binding has been initialized.
Typically, this is done by calling "WidgetsFlutterBinding.ensureInitialized()" or "runApp()" (the latter calls the former). Typically this call is done in the "void main()" method. The "ensureInitialized" method is idempotent; calling it multiple times is not harmful. After calling that method, the "instance" getter will return the binding.
In a test, one can call "TestWidgetsFlutterBinding.ensureInitialized()" as the first line in the test's "main()" method to initialize the binding.
If ServicesBinding is a custom binding mixin, there must also be a custom binding class, like WidgetsFlutterBinding, but that mixes in the selected binding, and that is the class that must be constructed before using the "instance" getter.
Error backing up thanksgivings to file: Binding has not yet been initialized.
The "instance" getter on the ServicesBinding binding mixin is only available once that binding has been initialized.
Typically, this is done by calling "WidgetsFlutterBinding.ensureInitialized()" or "runApp()" (the latter calls the former). Typically this call is done in the "void main()" method. The "ensureInitialized" method is idempotent; calling it multiple times is not harmful. After calling that method, the "instance" getter will return the binding.
::endgroup::
‚úÖ test/integration/thanksgiving_integration_test.dart: Thanksgiving Integration Tests - Real User Scenarios Multiple users scenario - data isolation
‚úÖ test/integration/thanksgiving_integration_test.dart: Thanksgiving Integration Tests - Real User Scenarios Heavy usage scenario - 20 thanksgivings
‚úÖ test/integration/thanksgiving_integration_test.dart: Thanksgiving Integration Tests - Real User Scenarios Days old calculation changes over time
::group::‚úÖ test/integration/tts_di_integration_test.dart: TTS DI Integration Tests AudioController can play devotional through DI
AudioController: Initializing reactive proxy...
AudioController: Reactive proxy initialized
üéµ AudioController: playDevotional(di-test-1) called
üéµ Current state before play: currentId=null, state=TtsState.idle, isActive=false
AudioController: Starting operation: playDevotional
üé§ TTS: Starting devotional di-test-1 at 2025-12-01 05:27:27.826629
üîß TTS: Initializing service...
üîß TTS: Loading config - Language: es-US, Rate: 0.5
[TTS] Voz por defecto asignada para idioma: es (es-US)
üîß TTS: Setting language to es-US
üîß TTS: Setting speech rate to 0.5
‚úÖ TTS: Native event handlers configured
‚úÖ TTS: Service initialized successfully
[BibleTextFormatter] formatBibleBook called with reference="Test reflection", language="es"
üìù TTS: Speaking: Test reflection
AudioController: Ignorando progress update - estado idle (local: TtsState.idle, service: TtsState.idle)
AudioController: TtsService.speakDevotional() completed
AudioController: Sync attempt 1: service=TtsState.idle, local=TtsState.idle
AudioController: Sync attempt 2: service=TtsState.idle, local=TtsState.idle
AudioController: Sync attempt 3: service=TtsState.idle, local=TtsState.idle
AudioController: Sync attempt 4: service=TtsState.idle, local=TtsState.idle
AudioController: Sync attempt 5: service=TtsState.idle, local=TtsState.idle
AudioController: Stop requested (state: TtsState.idle)
AudioController: Applying IMMEDIATE stop...
AudioController: Immediate stop applied - calling service async
‚èπÔ∏è TTS: Stop requested (current state: TtsState.idle) at 2025-12-01 05:27:28.808665
AudioController: Immediate stop completed
‚úÖ TTS: Stop completed at 2025-12-01 05:27:28.809544
AudioController: Service stop completed asynchronously
AudioController: Disposing reactive proxy...
‚èπÔ∏è TTS: Stop requested (current state: TtsState.stopping) at 2025-12-01 05:27:28.810380
AudioController: Reactive proxy disposed
‚úÖ TTS: Stop completed at 2025-12-01 05:27:28.811116
üßπ TTS: Service disposed at 2025-12-01 05:27:28.811797
::endgroup::
::group::‚úÖ test/integration/tts_di_integration_test.dart: TTS DI Integration Tests DevocionalProvider retrieves TTS from service locator
üèóÔ∏è Provider: Constructor iniciado
AudioController: Initializing reactive proxy...
AudioController: Reactive proxy initialized
‚úÖ Provider: Constructor completado
Error loading from local storage: PathAccessException: Creation failed, path = '/mock_documents' (OS Error: Permission denied, errno = 13)
Loading from API for language: en, version: KJV
üîç Requesting URL: https://raw.githubusercontent.com/develop4God/Devocionales-json/refs/heads/main/Devocional_year_2025_en_KJV.json
Error en _fetchAllDevocionalesForLanguage: Exception: Failed to load from API: 400
üßπ Provider: Disposing...
AudioController: Disposing reactive proxy...
‚èπÔ∏è TTS: Stop requested (current state: TtsState.idle) at 2025-12-01 05:27:28.858046
AudioController: Reactive proxy disposed
‚úÖ Provider: Disposed
‚úÖ TTS: Stop completed at 2025-12-01 05:27:28.859814
üßπ TTS: Service disposed at 2025-12-01 05:27:28.860422
::endgroup::
::group::‚úÖ test/integration/tts_di_integration_test.dart: TTS DI Integration Tests Multiple AudioControllers share same TTS singleton
AudioController: Disposing reactive proxy...
‚èπÔ∏è TTS: Stop requested (current state: TtsState.idle) at 2025-12-01 05:27:28.863545
AudioController: Reactive proxy disposed
AudioController: Disposing reactive proxy...
AudioController: Reactive proxy disposed
AudioController: Disposing reactive proxy...
AudioController: Reactive proxy disposed
‚úÖ TTS: Stop completed at 2025-12-01 05:27:28.865124
üßπ TTS: Service disposed at 2025-12-01 05:27:28.865688
::endgroup::
‚úÖ test/integration/tts_di_integration_test.dart: TTS DI Integration Tests Concurrent access to service locator returns same instance
‚úÖ test/integration/tts_di_integration_test.dart: TTS DI Integration Tests ServiceLocator throws clear error when service not registered
::group::‚úÖ test/integration/tts_di_integration_test.dart: TTS DI Integration Tests ServiceLocator can be reset and re-initialized
‚èπÔ∏è TTS: Stop requested (current state: TtsState.idle) at 2025-12-01 05:27:28.879903
‚úÖ TTS: Stop completed at 2025-12-01 05:27:28.880353
üßπ TTS: Service disposed at 2025-12-01 05:27:28.880610
‚èπÔ∏è TTS: Stop requested (current state: TtsState.idle) at 2025-12-01 05:27:28.880852
‚úÖ TTS: Stop completed at 2025-12-01 05:27:28.881301
üßπ TTS: Service disposed at 2025-12-01 05:27:28.881632
::endgroup::
::group::‚úÖ test/integration/tts_di_integration_test.dart: TTS DI Integration Tests TTS service lifecycle works through DI
üîß TTS: Initializing service...
üîß TTS: Loading config - Language: es-US, Rate: 0.5
[TTS] Voz por defecto asignada para idioma: es (es-US)
üîß TTS: Setting language to es-US
üîß TTS: Setting speech rate to 0.5
‚úÖ TTS: Native event handlers configured
‚úÖ TTS: Service initialized successfully
üîä TTS: Speaking single text chunk at 2025-12-01 05:27:28.887077
[BibleTextFormatter] formatBibleBook called with reference="Integration test", language="es"
üìù TTS: Speaking: Integration test
‚èπÔ∏è TTS: Stop requested (current state: TtsState.idle) at 2025-12-01 05:27:28.942930
‚úÖ TTS: Stop completed at 2025-12-01 05:27:28.943734
üßπ TTS: Service disposed at 2025-12-01 05:27:28.944039
::endgroup::
::group::‚úÖ test/integration/tts_di_integration_test.dart: TTS DI Integration Tests Factory constructor creates functional TTS instance
üîß TTS: Initializing service...
üîß TTS: Loading config - Language: es-US, Rate: 0.5
[TTS] Voz por defecto asignada para idioma: es (es-US)
üîß TTS: Setting language to es-US
üîß TTS: Setting speech rate to 0.5
‚úÖ TTS: Native event handlers configured
‚úÖ TTS: Service initialized successfully
‚èπÔ∏è TTS: Stop requested (current state: TtsState.idle) at 2025-12-01 05:27:28.949503
‚úÖ TTS: Stop completed at 2025-12-01 05:27:28.949847
üßπ TTS: Service disposed at 2025-12-01 05:27:28.950076
::endgroup::
‚úÖ test/integration/system_navigation_bar_integration_test.dart: System Navigation Bar Integration Tests App should have AnnotatedRegion with systemUiOverlayStyle
‚úÖ test/integration/system_navigation_bar_integration_test.dart: System Navigation Bar Integration Tests System UI overlay style should persist through navigation
‚úÖ test/integration/system_navigation_bar_integration_test.dart: System Navigation Bar Integration Tests System UI overlay style should work with theme changes
‚úÖ test/integration/system_navigation_bar_integration_test.dart: System Navigation Bar Integration Tests System UI overlay style values are correct for all scenarios
::group::‚úÖ test/integration/tts_di_integration_test.dart: TTS DI Integration Tests Integration: Full user flow with DI
AudioController: Initializing reactive proxy...
AudioController: Reactive proxy initialized
üéµ AudioController: playDevotional(integration-flow) called
üéµ Current state before play: currentId=null, state=TtsState.idle, isActive=false
AudioController: Starting operation: playDevotional
üé§ TTS: Starting devotional integration-flow at 2025-12-01 05:27:28.953847
üîß TTS: Initializing service...
üîß TTS: Loading config - Language: es-US, Rate: 0.5
[TTS] Voz por defecto asignada para idioma: es (es-US)
üîß TTS: Setting language to es-US
üîß TTS: Setting speech rate to 0.5
‚úÖ TTS: Native event handlers configured
‚úÖ TTS: Service initialized successfully
[BibleTextFormatter] formatBibleBook called with reference="Una reflexi√≥n sobre el amor de Dios que es profunda y significativa.", language="es"
üìù TTS: Speaking: Una reflexi√≥n sobre el amor de Dios que es profund...
AudioController: Ignorando progress update - estado idle (local: TtsState.idle, service: TtsState.idle)
AudioController: TtsService.speakDevotional() completed
AudioController: Sync attempt 1: service=TtsState.idle, local=TtsState.idle
AudioController: Sync attempt 2: service=TtsState.idle, local=TtsState.idle
AudioController: Sync attempt 3: service=TtsState.idle, local=TtsState.idle
AudioController: Sync attempt 4: service=TtsState.idle, local=TtsState.idle
AudioController: Sync attempt 5: service=TtsState.idle, local=TtsState.idle
AudioController: Cannot pause - not playing (state: TtsState.idle)
AudioController: Cannot resume - not paused (state: TtsState.idle)
AudioController: Stop requested (state: TtsState.idle)
AudioController: Applying IMMEDIATE stop...
AudioController: Immediate stop applied - calling service async
‚èπÔ∏è TTS: Stop requested (current state: TtsState.idle) at 2025-12-01 05:27:29.968578
AudioController: Immediate stop completed
‚úÖ TTS: Stop completed at 2025-12-01 05:27:29.969538
AudioController: Service stop completed asynchronously
AudioController: Disposing reactive proxy...
‚èπÔ∏è TTS: Stop requested (current state: TtsState.stopping) at 2025-12-01 05:27:30.021284
AudioController: Reactive proxy disposed
‚úÖ TTS: Stop completed at 2025-12-01 05:27:30.022112
üßπ TTS: Service disposed at 2025-12-01 05:27:30.022593
::endgroup::
‚úÖ test/integration/system_navigation_bar_integration_test.dart: System Navigation Bar Integration Tests System UI overlay style should not interfere with app functionality
‚úÖ test/integration/system_navigation_bar_integration_test.dart: System Navigation Bar Color Validation Navigation bar color should be Material Grey 800
‚úÖ test/integration/system_navigation_bar_integration_test.dart: System Navigation Bar Color Validation Navigation bar color should provide sufficient contrast
‚úÖ test/integration/system_navigation_bar_integration_test.dart: System Navigation Bar Color Validation Navigation bar color should be consistent across themes
‚úÖ test/progress_page_overflow_test.dart: Progress Page Responsive Layout Tests - Real User Behavior Responsive layout adapts to small screen (320x568)
‚úÖ test/progress_page_overflow_test.dart: Progress Page Responsive Layout Tests - Real User Behavior Responsive layout adapts to medium screen (375x667)
‚úÖ test/progress_page_overflow_test.dart: Progress Page Responsive Layout Tests - Real User Behavior Responsive layout adapts to large screen (414x896)
‚úÖ test/progress_page_overflow_test.dart: Progress Page Responsive Layout Tests - Real User Behavior Layout scrolls when content exceeds screen height
::group::‚úÖ test/controllers/tts_audio_controller_test.dart: TtsAudioController initial state is idle
Estado inicial: TtsPlayerState.idle
::endgroup::
::group::‚úÖ test/controllers/tts_audio_controller_test.dart: TtsAudioController play sets state to loading then playing when text is set
Antes de play: TtsPlayerState.idle
[TTS Controller] play() llamado, estado previo: [33mTtsPlayerState.idle[0m
[TTS Controller] Aplicando velocidad TTS: 0.5
[TTS Controller] estado actual: [32mTtsPlayerState.playing[0m
Despu√©s de play: TtsPlayerState.playing
::endgroup::
::group::‚úÖ test/controllers/tts_audio_controller_test.dart: TtsAudioController play sets state to error when no text is set
Antes de play sin texto: TtsPlayerState.idle
[TTS Controller] play() llamado, estado previo: [33mTtsPlayerState.idle[0m
Despu√©s de play sin texto: TtsPlayerState.error
::endgroup::
::group::‚úÖ test/controllers/tts_audio_controller_test.dart: TtsAudioController pause sets state to paused
[TTS Controller] play() llamado, estado previo: [33mTtsPlayerState.idle[0m
[TTS Controller] Aplicando velocidad TTS: 0.5
[TTS Controller] estado actual: [32mTtsPlayerState.playing[0m
Antes de pause: TtsPlayerState.playing
[TTS Controller] pause() llamado, estado previo: [33mTtsPlayerState.playing[0m
[TTS Controller] estado actual: [32mTtsPlayerState.paused[0m
Despu√©s de pause: TtsPlayerState.paused
::endgroup::
::group::‚úÖ test/services/tts_service_test.dart: speakDevotional llama a speak en FlutterTts con el texto normalizado
üé§ TTS: Starting devotional test at 2025-12-01 05:27:33.169799
üîß TTS: Initializing service...
üîß TTS: Loading config - Language: es-US, Rate: 0.5
[TTS] Voz por defecto asignada para idioma: es (es-US)
üîß TTS: Setting language to es-US
üîß TTS: Setting speech rate to 0.5
‚úÖ TTS: Native event handlers configured
‚úÖ TTS: Service initialized successfully
[BibleTextFormatter] formatBibleBook called with reference="Texto de prueba", language="es"
üìù TTS: Speaking: Texto de prueba
::endgroup::
::group::‚úÖ test/services/tts_service_test.dart: speakDevotional speaks the devotional reflection text
üé§ TTS: Starting devotional test at 2025-12-01 05:27:33.195309
üîß TTS: Initializing service...
üîß TTS: Loading config - Language: es-US, Rate: 0.5
[TTS] Voz por defecto asignada para idioma: es (es-US)
üîß TTS: Setting language to es-US
üîß TTS: Setting speech rate to 0.5
‚úÖ TTS: Native event handlers configured
‚úÖ TTS: Service initialized successfully
[BibleTextFormatter] formatBibleBook called with reference="Texto de prueba", language="es"
üìù TTS: Speaking: Texto de prueba
::endgroup::
::group::‚úÖ test/services/tts_service_test.dart: speakDevotional lanza error si el texto est√° vac√≠o
üé§ TTS: Starting devotional test at 2025-12-01 05:27:33.200315
üîß TTS: Initializing service...
üîß TTS: Loading config - Language: es-US, Rate: 0.5
[TTS] Voz por defecto asignada para idioma: es (es-US)
üîß TTS: Setting language to es-US
üîß TTS: Setting speech rate to 0.5
‚úÖ TTS: Native event handlers configured
‚úÖ TTS: Service initialized successfully
[BibleTextFormatter] formatBibleBook called with reference="", language="es"
‚ùå TTS: speakDevotional failed: TtsException: No valid text content to speak at 2025-12-01 05:27:33.204732
::endgroup::
::group::‚úÖ test/services/tts_service_test.dart: setLanguage y setSpeechRate no lanzan error y configuran correctamente
üîß TTS: Initializing service...
üîß TTS: Loading config - Language: es-US, Rate: 0.5
[TTS] Voz por defecto asignada para idioma: es (es-US)
üîß TTS: Setting language to es-US
üîß TTS: Setting speech rate to 0.5
‚úÖ TTS: Native event handlers configured
‚úÖ TTS: Service initialized successfully
::endgroup::
::group::‚úÖ test/controllers/tts_audio_controller_test.dart: TtsAudioController stop sets state to idle
[TTS Controller] play() llamado, estado previo: [33mTtsPlayerState.idle[0m
[TTS Controller] Aplicando velocidad TTS: 0.5
[TTS Controller] estado actual: [32mTtsPlayerState.playing[0m
Antes de stop: TtsPlayerState.playing
[TTS Controller] stop() llamado, estado previo: [33mTtsPlayerState.playing[0m
[TTS Controller] estado actual: [32mTtsPlayerState.idle[0m
Despu√©s de stop: TtsPlayerState.idle
::endgroup::
::group::‚úÖ test/controllers/tts_audio_controller_test.dart: TtsAudioController complete sets state to completed
[TTS Controller] play() llamado, estado previo: [33mTtsPlayerState.idle[0m
[TTS Controller] Aplicando velocidad TTS: 0.5
[TTS Controller] estado actual: [32mTtsPlayerState.playing[0m
Antes de complete: TtsPlayerState.playing
[TTS Controller] complete() llamado, estado previo: [33mTtsPlayerState.playing[0m
[TTS Controller] estado actual: [32mTtsPlayerState.completed[0m
Despu√©s de complete: TtsPlayerState.completed
::endgroup::
::group::‚úÖ test/controllers/tts_audio_controller_test.dart: TtsAudioController error sets state to error
[TTS Controller] play() llamado, estado previo: [33mTtsPlayerState.idle[0m
[TTS Controller] Aplicando velocidad TTS: 0.5
[TTS Controller] estado actual: [32mTtsPlayerState.playing[0m
Antes de error: TtsPlayerState.playing
[TTS Controller] error() llamado, estado previo: [33mTtsPlayerState.playing[0m
[TTS Controller] estado actual: [31mTtsPlayerState.error[0m
Despu√©s de error: TtsPlayerState.error
::endgroup::
::group::‚úÖ test/devocional_reading_logic_test.dart: Devotional Reading Logic Tests DevocionalProvider recordDevocionalRead works correctly
Devotional read attempt: test_devotional_123
Reading time: 60s, Scroll: 80.0%
Meets criteria: true
Achievement unlocked: achievements.first_read_title
Error creating auto-backup: MissingPluginException(No implementation found for method getApplicationDocumentsDirectory on channel plugins.flutter.io/path_provider)
Auto-backup created (490157.5 hours since last)
Recorded devotional for statistics: test_devotional_123, total: 1
::endgroup::
::group::‚úÖ test/devocional_reading_logic_test.dart: Devotional Reading Logic Tests Empty devotional ID is handled gracefully
Empty devotional ID provided, not recording
::endgroup::
::group::‚úÖ test/devocional_reading_logic_test.dart: Devotional Reading Logic Tests Real usage pattern: unique consecutive tracking
Devotional read attempt: devotional_2025_01_01
Reading time: 60s, Scroll: 80.0%
Meets criteria: true
Achievement unlocked: achievements.first_read_title
Error creating auto-backup: MissingPluginException(No implementation found for method getApplicationDocumentsDirectory on channel plugins.flutter.io/path_provider)
Auto-backup created (490157.5 hours since last)
Recorded devotional for statistics: devotional_2025_01_01, total: 1
Devotional read attempt: devotional_2025_01_02
Reading time: 60s, Scroll: 80.0%
Meets criteria: true
Recorded devotional for statistics: devotional_2025_01_02, total: 2
Devotional read attempt: devotional_2025_01_03
Reading time: 60s, Scroll: 80.0%
Meets criteria: true
Recorded devotional for statistics: devotional_2025_01_03, total: 3
::endgroup::
::group::‚úÖ test/devocional_reading_logic_test.dart: Devotional Reading Logic Tests Rapid tapping prevention works
Devotional read attempt: rapid_tap_test
Reading time: 60s, Scroll: 80.0%
Meets criteria: true
Achievement unlocked: achievements.first_read_title
Error creating auto-backup: MissingPluginException(No implementation found for method getApplicationDocumentsDirectory on channel plugins.flutter.io/path_provider)
Auto-backup created (490157.5 hours since last)
Recorded devotional for statistics: rapid_tap_test, total: 1
Devotional read attempt: rapid_tap_test
Reading time: 60s, Scroll: 80.0%
Meets criteria: true
Devotional rapid_tap_test already counted in statistics
Devotional read attempt: rapid_tap_test
Reading time: 60s, Scroll: 80.0%
Meets criteria: true
Devotional rapid_tap_test already counted in statistics
Devotional read attempt: rapid_tap_test
Reading time: 60s, Scroll: 80.0%
Meets criteria: true
Devotional rapid_tap_test already counted in statistics
::endgroup::
::group::‚úÖ test/devocional_reading_logic_test.dart: Devotional Reading Logic Tests Legitimate re-reading after time delay is not prevented
Devotional read attempt: time_test
Reading time: 60s, Scroll: 80.0%
Meets criteria: true
Achievement unlocked: achievements.first_read_title
Error creating auto-backup: MissingPluginException(No implementation found for method getApplicationDocumentsDirectory on channel plugins.flutter.io/path_provider)
Auto-backup created (490157.5 hours since last)
Recorded devotional for statistics: time_test, total: 1
::endgroup::
::group::‚úÖ test/devocional_reading_logic_test.dart: Devotional Reading Logic Tests Favorites count integration with devotional reading
Devotional read attempt: favorites_integration_test
Reading time: 60s, Scroll: 80.0%
Meets criteria: true
Achievement unlocked: achievements.first_read_title
Achievement unlocked: achievements.first_favorite_title
Error creating auto-backup: MissingPluginException(No implementation found for method getApplicationDocumentsDirectory on channel plugins.flutter.io/path_provider)
Auto-backup created (490157.5 hours since last)
Recorded devotional for statistics: favorites_integration_test, total: 1
::endgroup::
::group::‚úÖ test/devocional_reading_logic_test.dart: Devotional Reading Logic Tests Achievement unlocking during devotional reading
Devotional read attempt: achievement_test_1
Reading time: 60s, Scroll: 80.0%
Meets criteria: true
Achievement unlocked: achievements.first_read_title
Error creating auto-backup: MissingPluginException(No implementation found for method getApplicationDocumentsDirectory on channel plugins.flutter.io/path_provider)
Auto-backup created (490157.5 hours since last)
Recorded devotional for statistics: achievement_test_1, total: 1
::endgroup::
::group::‚úÖ test/devocional_reading_logic_test.dart: Devotional Reading Logic Tests Streak calculation across multiple days simulation
Devotional read attempt: day_1_devotional
Reading time: 60s, Scroll: 80.0%
Meets criteria: true
Achievement unlocked: achievements.first_read_title
Error creating auto-backup: MissingPluginException(No implementation found for method getApplicationDocumentsDirectory on channel plugins.flutter.io/path_provider)
Auto-backup created (490157.5 hours since last)
Recorded devotional for statistics: day_1_devotional, total: 1
Devotional read attempt: day_1_devotional_2
Reading time: 60s, Scroll: 80.0%
Meets criteria: true
Recorded devotional for statistics: day_1_devotional_2, total: 2
::endgroup::
::group::‚úÖ test/devocional_reading_logic_test.dart: Devotional Reading Logic Tests Service handles malformed data gracefully
Empty devotional ID provided, not recording
::endgroup::
::group::‚úÖ test/devocional_reading_logic_test.dart: Devotional Reading Logic Tests Multiple achievements unlock correctly
Devotional read attempt: devotional_1
Reading time: 60s, Scroll: 80.0%
Meets criteria: true
Achievement unlocked: achievements.first_read_title
Error creating auto-backup: MissingPluginException(No implementation found for method getApplicationDocumentsDirectory on channel plugins.flutter.io/path_provider)
Auto-backup created (490157.5 hours since last)
Recorded devotional for statistics: devotional_1, total: 1
Devotional read attempt: devotional_2
Reading time: 60s, Scroll: 80.0%
Meets criteria: true
Recorded devotional for statistics: devotional_2, total: 2
Devotional read attempt: devotional_3
Reading time: 60s, Scroll: 80.0%
Meets criteria: true
Recorded devotional for statistics: devotional_3, total: 3
Devotional read attempt: devotional_4
Reading time: 60s, Scroll: 80.0%
Meets criteria: true
Recorded devotional for statistics: devotional_4, total: 4
Devotional read attempt: devotional_5
Reading time: 60s, Scroll: 80.0%
Meets criteria: true
Recorded devotional for statistics: devotional_5, total: 5
Devotional read attempt: devotional_6
Reading time: 60s, Scroll: 80.0%
Meets criteria: true
Recorded devotional for statistics: devotional_6, total: 6
Devotional read attempt: devotional_7
Reading time: 60s, Scroll: 80.0%
Meets criteria: true
Achievement unlocked: achievements.week_reader_title
Recorded devotional for statistics: devotional_7, total: 7
::endgroup::
‚úÖ test/critical_coverage/notification_service_working_test.dart: NotificationService Critical Business Logic Tests should validate notification time format correctly
‚úÖ test/critical_coverage/notification_service_working_test.dart: NotificationService Critical Business Logic Tests should validate time range business logic
‚úÖ test/critical_coverage/notification_service_working_test.dart: NotificationService Critical Business Logic Tests should handle timezone validation correctly
‚úÖ test/critical_coverage/notification_service_working_test.dart: NotificationService Critical Business Logic Tests should validate background handler function exists
‚úÖ test/critical_coverage/notification_service_working_test.dart: NotificationService Critical Business Logic Tests should handle notification callback execution correctly
‚úÖ test/critical_coverage/notification_service_working_test.dart: NotificationService Critical Business Logic Tests should validate notification payload structure
‚úÖ test/critical_coverage/notification_service_working_test.dart: NotificationService Critical Business Logic Tests should validate FCM message data structures
‚úÖ test/critical_coverage/notification_service_working_test.dart: NotificationService Critical Business Logic Tests should validate permission states correctly
‚úÖ test/critical_coverage/notification_service_working_test.dart: NotificationService Critical Business Logic Tests should validate notification scheduling parameters
‚úÖ test/critical_coverage/notification_service_working_test.dart: NotificationService Critical Business Logic Tests should validate daily notification frequency logic
‚úÖ test/critical_coverage/notification_service_working_test.dart: NotificationService Critical Business Logic Tests should handle notification cancellation logic
‚úÖ test/critical_coverage/devocional_model_working_test.dart: DevocionalModel Critical Coverage Tests should serialize/deserialize JSON correctly
‚úÖ test/critical_coverage/devocional_model_working_test.dart: DevocionalModel Critical Coverage Tests should validate required fields properly
‚úÖ test/critical_coverage/devocional_model_working_test.dart: DevocionalModel Critical Coverage Tests should handle ParaMeditar component data
‚úÖ test/critical_coverage/devocional_model_working_test.dart: DevocionalModel Critical Coverage Tests should manage model equality and hashCode
‚úÖ test/critical_coverage/devocional_model_working_test.dart: DevocionalModel Critical Coverage Tests should handle optional fields correctly
‚úÖ test/critical_coverage/devocional_model_working_test.dart: DevocionalModel Critical Coverage Tests should handle malformed JSON gracefully
‚úÖ test/critical_coverage/prayer_bloc_working_test.dart: PrayerBloc Critical Coverage Tests should have correct initial state
‚úÖ test/critical_coverage/prayer_bloc_working_test.dart: PrayerBloc Critical Coverage Tests should emit loading then loaded when loading prayers from empty storage
‚úÖ test/critical_coverage/prayer_bloc_working_test.dart: PrayerBloc Critical Coverage Tests should handle prayer filtering correctly in state
‚úÖ test/critical_coverage/prayer_bloc_working_test.dart: PrayerBloc Critical Coverage Tests should validate prayer model creation
‚úÖ test/critical_coverage/prayer_bloc_working_test.dart: PrayerBloc Critical Coverage Tests should handle prayer status correctly
‚úÖ test/critical_coverage/prayer_bloc_working_test.dart: PrayerBloc Critical Coverage Tests should handle prayer copyWith functionality
‚úÖ test/critical_coverage/prayer_bloc_working_test.dart: PrayerBloc Critical Coverage Tests should handle prayer serialization
‚úÖ test/critical_coverage/prayer_bloc_working_test.dart: PrayerBloc Critical Coverage Tests should handle empty prayer list state correctly
‚úÖ test/critical_coverage/prayer_bloc_working_test.dart: PrayerBloc Critical Coverage Tests should handle prayer state counting correctly
::group::‚úÖ test/critical_coverage/devocional_provider_working_test.dart: DevocionalProvider Robust Tests initial state validation
üèóÔ∏è Provider: Constructor iniciado
AudioController: Initializing reactive proxy...
AudioController: Reactive proxy initialized
‚úÖ Provider: Constructor completado
Error loading from local storage: PathAccessException: Creation failed, path = '/mock_documents' (OS Error: Permission denied, errno = 13)
Loading from API for language: en, version: KJV
üîç Requesting URL: https://raw.githubusercontent.com/develop4God/Devocionales-json/refs/heads/main/Devocional_year_2025_en_KJV.json
Error en _fetchAllDevocionalesForLanguage: Exception: Failed to load from API: 400
üßπ Provider: Disposing...
AudioController: Disposing reactive proxy...
‚èπÔ∏è TTS: Stop requested (current state: TtsState.idle) at 2025-12-01 05:27:39.005668
AudioController: Reactive proxy disposed
‚úÖ Provider: Disposed
‚úÖ TTS: Stop completed at 2025-12-01 05:27:39.011305
üßπ TTS: Service disposed at 2025-12-01 05:27:39.012538
::endgroup::
::group::‚úÖ test/critical_coverage/devocional_provider_working_test.dart: DevocionalProvider Robust Tests supported languages and fallback behavior
üèóÔ∏è Provider: Constructor iniciado
AudioController: Initializing reactive proxy...
AudioController: Reactive proxy initialized
‚úÖ Provider: Constructor completado
Error loading from local storage: MissingPluginException(No implementation found for method getApplicationDocumentsDirectory on channel plugins.flutter.io/path_provider)
Loading from API for language: en, version: KJV
üîç Requesting URL: https://raw.githubusercontent.com/develop4God/Devocionales-json/refs/heads/main/Devocional_year_2025_en_KJV.json
Error en _fetchAllDevocionalesForLanguage: Exception: Failed to load from API: 400
[PROVIDER] setLanguageContext: idioma=es, version=RVR1960
üåê TTS: Language context set to es (RVR1960)
‚ö†Ô∏è TTS: Cannot update language - service not initialized
Language unsupported not available, using es
Error loading from local storage: MissingPluginException(No implementation found for method getApplicationDocumentsDirectory on channel plugins.flutter.io/path_provider)
Loading from API for language: es, version: RVR1960
üîç Requesting URL: https://raw.githubusercontent.com/develop4God/Devocionales-json/refs/heads/main/Devocional_year_2025.json
Error en _fetchAllDevocionalesForLanguage: Exception: Failed to load from API: 400
[PROVIDER] setLanguageContext: idioma=en, version=KJV
üåê TTS: Language context set to en (KJV)
‚ö†Ô∏è TTS: Cannot update language - service not initialized
Error loading from local storage: MissingPluginException(No implementation found for method getApplicationDocumentsDirectory on channel plugins.flutter.io/path_provider)
Loading from API for language: en, version: KJV
üîç Requesting URL: https://raw.githubusercontent.com/develop4God/Devocionales-json/refs/heads/main/Devocional_year_2025_en_KJV.json
Error en _fetchAllDevocionalesForLanguage: Exception: Failed to load from API: 400
üßπ Provider: Disposing...
AudioController: Disposing reactive proxy...
‚èπÔ∏è TTS: Stop requested (current state: TtsState.idle) at 2025-12-01 05:27:39.421741
AudioController: Reactive proxy disposed
‚úÖ Provider: Disposed
::endgroup::
‚ö†Ô∏è TTS: Stop error (continuing with reset): MissingPluginException(No implementation found for method stop on channel flutter_tts)
‚úÖ TTS: Stop completed at 2025-12-01 05:27:39.423899
üßπ TTS: Service disposed at 2025-12-01 05:27:39.424206
::group::‚úÖ test/critical_coverage/devocional_provider_working_test.dart: DevocionalProvider Robust Tests changing language updates data and version defaults
üèóÔ∏è Provider: Constructor iniciado
AudioController: Initializing reactive proxy...
AudioController: Reactive proxy initialized
‚úÖ Provider: Constructor completado
Error loading from local storage: MissingPluginException(No implementation found for method getApplicationDocumentsDirectory on channel plugins.flutter.io/path_provider)
Loading from API for language: en, version: KJV
üîç Requesting URL: https://raw.githubusercontent.com/develop4God/Devocionales-json/refs/heads/main/Devocional_year_2025_en_KJV.json
Error en _fetchAllDevocionalesForLanguage: Exception: Failed to load from API: 400
üßπ Provider: Disposing...
AudioController: Disposing reactive proxy...
‚èπÔ∏è TTS: Stop requested (current state: TtsState.idle) at 2025-12-01 05:27:39.430832
AudioController: Reactive proxy disposed
‚úÖ Provider: Disposed
::endgroup::
‚ö†Ô∏è TTS: Stop error (continuing with reset): MissingPluginException(No implementation found for method stop on channel flutter_tts)
‚úÖ TTS: Stop completed at 2025-12-01 05:27:39.432746
üßπ TTS: Service disposed at 2025-12-01 05:27:39.432996
::group::‚úÖ test/critical_coverage/devocional_provider_working_test.dart: DevocionalProvider Robust Tests changing version updates data
üèóÔ∏è Provider: Constructor iniciado
AudioController: Initializing reactive proxy...
AudioController: Reactive proxy initialized
‚úÖ Provider: Constructor completado
Error loading from local storage: MissingPluginException(No implementation found for method getApplicationDocumentsDirectory on channel plugins.flutter.io/path_provider)
Loading from API for language: en, version: KJV
üîç Requesting URL: https://raw.githubusercontent.com/develop4God/Devocionales-json/refs/heads/main/Devocional_year_2025_en_KJV.json
Error en _fetchAllDevocionalesForLanguage: Exception: Failed to load from API: 400
üåê TTS: Language context set to en (NVI)
‚ö†Ô∏è TTS: Cannot update language - service not initialized
Error loading from local storage: MissingPluginException(No implementation found for method getApplicationDocumentsDirectory on channel plugins.flutter.io/path_provider)
Loading from API for language: en, version: NVI
üîç Requesting URL: https://raw.githubusercontent.com/develop4God/Devocionales-json/refs/heads/main/Devocional_year_2025_en_NVI.json
Error en _fetchAllDevocionalesForLanguage: Exception: Failed to load from API: 400
üßπ Provider: Disposing...
AudioController: Disposing reactive proxy...
‚èπÔ∏è TTS: Stop requested (current state: TtsState.idle) at 2025-12-01 05:27:39.539708
AudioController: Reactive proxy disposed
‚úÖ Provider: Disposed
::endgroup::
‚ö†Ô∏è TTS: Stop error (continuing with reset): MissingPluginException(No implementation found for method stop on channel flutter_tts)
‚úÖ TTS: Stop completed at 2025-12-01 05:27:39.541410
üßπ TTS: Service disposed at 2025-12-01 05:27:39.541694
‚úÖ test/critical_coverage/spiritual_stats_service_working_test.dart: SpiritualStatsService Working Tests should create service instance correctly
‚úÖ test/critical_coverage/spiritual_stats_service_working_test.dart: SpiritualStatsService Working Tests should initialize stats with default values
::group::‚úÖ test/critical_coverage/spiritual_stats_service_working_test.dart: SpiritualStatsService Working Tests should record devotional read with proper API
Devotional read attempt: test_devotional_001
Reading time: 60s, Scroll: 8000.0%
Meets criteria: true
Achievement unlocked: achievements.first_read_title
Error creating auto-backup: PathNotFoundException: Cannot open file, path = '/mock_documents/spiritual_stats_auto_1764566859642.json' (OS Error: No such file or directory, errno = 2)
Auto-backup created (490157.5 hours since last)
Recorded devotional for statistics: test_devotional_001, total: 1
::endgroup::
::group::‚úÖ test/critical_coverage/spiritual_stats_service_working_test.dart: SpiritualStatsService Working Tests should handle duplicate devotional reads correctly
Devotional read attempt: duplicate_test
Reading time: 60s, Scroll: 8000.0%
Meets criteria: true
Achievement unlocked: achievements.first_read_title
Error creating auto-backup: PathNotFoundException: Cannot open file, path = '/mock_documents/spiritual_stats_auto_1764566859667.json' (OS Error: No such file or directory, errno = 2)
Auto-backup created (490157.5 hours since last)
Recorded devotional for statistics: duplicate_test, total: 1
Devotional read attempt: duplicate_test
Reading time: 60s, Scroll: 8000.0%
Meets criteria: true
Devotional duplicate_test already counted in statistics
::endgroup::
::group::‚úÖ test/critical_coverage/spiritual_stats_service_working_test.dart: SpiritualStatsService Working Tests should validate reading criteria - minimum 30s and 70% scroll
Devotional read attempt: criteria_test_short_time
Reading time: 25s, Scroll: 8000.0%
Meets criteria: false
Devotional read but not counting for statistics (criteria not met)
Devotional read attempt: criteria_test_low_scroll
Reading time: 60s, Scroll: 6500.0%
Meets criteria: true
Achievement unlocked: achievements.first_read_title
Error creating auto-backup: PathNotFoundException: Cannot open file, path = '/mock_documents/spiritual_stats_auto_1764566859680.json' (OS Error: No such file or directory, errno = 2)
Auto-backup created (490157.5 hours since last)
Recorded devotional for statistics: criteria_test_low_scroll, total: 1
Devotional read attempt: criteria_test_valid
Reading time: 60s, Scroll: 8000.0%
Meets criteria: true
Recorded devotional for statistics: criteria_test_valid, total: 2
::endgroup::
::group::‚úÖ test/critical_coverage/spiritual_stats_service_working_test.dart: SpiritualStatsService Working Tests should handle edge cases for reading thresholds
Devotional read attempt: edge_cases_exact_30s
Reading time: 30s, Scroll: 7000.0%
Meets criteria: false
Devotional read but not counting for statistics (criteria not met)
Devotional read attempt: edge_cases_just_above
Reading time: 31s, Scroll: 7010.0%
Meets criteria: false
Devotional read but not counting for statistics (criteria not met)
Devotional read attempt: edge_cases_just_below
Reading time: 29s, Scroll: 6990.0%
Meets criteria: false
Devotional read but not counting for statistics (criteria not met)
::endgroup::
::group::‚úÖ test/critical_coverage/spiritual_stats_service_working_test.dart: SpiritualStatsService Working Tests should handle consecutive daily readings for streak calculation
Devotional read attempt: streak_day_1
Reading time: 60s, Scroll: 8000.0%
Meets criteria: true
Achievement unlocked: achievements.first_read_title
Error creating auto-backup: PathNotFoundException: Cannot open file, path = '/mock_documents/spiritual_stats_auto_1764566859696.json' (OS Error: No such file or directory, errno = 2)
Auto-backup created (490157.5 hours since last)
Recorded devotional for statistics: streak_day_1, total: 1
Devotional read attempt: streak_day_2
Reading time: 60s, Scroll: 8000.0%
Meets criteria: true
Recorded devotional for statistics: streak_day_2, total: 2
::endgroup::
::group::‚úÖ test/critical_coverage/spiritual_stats_service_working_test.dart: SpiritualStatsService Working Tests should handle concurrent reading operations correctly
Devotional read attempt: concurrent_test_1
Reading time: 60s, Scroll: 8000.0%
Meets criteria: true
Devotional read attempt: concurrent_test_2
Reading time: 60s, Scroll: 8000.0%
Meets criteria: true
Devotional read attempt: concurrent_test_3
Reading time: 60s, Scroll: 8000.0%
Meets criteria: true
Devotional read attempt: concurrent_test_4
Reading time: 60s, Scroll: 8000.0%
Meets criteria: true
Devotional read attempt: concurrent_test_0
Reading time: 60s, Scroll: 8000.0%
Meets criteria: true
Achievement unlocked: achievements.first_read_title
Achievement unlocked: achievements.first_read_title
Achievement unlocked: achievements.first_read_title
Achievement unlocked: achievements.first_read_title
Achievement unlocked: achievements.first_read_title
Error creating auto-backup: PathNotFoundException: Cannot open file, path = '/mock_documents/spiritual_stats_auto_1764566859710.json' (OS Error: No such file or directory, errno = 2)
Auto-backup created (490157.5 hours since last)
Recorded devotional for statistics: concurrent_test_1, total: 1
Error creating auto-backup: PathNotFoundException: Cannot open file, path = '/mock_documents/spiritual_stats_auto_1764566859710.json' (OS Error: No such file or directory, errno = 2)
Auto-backup created (490157.5 hours since last)
Recorded devotional for statistics: concurrent_test_2, total: 1
Error creating auto-backup: PathNotFoundException: Cannot open file, path = '/mock_documents/spiritual_stats_auto_1764566859710.json' (OS Error: No such file or directory, errno = 2)
Auto-backup created (490157.5 hours since last)
Recorded devotional for statistics: concurrent_test_3, total: 1
Error creating auto-backup: PathNotFoundException: Cannot open file, path = '/mock_documents/spiritual_stats_auto_1764566859711.json' (OS Error: No such file or directory, errno = 2)
Auto-backup created (490157.5 hours since last)
Recorded devotional for statistics: concurrent_test_4, total: 1
Error creating auto-backup: PathNotFoundException: Cannot open file, path = '/mock_documents/spiritual_stats_auto_1764566859711.json' (OS Error: No such file or directory, errno = 2)
Auto-backup created (490157.5 hours since last)
Recorded devotional for statistics: concurrent_test_0, total: 1
::endgroup::
::group::‚úÖ test/critical_coverage/spiritual_stats_service_working_test.dart: SpiritualStatsService Working Tests should handle backup information retrieval
Error getting backup info: PathNotFoundException: Directory listing failed, path = '/mock_documents/' (OS Error: No such file or directory, errno = 2)
::endgroup::
‚úÖ test/critical_coverage/spiritual_stats_service_working_test.dart: SpiritualStatsService Working Tests should validate reading threshold business rules
::group::‚úÖ test/critical_coverage/spiritual_stats_service_working_test.dart: SpiritualStatsService Working Tests should handle favorites count tracking
Devotional read attempt: favorites_test
Reading time: 60s, Scroll: 8000.0%
Meets criteria: true
Achievement unlocked: achievements.first_read_title
Achievement unlocked: achievements.first_favorite_title
Error creating auto-backup: PathNotFoundException: Cannot open file, path = '/mock_documents/spiritual_stats_auto_1764566859736.json' (OS Error: No such file or directory, errno = 2)
Auto-backup created (490157.5 hours since last)
Recorded devotional for statistics: favorites_test, total: 1
::endgroup::
::group::‚úÖ test/critical_coverage/spiritual_stats_service_working_test.dart: SpiritualStatsService Working Tests should handle auto backup settings
Error creating auto-backup: PathNotFoundException: Cannot open file, path = '/mock_documents/spiritual_stats_auto_1764566859742.json' (OS Error: No such file or directory, errno = 2)
Auto-backup enabled
Auto-backup disabled
::endgroup::
::group::‚úÖ test/critical_coverage/spiritual_stats_service_working_test.dart: SpiritualStatsService Working Tests should handle JSON backup settings
Error creating manual JSON backup: PathNotFoundException: Cannot open file, path = '/mock_documents/spiritual_stats_backup.json' (OS Error: No such file or directory, errno = 2)
::endgroup::
::group::‚úÖ test/critical_coverage/spiritual_stats_service_working_test.dart: SpiritualStatsService Working Tests should record daily app visits correctly
Error creating auto-backup: PathNotFoundException: Cannot open file, path = '/mock_documents/spiritual_stats_auto_1764566859752.json' (OS Error: No such file or directory, errno = 2)
Auto-backup created (490157.5 hours since last)
Nueva visita diaria registrada. Racha: 1
::endgroup::
::group::‚úÖ test/critical_coverage/spiritual_stats_service_working_test.dart: SpiritualStatsService Working Tests should save and load stats properly
Error creating auto-backup: PathNotFoundException: Cannot open file, path = '/mock_documents/spiritual_stats_auto_1764566859765.json' (OS Error: No such file or directory, errno = 2)
Auto-backup created (490157.5 hours since last)
::endgroup::
::group::‚úÖ test/critical_coverage/spiritual_stats_service_working_test.dart: SpiritualStatsService Working Tests should persist data across service instances
Devotional read attempt: persistence_test
Reading time: 60s, Scroll: 8000.0%
Meets criteria: true
Achievement unlocked: achievements.first_read_title
Error creating auto-backup: PathNotFoundException: Cannot open file, path = '/mock_documents/spiritual_stats_auto_1764566859774.json' (OS Error: No such file or directory, errno = 2)
Auto-backup created (490157.5 hours since last)
Recorded devotional for statistics: persistence_test, total: 1
::endgroup::
::group::‚úÖ test/critical_coverage/spiritual_stats_service_working_test.dart: SpiritualStatsService Working Tests should handle reading time and scroll tracking
Devotional read attempt: tracking_test
Reading time: 120s, Scroll: 9550.0%
Meets criteria: true
Achievement unlocked: achievements.first_read_title
Error creating auto-backup: PathNotFoundException: Cannot open file, path = '/mock_documents/spiritual_stats_auto_1764566859780.json' (OS Error: No such file or directory, errno = 2)
Auto-backup created (490157.5 hours since last)
Recorded devotional for statistics: tracking_test, total: 1
::endgroup::
::group::‚úÖ test/critical_coverage/spiritual_stats_service_working_test.dart: SpiritualStatsService Working Tests should handle multiple devotional readings
Devotional read attempt: multi_test_0
Reading time: 60s, Scroll: 8000.0%
Meets criteria: true
Achievement unlocked: achievements.first_read_title
Error creating auto-backup: PathNotFoundException: Cannot open file, path = '/mock_documents/spiritual_stats_auto_1764566859786.json' (OS Error: No such file or directory, errno = 2)
Auto-backup created (490157.5 hours since last)
Recorded devotional for statistics: multi_test_0, total: 1
Devotional read attempt: multi_test_1
Reading time: 70s, Scroll: 8100.0%
Meets criteria: true
Recorded devotional for statistics: multi_test_1, total: 2
Devotional read attempt: multi_test_2
Reading time: 80s, Scroll: 8200.0%
Meets criteria: true
Recorded devotional for statistics: multi_test_2, total: 3
Devotional read attempt: multi_test_3
Reading time: 90s, Scroll: 8300.0%
Meets criteria: true
Recorded devotional for statistics: multi_test_3, total: 4
Devotional read attempt: multi_test_4
Reading time: 100s, Scroll: 8400.0%
Meets criteria: true
Recorded devotional for statistics: multi_test_4, total: 5
::endgroup::
::group::‚úÖ test/critical_coverage/devocional_provider_working_test.dart: DevocionalProvider Robust Tests favorite management works correctly
üèóÔ∏è Provider: Constructor iniciado
AudioController: Initializing reactive proxy...
AudioController: Reactive proxy initialized
‚úÖ Provider: Constructor completado
Error loading from local storage: MissingPluginException(No implementation found for method getApplicationDocumentsDirectory on channel plugins.flutter.io/path_provider)
Loading from API for language: en, version: KJV
üîç Requesting URL: https://raw.githubusercontent.com/develop4God/Devocionales-json/refs/heads/main/Devocional_year_2025_en_KJV.json
Error en _fetchAllDevocionalesForLanguage: Exception: Failed to load from API: 400
Achievement unlocked: achievements.first_favorite_title
üßπ Provider: Disposing...
AudioController: Disposing reactive proxy...
‚èπÔ∏è TTS: Stop requested (current state: TtsState.idle) at 2025-12-01 05:27:40.202165
AudioController: Reactive proxy disposed
‚úÖ Provider: Disposed
::endgroup::
‚ö†Ô∏è TTS: Stop error (continuing with reset): MissingPluginException(No implementation found for method stop on channel flutter_tts)
‚úÖ TTS: Stop completed at 2025-12-01 05:27:40.216325
üßπ TTS: Service disposed at 2025-12-01 05:27:40.216666
::group::‚úÖ test/critical_coverage/devocional_provider_working_test.dart: DevocionalProvider Robust Tests audio methods delegate without error
üèóÔ∏è Provider: Constructor iniciado
AudioController: Initializing reactive proxy...
AudioController: Reactive proxy initialized
‚úÖ Provider: Constructor completado
Error loading from local storage: MissingPluginException(No implementation found for method getApplicationDocumentsDirectory on channel plugins.flutter.io/path_provider)
Loading from API for language: en, version: KJV
üîç Requesting URL: https://raw.githubusercontent.com/develop4God/Devocionales-json/refs/heads/main/Devocional_year_2025_en_KJV.json
Error en _fetchAllDevocionalesForLanguage: Exception: Failed to load from API: 400
üéµ Provider: playDevotional llamado para audio_test
üåê TTS: Language context set to en (KJV)
‚ö†Ô∏è TTS: Cannot update language - service not initialized
üéµ AudioController: playDevotional(audio_test) called
üéµ Current state before play: currentId=null, state=TtsState.idle, isActive=false
AudioController: Starting operation: playDevotional
üé§ TTS: Starting devotional audio_test at 2025-12-01 05:27:40.221664
üîß TTS: Initializing service...
üîß TTS: Loading config - Language: en-US, Rate: 0.5
‚ùå TTS: Initialization failed: MissingPluginException(No implementation found for method setLanguage on channel flutter_tts)
‚ùå TTS: speakDevotional failed: MissingPluginException(No implementation found for method setLanguage on channel flutter_tts) at 2025-12-01 05:27:40.224404
AudioController: Error playing devotional: MissingPluginException(No implementation found for method setLanguage on channel flutter_tts)
AudioController: Resetting operationInProgress
AudioController: Cannot pause - not playing (state: TtsState.idle)
AudioController: Cannot resume - not paused (state: TtsState.idle)
AudioController: Stop requested (state: TtsState.idle)
AudioController: Applying IMMEDIATE stop...
AudioController: Immediate stop applied - calling service async
‚èπÔ∏è TTS: Stop requested (current state: TtsState.error) at 2025-12-01 05:27:40.229252
AudioController: Immediate stop completed
AudioController: Toggle for audio_test (current: null, state: TtsState.idle)
AudioController: Different devotional or idle state - starting new
üéµ AudioController: playDevotional(audio_test) called
üéµ Current state before play: currentId=null, state=TtsState.idle, isActive=false
AudioController: Starting operation: playDevotional
üé§ TTS: Starting devotional audio_test at 2025-12-01 05:27:40.231810
üîß TTS: Initializing service...
üîß TTS: Loading config - Language: en-US, Rate: 0.5
‚ö†Ô∏è TTS: Stop error (continuing with reset): MissingPluginException(No implementation found for method stop on channel flutter_tts)
‚úÖ TTS: Stop completed at 2025-12-01 05:27:40.233248
AudioController: Service stop completed asynchronously
‚ùå TTS: Initialization failed: MissingPluginException(No implementation found for method setLanguage on channel flutter_tts)
‚ùå TTS: speakDevotional failed: MissingPluginException(No implementation found for method setLanguage on channel flutter_tts) at 2025-12-01 05:27:40.234132
AudioController: Error playing devotional: MissingPluginException(No implementation found for method setLanguage on channel flutter_tts)
AudioController: Resetting operationInProgress
üîß TTS: Initializing service...
üîß TTS: Loading config - Language: en-US, Rate: 0.5
‚ùå TTS: Initialization failed: MissingPluginException(No implementation found for method setLanguage on channel flutter_tts)
AudioController: Error getting languages: MissingPluginException(No implementation found for method setLanguage on channel flutter_tts)
‚ùå VoiceSettings: Failed to get available voices: MissingPluginException(No implementation found for method getVoices on channel flutter_tts)
‚ùå VoiceSettings: Failed to get voices for es: MissingPluginException(No implementation found for method getVoices on channel flutter_tts)
üîß TTS: Initializing service...
üîß TTS: Loading config - Language: en-US, Rate: 0.5
‚ùå TTS: Initialization failed: MissingPluginException(No implementation found for method setLanguage on channel flutter_tts)
AudioController: Error setting language: MissingPluginException(No implementation found for method setLanguage on channel flutter_tts)
üîß TTS: Initializing service...
üîß TTS: Loading config - Language: en-US, Rate: 0.5
‚ùå TTS: Initialization failed: MissingPluginException(No implementation found for method setLanguage on channel flutter_tts)
AudioController: Error setting voice: MissingPluginException(No implementation found for method setLanguage on channel flutter_tts)
üîß TTS: Initializing service...
üîß TTS: Loading config - Language: en-US, Rate: 0.5
‚ùå TTS: Initialization failed: MissingPluginException(No implementation found for method setLanguage on channel flutter_tts)
AudioController: Error setting speech rate: MissingPluginException(No implementation found for method setLanguage on channel flutter_tts)
üßπ Provider: Disposing...
AudioController: Disposing reactive proxy...
‚èπÔ∏è TTS: Stop requested (current state: TtsState.error) at 2025-12-01 05:27:40.249452
AudioController: Reactive proxy disposed
‚úÖ Provider: Disposed
::endgroup::
‚ö†Ô∏è TTS: Stop error (continuing with reset): MissingPluginException(No implementation found for method stop on channel flutter_tts)
‚úÖ TTS: Stop completed at 2025-12-01 05:27:40.251106
üßπ TTS: Service disposed at 2025-12-01 05:27:40.251355
::group::‚úÖ test/critical_coverage/devocional_provider_working_test.dart: DevocionalProvider Robust Tests reading tracking and recording works correctly
üèóÔ∏è Provider: Constructor iniciado
AudioController: Initializing reactive proxy...
AudioController: Reactive proxy initialized
‚úÖ Provider: Constructor completado
Error loading from local storage: MissingPluginException(No implementation found for method getApplicationDocumentsDirectory on channel plugins.flutter.io/path_provider)
Loading from API for language: en, version: KJV
üîç Requesting URL: https://raw.githubusercontent.com/develop4God/Devocionales-json/refs/heads/main/Devocional_year_2025_en_KJV.json
Error en _fetchAllDevocionalesForLanguage: Exception: Failed to load from API: 400
[TRACKER] pause() - acumulado: 0 segundos, session: 0, startTime: 2025-12-01 05:27:40.256791, pausedTime: 2025-12-01 05:27:40.257277
[TRACKER] resume() - acumulado antes de reanudar: 0 segundos, pausedTime: 2025-12-01 05:27:40.257277
Devotional read attempt: track_id
Reading time: 0s, Scroll: 0.0%
Meets criteria: false
Devotional read but not counting for statistics (criteria not met)
Error creating auto-backup: MissingPluginException(No implementation found for method getApplicationDocumentsDirectory on channel plugins.flutter.io/path_provider)
Auto-backup created (490157.5 hours since last)
‚úÖ Recorded devotional read: track_id
üßπ Provider: Disposing...
AudioController: Disposing reactive proxy...
‚èπÔ∏è TTS: Stop requested (current state: TtsState.idle) at 2025-12-01 05:27:40.262948
AudioController: Reactive proxy disposed
‚úÖ Provider: Disposed
::endgroup::
‚ö†Ô∏è TTS: Stop error (continuing with reset): MissingPluginException(No implementation found for method stop on channel flutter_tts)
‚úÖ TTS: Stop completed at 2025-12-01 05:27:40.264488
üßπ TTS: Service disposed at 2025-12-01 05:27:40.264768
::group::‚úÖ test/critical_coverage/devocional_provider_working_test.dart: DevocionalProvider Robust Tests offline download and storage lifecycle
üèóÔ∏è Provider: Constructor iniciado
AudioController: Initializing reactive proxy...
AudioController: Reactive proxy initialized
‚úÖ Provider: Constructor completado
Error loading from local storage: MissingPluginException(No implementation found for method getApplicationDocumentsDirectory on channel plugins.flutter.io/path_provider)
Loading from API for language: en, version: KJV
üîç Requesting URL: https://raw.githubusercontent.com/develop4God/Devocionales-json/refs/heads/main/Devocional_year_2025_en_KJV.json
Error en _fetchAllDevocionalesForLanguage: Exception: Failed to load from API: 400
üîç Requesting URL: https://raw.githubusercontent.com/develop4God/Devocionales-json/refs/heads/main/Devocional_year_2025_en_KJV.json
üîç Language: en, Version: KJV
‚ùå HTTP Error 400: 
‚ùå Error in downloadAndStoreDevocionales: Exception: HTTP Error 400: 
üîÑ Trying version fallback for en KJV
üîÑ Available versions for en: [KJV, NIV]
üîÑ Versions to try in order: [NIV]
üîÑ Trying fallback version: NIV
üîç Requesting URL: https://raw.githubusercontent.com/develop4God/Devocionales-json/refs/heads/main/Devocional_year_2025_en_NIV.json
üîç Language: en, Version: NIV
‚ùå HTTP Error 400: 
‚ùå Error in downloadAndStoreDevocionales: Exception: HTTP Error 400: 
‚ùå All version fallbacks failed for en
Error checking local file: MissingPluginException(No implementation found for method getApplicationDocumentsDirectory on channel plugins.flutter.io/path_provider)
üîç Requesting URL: https://raw.githubusercontent.com/develop4God/Devocionales-json/refs/heads/main/Devocional_year_2025_en_KJV.json
üîç Language: en, Version: KJV
‚ùå HTTP Error 400: 
‚ùå Error in downloadAndStoreDevocionales: Exception: HTTP Error 400: 
Error deleting local files: MissingPluginException(No implementation found for method getApplicationDocumentsDirectory on channel plugins.flutter.io/path_provider)
Error checking local file: MissingPluginException(No implementation found for method getApplicationDocumentsDirectory on channel plugins.flutter.io/path_provider)
üßπ Provider: Disposing...
AudioController: Disposing reactive proxy...
‚èπÔ∏è TTS: Stop requested (current state: TtsState.idle) at 2025-12-01 05:27:40.283170
AudioController: Reactive proxy disposed
‚úÖ Provider: Disposed
::endgroup::
‚ö†Ô∏è TTS: Stop error (continuing with reset): MissingPluginException(No implementation found for method stop on channel flutter_tts)
‚úÖ TTS: Stop completed at 2025-12-01 05:27:40.288242
üßπ TTS: Service disposed at 2025-12-01 05:27:40.288485
::group::‚úÖ test/critical_coverage/devocional_provider_working_test.dart: DevocionalProvider Robust Tests error handling in loading data
üèóÔ∏è Provider: Constructor iniciado
AudioController: Initializing reactive proxy...
AudioController: Reactive proxy initialized
‚úÖ Provider: Constructor completado
Error loading from local storage: MissingPluginException(No implementation found for method getApplicationDocumentsDirectory on channel plugins.flutter.io/path_provider)
Loading from API for language: en, version: KJV
üîç Requesting URL: https://raw.githubusercontent.com/develop4God/Devocionales-json/refs/heads/main/Devocional_year_2025_en_KJV.json
Error en _fetchAllDevocionalesForLanguage: Exception: Failed to load from API: 400
üèóÔ∏è Provider: Constructor iniciado
AudioController: Initializing reactive proxy...
AudioController: Reactive proxy initialized
‚úÖ Provider: Constructor completado
Error loading from local storage: MissingPluginException(No implementation found for method getApplicationDocumentsDirectory on channel plugins.flutter.io/path_provider)
Loading from API for language: es, version: bad_version
üîç Requesting URL: https://raw.githubusercontent.com/develop4God/Devocionales-json/refs/heads/main/Devocional_year_2025_es_bad_version.json
Error en _fetchAllDevocionalesForLanguage: Exception: Failed to load from API: 400
üßπ Provider: Disposing...
AudioController: Disposing reactive proxy...
‚èπÔ∏è TTS: Stop requested (current state: TtsState.idle) at 2025-12-01 05:27:40.300289
AudioController: Reactive proxy disposed
‚úÖ Provider: Disposed
::endgroup::
‚ö†Ô∏è TTS: Stop error (continuing with reset): MissingPluginException(No implementation found for method stop on channel flutter_tts)
‚úÖ TTS: Stop completed at 2025-12-01 05:27:40.301775
üßπ TTS: Service disposed at 2025-12-01 05:27:40.302500
::group::‚úÖ test/critical_coverage/devocional_provider_working_test.dart: DevocionalProvider Robust Tests invitation dialog preference management
üèóÔ∏è Provider: Constructor iniciado
AudioController: Initializing reactive proxy...
AudioController: Reactive proxy initialized
‚úÖ Provider: Constructor completado
Error loading from local storage: MissingPluginException(No implementation found for method getApplicationDocumentsDirectory on channel plugins.flutter.io/path_provider)
Loading from API for language: en, version: KJV
üîç Requesting URL: https://raw.githubusercontent.com/develop4God/Devocionales-json/refs/heads/main/Devocional_year_2025_en_KJV.json
Error en _fetchAllDevocionalesForLanguage: Exception: Failed to load from API: 400
üßπ Provider: Disposing...
AudioController: Disposing reactive proxy...
‚èπÔ∏è TTS: Stop requested (current state: TtsState.idle) at 2025-12-01 05:27:40.321090
AudioController: Reactive proxy disposed
‚úÖ Provider: Disposed
::endgroup::
‚ö†Ô∏è TTS: Stop error (continuing with reset): MissingPluginException(No implementation found for method stop on channel flutter_tts)
‚úÖ TTS: Stop completed at 2025-12-01 05:27:40.323189
üßπ TTS: Service disposed at 2025-12-01 05:27:40.323430
::group::‚úÖ test/critical_coverage/devocional_provider_working_test.dart: DevocionalProvider Robust Tests utility methods behave correctly
üèóÔ∏è Provider: Constructor iniciado
AudioController: Initializing reactive proxy...
AudioController: Reactive proxy initialized
‚úÖ Provider: Constructor completado
Error loading from local storage: MissingPluginException(No implementation found for method getApplicationDocumentsDirectory on channel plugins.flutter.io/path_provider)
Loading from API for language: en, version: KJV
üîç Requesting URL: https://raw.githubusercontent.com/develop4God/Devocionales-json/refs/heads/main/Devocional_year_2025_en_KJV.json
Error en _fetchAllDevocionalesForLanguage: Exception: Failed to load from API: 400
üîç Requesting URL: https://raw.githubusercontent.com/develop4God/Devocionales-json/refs/heads/main/Devocional_year_2025_en_KJV.json
üîç Language: en, Version: KJV
‚ùå HTTP Error 400: 
‚ùå Error in downloadAndStoreDevocionales: Exception: HTTP Error 400: 
üîç Requesting URL: https://raw.githubusercontent.com/develop4God/Devocionales-json/refs/heads/main/Devocional_year_2026_en_KJV.json
üîç Language: en, Version: KJV
‚ùå HTTP Error 400: 
‚ùå Error in downloadAndStoreDevocionales: Exception: HTTP Error 400: 
üßπ Provider: Disposing...
AudioController: Disposing reactive proxy...
‚èπÔ∏è TTS: Stop requested (current state: TtsState.idle) at 2025-12-01 05:27:40.330806
AudioController: Reactive proxy disposed
‚úÖ Provider: Disposed
::endgroup::
‚ö†Ô∏è TTS: Stop error (continuing with reset): MissingPluginException(No implementation found for method stop on channel flutter_tts)
‚úÖ TTS: Stop completed at 2025-12-01 05:27:40.332578
üßπ TTS: Service disposed at 2025-12-01 05:27:40.332934
‚úÖ test/critical_coverage/thanksgiving_bloc_working_test.dart: ThanksgivingBloc Tests initial state should be ThanksgivingInitial
‚úÖ test/critical_coverage/thanksgiving_bloc_working_test.dart: ThanksgivingBloc Tests should load empty list when no thanksgivings exist
::group::‚úÖ test/critical_coverage/thanksgiving_bloc_working_test.dart: ThanksgivingBloc Tests should add a new thanksgiving
Error backing up thanksgivings to file: Binding has not yet been initialized.
The "instance" getter on the ServicesBinding binding mixin is only available once that binding has been initialized.
Typically, this is done by calling "WidgetsFlutterBinding.ensureInitialized()" or "runApp()" (the latter calls the former). Typically this call is done in the "void main()" method. The "ensureInitialized" method is idempotent; calling it multiple times is not harmful. After calling that method, the "instance" getter will return the binding.
In a test, one can call "TestWidgetsFlutterBinding.ensureInitialized()" as the first line in the test's "main()" method to initialize the binding.
If ServicesBinding is a custom binding mixin, there must also be a custom binding class, like WidgetsFlutterBinding, but that mixes in the selected binding, and that is the class that must be constructed before using the "instance" getter.
::endgroup::
‚úÖ test/critical_coverage/thanksgiving_bloc_working_test.dart: ThanksgivingBloc Tests should not add thanksgiving with empty text
::group::‚úÖ test/critical_coverage/thanksgiving_bloc_working_test.dart: ThanksgivingBloc Tests should edit an existing thanksgiving
Error backing up thanksgivings to file: Binding has not yet been initialized.
The "instance" getter on the ServicesBinding binding mixin is only available once that binding has been initialized.
Typically, this is done by calling "WidgetsFlutterBinding.ensureInitialized()" or "runApp()" (the latter calls the former). Typically this call is done in the "void main()" method. The "ensureInitialized" method is idempotent; calling it multiple times is not harmful. After calling that method, the "instance" getter will return the binding.
In a test, one can call "TestWidgetsFlutterBinding.ensureInitialized()" as the first line in the test's "main()" method to initialize the binding.
If ServicesBinding is a custom binding mixin, there must also be a custom binding class, like WidgetsFlutterBinding, but that mixes in the selected binding, and that is the class that must be constructed before using the "instance" getter.
Error backing up thanksgivings to file: Binding has not yet been initialized.
The "instance" getter on the ServicesBinding binding mixin is only available once that binding has been initialized.
Typically, this is done by calling "WidgetsFlutterBinding.ensureInitialized()" or "runApp()" (the latter calls the former). Typically this call is done in the "void main()" method. The "ensureInitialized" method is idempotent; calling it multiple times is not harmful. After calling that method, the "instance" getter will return the binding.
In a test, one can call "TestWidgetsFlutterBinding.ensureInitialized()" as the first line in the test's "main()" method to initialize the binding.
If ServicesBinding is a custom binding mixin, there must also be a custom binding class, like WidgetsFlutterBinding, but that mixes in the selected binding, and that is the class that must be constructed before using the "instance" getter.
::endgroup::
::group::‚úÖ test/critical_coverage/thanksgiving_bloc_working_test.dart: ThanksgivingBloc Tests should delete a thanksgiving
Error backing up thanksgivings to file: Binding has not yet been initialized.
The "instance" getter on the ServicesBinding binding mixin is only available once that binding has been initialized.
Typically, this is done by calling "WidgetsFlutterBinding.ensureInitialized()" or "runApp()" (the latter calls the former). Typically this call is done in the "void main()" method. The "ensureInitialized" method is idempotent; calling it multiple times is not harmful. After calling that method, the "instance" getter will return the binding.
In a test, one can call "TestWidgetsFlutterBinding.ensureInitialized()" as the first line in the test's "main()" method to initialize the binding.
If ServicesBinding is a custom binding mixin, there must also be a custom binding class, like WidgetsFlutterBinding, but that mixes in the selected binding, and that is the class that must be constructed before using the "instance" getter.
Error backing up thanksgivings to file: Binding has not yet been initialized.
The "instance" getter on the ServicesBinding binding mixin is only available once that binding has been initialized.
Typically, this is done by calling "WidgetsFlutterBinding.ensureInitialized()" or "runApp()" (the latter calls the former). Typically this call is done in the "void main()" method. The "ensureInitialized" method is idempotent; calling it multiple times is not harmful. After calling that method, the "instance" getter will return the binding.
In a test, one can call "TestWidgetsFlutterBinding.ensureInitialized()" as the first line in the test's "main()" method to initialize the binding.
If ServicesBinding is a custom binding mixin, there must also be a custom binding class, like WidgetsFlutterBinding, but that mixes in the selected binding, and that is the class that must be constructed before using the "instance" getter.
::endgroup::
::group::‚úÖ test/critical_coverage/thanksgiving_bloc_working_test.dart: ThanksgivingBloc Tests should refresh thanksgivings
Error backing up thanksgivings to file: Binding has not yet been initialized.
The "instance" getter on the ServicesBinding binding mixin is only available once that binding has been initialized.
Typically, this is done by calling "WidgetsFlutterBinding.ensureInitialized()" or "runApp()" (the latter calls the former). Typically this call is done in the "void main()" method. The "ensureInitialized" method is idempotent; calling it multiple times is not harmful. After calling that method, the "instance" getter will return the binding.
In a test, one can call "TestWidgetsFlutterBinding.ensureInitialized()" as the first line in the test's "main()" method to initialize the binding.
If ServicesBinding is a custom binding mixin, there must also be a custom binding class, like WidgetsFlutterBinding, but that mixes in the selected binding, and that is the class that must be constructed before using the "instance" getter.
::endgroup::
‚úÖ test/critical_coverage/thanksgiving_bloc_working_test.dart: ThanksgivingBloc Tests should clear error message
::group::‚úÖ test/critical_coverage/thanksgiving_bloc_working_test.dart: ThanksgivingBloc Tests should sort thanksgivings by creation date (newest first)
Error backing up thanksgivings to file: Binding has not yet been initialized.
The "instance" getter on the ServicesBinding binding mixin is only available once that binding has been initialized.
Typically, this is done by calling "WidgetsFlutterBinding.ensureInitialized()" or "runApp()" (the latter calls the former). Typically this call is done in the "void main()" method. The "ensureInitialized" method is idempotent; calling it multiple times is not harmful. After calling that method, the "instance" getter will return the binding.
In a test, one can call "TestWidgetsFlutterBinding.ensureInitialized()" as the first line in the test's "main()" method to initialize the binding.
If ServicesBinding is a custom binding mixin, there must also be a custom binding class, like WidgetsFlutterBinding, but that mixes in the selected binding, and that is the class that must be constructed before using the "instance" getter.
Error backing up thanksgivings to file: Binding has not yet been initialized.
The "instance" getter on the ServicesBinding binding mixin is only available once that binding has been initialized.
Typically, this is done by calling "WidgetsFlutterBinding.ensureInitialized()" or "runApp()" (the latter calls the former). Typically this call is done in the "void main()" method. The "ensureInitialized" method is idempotent; calling it multiple times is not harmful. After calling that method, the "instance" getter will return the binding.
In a test, one can call "TestWidgetsFlutterBinding.ensureInitialized()" as the first line in the test's "main()" method to initialize the binding.
If ServicesBinding is a custom binding mixin, there must also be a custom binding class, like WidgetsFlutterBinding, but that mixes in the selected binding, and that is the class that must be constructed before using the "instance" getter.
::endgroup::
::group::‚úÖ test/critical_coverage/thanksgiving_bloc_working_test.dart: ThanksgivingBloc Tests should persist thanksgivings to storage
Error backing up thanksgivings to file: Binding has not yet been initialized.
The "instance" getter on the ServicesBinding binding mixin is only available once that binding has been initialized.
Typically, this is done by calling "WidgetsFlutterBinding.ensureInitialized()" or "runApp()" (the latter calls the former). Typically this call is done in the "void main()" method. The "ensureInitialized" method is idempotent; calling it multiple times is not harmful. After calling that method, the "instance" getter will return the binding.
In a test, one can call "TestWidgetsFlutterBinding.ensureInitialized()" as the first line in the test's "main()" method to initialize the binding.
If ServicesBinding is a custom binding mixin, there must also be a custom binding class, like WidgetsFlutterBinding, but that mixes in the selected binding, and that is the class that must be constructed before using the "instance" getter.
::endgroup::
‚úÖ test/critical_coverage/backup_bloc_working_test.dart: Backup Feature Flag Tests Backup feature debe estar deshabilitada por defecto
‚úÖ test/critical_coverage/backup_bloc_working_test.dart: Backup Feature Flag Tests La bandera de funcionalidad debe prevenir la inicializaci√≥n de backup
::group::‚úÖ test/critical_coverage/backup_bloc_working_test.dart: BackupBloc Critical Coverage Tests debe emitir estado de carga y cargado al cargar configuraci√≥n de backup
üîÑ [BLOC] === INICIANDO LoadBackupSettings ===
üìä [BLOC] Autenticado: false
üìä [BLOC] Configuraciones cargadas:
üìä [BLOC] - Auto backup: false
üìä [BLOC] - Frecuencia: deactivated
üìä [BLOC] - √öltimo backup: null
üìä [BLOC] - Pr√≥ximo backup: null
‚úÖ [BLOC] BackupLoaded emitido exitosamente
üèÅ [BLOC] === FIN LoadBackupSettings ===
::endgroup::
::group::‚úÖ test/critical_coverage/backup_bloc_working_test.dart: BackupBloc Critical Coverage Tests no debe ejecutar l√≥gica de backup si el flag est√° en false
üîÑ [BLOC] === INICIANDO LoadBackupSettings ===
üìä [BLOC] Autenticado: false
üìä [BLOC] Configuraciones cargadas:
üìä [BLOC] - Auto backup: false
üìä [BLOC] - Frecuencia: deactivated
üìä [BLOC] - √öltimo backup: null
üìä [BLOC] - Pr√≥ximo backup: null
‚úÖ [BLOC] BackupLoaded emitido exitosamente
üèÅ [BLOC] === FIN LoadBackupSettings ===
::endgroup::
‚úÖ test/critical_coverage/backup_bloc_working_test.dart: BackupBloc Critical Coverage Tests debe ejecutar flujo de backup si el flag est√° en true
::group::‚úÖ test/critical_coverage/audio_controller_working_test.dart: AudioController - Peripheral Behavior Tests should initialize with idle state and inactive flags
AudioController: Initializing reactive proxy...
AudioController: Reactive proxy initialized
AudioController: Disposing reactive proxy...
‚èπÔ∏è TTS: Stop requested (current state: TtsState.idle) at 2025-12-01 05:27:45.995085
AudioController: Reactive proxy disposed
‚úÖ TTS: Stop completed at 2025-12-01 05:27:45.998749
üßπ TTS: Service disposed at 2025-12-01 05:27:45.999595
::endgroup::
::group::‚úÖ test/critical_coverage/audio_controller_working_test.dart: AudioController - Peripheral Behavior Tests should start with null devotional and zero progress
AudioController: Initializing reactive proxy...
AudioController: Reactive proxy initialized
AudioController: Disposing reactive proxy...
‚èπÔ∏è TTS: Stop requested (current state: TtsState.idle) at 2025-12-01 05:27:46.003583
AudioController: Reactive proxy disposed
‚úÖ TTS: Stop completed at 2025-12-01 05:27:46.004532
üßπ TTS: Service disposed at 2025-12-01 05:27:46.004961
::endgroup::
::group::‚úÖ test/critical_coverage/audio_controller_working_test.dart: AudioController - Peripheral Behavior Tests should be mounted after initialization
AudioController: Initializing reactive proxy...
AudioController: Reactive proxy initialized
AudioController: Disposing reactive proxy...
‚èπÔ∏è TTS: Stop requested (current state: TtsState.idle) at 2025-12-01 05:27:46.008798
AudioController: Reactive proxy disposed
‚úÖ TTS: Stop completed at 2025-12-01 05:27:46.009611
üßπ TTS: Service disposed at 2025-12-01 05:27:46.010015
::endgroup::
::group::‚úÖ test/critical_coverage/audio_controller_working_test.dart: AudioController - Peripheral Behavior Tests should maintain mutually exclusive playing/paused states
AudioController: Initializing reactive proxy...
AudioController: Reactive proxy initialized
AudioController: Disposing reactive proxy...
‚èπÔ∏è TTS: Stop requested (current state: TtsState.idle) at 2025-12-01 05:27:46.013188
AudioController: Reactive proxy disposed
‚úÖ TTS: Stop completed at 2025-12-01 05:27:46.014041
üßπ TTS: Service disposed at 2025-12-01 05:27:46.014402
::endgroup::
::group::‚úÖ test/critical_coverage/audio_controller_working_test.dart: AudioController - Peripheral Behavior Tests should have isActive consistent with playing/paused states
AudioController: Initializing reactive proxy...
AudioController: Reactive proxy initialized
AudioController: Disposing reactive proxy...
‚èπÔ∏è TTS: Stop requested (current state: TtsState.idle) at 2025-12-01 05:27:46.017821
AudioController: Reactive proxy disposed
‚úÖ TTS: Stop completed at 2025-12-01 05:27:46.018643
üßπ TTS: Service disposed at 2025-12-01 05:27:46.019020
::endgroup::
::group::‚úÖ test/critical_coverage/audio_controller_working_test.dart: AudioController - Peripheral Behavior Tests should maintain progress within valid bounds [0.0, 1.0]
AudioController: Initializing reactive proxy...
AudioController: Reactive proxy initialized
AudioController: Disposing reactive proxy...
‚èπÔ∏è TTS: Stop requested (current state: TtsState.idle) at 2025-12-01 05:27:46.024184
AudioController: Reactive proxy disposed
‚úÖ TTS: Stop completed at 2025-12-01 05:27:46.025080
üßπ TTS: Service disposed at 2025-12-01 05:27:46.025723
::endgroup::
::group::‚úÖ test/critical_coverage/audio_controller_working_test.dart: AudioController - Peripheral Behavior Tests should map error state to hasError property correctly
AudioController: Initializing reactive proxy...
AudioController: Reactive proxy initialized
AudioController: Disposing reactive proxy...
‚èπÔ∏è TTS: Stop requested (current state: TtsState.idle) at 2025-12-01 05:27:46.029038
AudioController: Reactive proxy disposed
‚úÖ TTS: Stop completed at 2025-12-01 05:27:46.029980
üßπ TTS: Service disposed at 2025-12-01 05:27:46.030382
::endgroup::
::group::‚úÖ test/critical_coverage/audio_controller_working_test.dart: AudioController - Peripheral Behavior Tests should provide access to TTS configuration methods
AudioController: Initializing reactive proxy...
AudioController: Reactive proxy initialized
üîß TTS: Initializing service...
üîß TTS: Initializing service...
üîß TTS: Loading config - Language: es-US, Rate: 0.5
üîß TTS: Loading config - Language: es-US, Rate: 0.5
[TTS] Voz por defecto asignada para idioma: es (es-US)
üîß TTS: Setting language to es-US
[TTS] Voz por defecto asignada para idioma: es (es-US)
üîß TTS: Setting language to es-US
üîß TTS: Setting speech rate to 0.5
üîß TTS: Setting speech rate to 0.5
‚úÖ TTS: Native event handlers configured
‚úÖ TTS: Service initialized successfully
‚úÖ TTS: Native event handlers configured
‚úÖ TTS: Service initialized successfully
AudioController: Disposing reactive proxy...
‚èπÔ∏è TTS: Stop requested (current state: TtsState.idle) at 2025-12-01 05:27:46.083138
AudioController: Reactive proxy disposed
‚úÖ TTS: Stop completed at 2025-12-01 05:27:46.083915
üßπ TTS: Service disposed at 2025-12-01 05:27:46.084471
::endgroup::
::group::‚úÖ test/critical_coverage/audio_controller_working_test.dart: AudioController - Peripheral Behavior Tests should have isDevocionalPlaying return false for any ID initially
AudioController: Initializing reactive proxy...
AudioController: Reactive proxy initialized
AudioController: isDevocionalPlaying(any_id) - Checking...
  Local: currentId=null, state=TtsState.idle, isActive=false, operationInProgress=false
  Service: currentId=null, state=TtsState.idle
AudioController: isDevocionalPlaying(any_id) = FALSE - SERVICE state is IDLE
AudioController: isDevocionalPlaying(test_123) - Checking...
  Local: currentId=null, state=TtsState.idle, isActive=false, operationInProgress=false
  Service: currentId=null, state=TtsState.idle
AudioController: isDevocionalPlaying(test_123) = FALSE - SERVICE state is IDLE
AudioController: Disposing reactive proxy...
‚èπÔ∏è TTS: Stop requested (current state: TtsState.idle) at 2025-12-01 05:27:46.091178
AudioController: Reactive proxy disposed
‚úÖ TTS: Stop completed at 2025-12-01 05:27:46.091926
üßπ TTS: Service disposed at 2025-12-01 05:27:46.092272
::endgroup::
::group::‚úÖ test/critical_coverage/audio_controller_working_test.dart: AudioController - Peripheral Behavior Tests should accept playDevotional call without throwing immediately
AudioController: Initializing reactive proxy...
AudioController: Reactive proxy initialized
üéµ AudioController: playDevotional(test_1) called
üéµ Current state before play: currentId=null, state=TtsState.idle, isActive=false
AudioController: Starting operation: playDevotional
üé§ TTS: Starting devotional test_1 at 2025-12-01 05:27:46.097112
üîß TTS: Initializing service...
üîß TTS: Loading config - Language: es-US, Rate: 0.5
[TTS] Voz por defecto asignada para idioma: es (es-US)
üîß TTS: Setting language to es-US
üîß TTS: Setting speech rate to 0.5
‚úÖ TTS: Native event handlers configured
‚úÖ TTS: Service initialized successfully
[BibleTextFormatter] formatBibleBook called with reference="Test reflection", language="es"
üìù TTS: Speaking: Test reflection
AudioController: Ignorando progress update - estado idle (local: TtsState.idle, service: TtsState.idle)
AudioController: TtsService.speakDevotional() completed
AudioController: Sync attempt 1: service=TtsState.idle, local=TtsState.idle
AudioController: Sync attempt 2: service=TtsState.idle, local=TtsState.idle
AudioController: Sync attempt 3: service=TtsState.idle, local=TtsState.idle
AudioController: Sync attempt 4: service=TtsState.idle, local=TtsState.idle
AudioController: Sync attempt 5: service=TtsState.idle, local=TtsState.idle
AudioController: Disposing reactive proxy...
‚èπÔ∏è TTS: Stop requested (current state: TtsState.idle) at 2025-12-01 05:27:46.865861
AudioController: Reactive proxy disposed
‚úÖ TTS: Stop completed at 2025-12-01 05:27:46.866855
üßπ TTS: Service disposed at 2025-12-01 05:27:46.867278
::endgroup::
::group::‚úÖ test/critical_coverage/audio_controller_working_test.dart: AudioController - Peripheral Behavior Tests should accept pause/resume/stop calls in any state
AudioController: Initializing reactive proxy...
AudioController: Reactive proxy initialized
AudioController: Cannot pause - not playing (state: TtsState.idle)
AudioController: Cannot resume - not paused (state: TtsState.idle)
AudioController: Stop requested (state: TtsState.idle)
AudioController: Applying IMMEDIATE stop...
AudioController: Immediate stop applied - calling service async
‚èπÔ∏è TTS: Stop requested (current state: TtsState.idle) at 2025-12-01 05:27:46.873606
AudioController: Immediate stop completed
‚úÖ TTS: Stop completed at 2025-12-01 05:27:46.874396
AudioController: Service stop completed asynchronously
AudioController: Disposing reactive proxy...
‚èπÔ∏è TTS: Stop requested (current state: TtsState.stopping) at 2025-12-01 05:27:46.875246
AudioController: Reactive proxy disposed
‚úÖ TTS: Stop completed at 2025-12-01 05:27:46.876162
üßπ TTS: Service disposed at 2025-12-01 05:27:46.876534
::endgroup::
::group::‚úÖ test/critical_coverage/audio_controller_working_test.dart: AudioController - Peripheral Behavior Tests should transition to unmounted state after dispose
AudioController: Initializing reactive proxy...
AudioController: Reactive proxy initialized
AudioController: Disposing reactive proxy...
‚èπÔ∏è TTS: Stop requested (current state: TtsState.idle) at 2025-12-01 05:27:46.879894
AudioController: Reactive proxy disposed
‚úÖ TTS: Stop completed at 2025-12-01 05:27:46.880788
üßπ TTS: Service disposed at 2025-12-01 05:27:46.881268
::endgroup::
::group::‚úÖ test/critical_coverage/audio_controller_working_test.dart: AudioController - Peripheral Behavior Tests should not throw when accessing properties after dispose
AudioController: Initializing reactive proxy...
AudioController: Reactive proxy initialized
AudioController: Disposing reactive proxy...
‚èπÔ∏è TTS: Stop requested (current state: TtsState.idle) at 2025-12-01 05:27:46.884415
AudioController: Reactive proxy disposed
‚úÖ TTS: Stop completed at 2025-12-01 05:27:46.885899
üßπ TTS: Service disposed at 2025-12-01 05:27:46.886432
::endgroup::
‚úÖ test/widget/add_thanksgiving_modal_test.dart: AddThanksgivingModal Widget Tests should display title for new thanksgiving
‚úÖ test/widget/add_thanksgiving_modal_test.dart: AddThanksgivingModal Widget Tests should display close button
‚úÖ test/widget/add_thanksgiving_modal_test.dart: AddThanksgivingModal Widget Tests should display cancel and create buttons
‚úÖ test/widget/add_thanksgiving_modal_test.dart: AddThanksgivingModal Widget Tests should populate text field when editing
‚úÖ test/widget/add_thanksgiving_modal_test.dart: AddThanksgivingModal Widget Tests should close modal when close button is tapped
‚úÖ test/widget/add_thanksgiving_modal_test.dart: AddThanksgivingModal Widget Tests should close modal when cancel button is tapped
‚úÖ test/widget/add_thanksgiving_modal_test.dart: AddThanksgivingModal Widget Tests should show error when submitting empty text
‚úÖ test/widget/add_thanksgiving_modal_test.dart: AddThanksgivingModal Widget Tests should show error when text is too short
‚úÖ test/widget/add_thanksgiving_modal_test.dart: AddThanksgivingModal Widget Tests should allow entering valid text and create thanksgiving
Error backing up thanksgivings to file: MissingPluginException(No implementation found for method getApplicationDocumentsDirectory on channel plugins.flutter.io/path_provider)
‚úÖ test/widget/add_thanksgiving_modal_test.dart: AddThanksgivingModal Widget Tests should respect max length of 500 characters
‚úÖ test/widget/add_thanksgiving_modal_test.dart: AddThanksgivingModal Widget Tests should have 6 lines for text input
‚úÖ test/widget/add_thanksgiving_modal_test.dart: AddThanksgivingModal Widget Tests should auto-focus on text field when opened
‚úÖ test/widget/answer_prayer_modal_test.dart: AnswerPrayerModal allows up to 400 characters
‚úÖ test/unit/models/bible_version_test.dart: BibleVersion Model Tests should create BibleVersion with all required fields
‚úÖ test/unit/models/bible_version_test.dart: BibleVersion Model Tests should create BibleVersion with service
‚úÖ test/unit/models/bible_version_test.dart: BibleVersion Model Tests should allow service to be assigned after creation
‚úÖ test/unit/models/bible_version_test.dart: BibleVersion Model Tests should create BibleVersion with isDownloaded flag
‚úÖ test/unit/models/prayer_model_test.dart: Prayer Model Tests should create prayer with required fields
‚úÖ test/unit/models/prayer_model_test.dart: Prayer Model Tests should serialize and deserialize prayer correctly
‚úÖ test/unit/models/prayer_model_test.dart: Prayer Model Tests should copy prayer with updated fields
‚úÖ test/unit/models/thanksgiving_model_test.dart: Thanksgiving Model Tests should create thanksgiving with required fields
‚úÖ test/unit/models/thanksgiving_model_test.dart: Thanksgiving Model Tests should serialize and deserialize thanksgiving correctly
‚úÖ test/unit/models/thanksgiving_model_test.dart: Thanksgiving Model Tests should copy thanksgiving with updated fields
‚úÖ test/unit/models/thanksgiving_model_test.dart: Thanksgiving Model Tests should calculate daysOld correctly
‚úÖ test/unit/models/thanksgiving_model_test.dart: Thanksgiving Model Tests should calculate daysOld correctly for today
::group::‚úÖ test/unit/models/thanksgiving_model_test.dart: Thanksgiving Model Tests should handle malformed date gracefully in fromJson
Error parsing created date: invalid-date, using DateTime.now(). Error: FormatException: Invalid date format
invalid-date
::endgroup::
‚úÖ test/unit/models/thanksgiving_model_test.dart: Thanksgiving Model Tests should handle missing date in fromJson
‚úÖ test/unit/models/thanksgiving_model_test.dart: Thanksgiving Model Tests should handle missing fields with defaults
‚úÖ test/unit/models/spiritual_stats_model_test.dart: SpiritualStats Model Tests should create and serialize SpiritualStats correctly
‚úÖ test/unit/models/spiritual_stats_model_test.dart: SpiritualStats Model Tests should create SpiritualStats with default values
‚úÖ test/unit/models/spiritual_stats_model_test.dart: SpiritualStats Model Tests should copy SpiritualStats with updated values
‚úÖ test/unit/models/devocional_model_test.dart: DevocionalModel Simple Tests should create devotional model with required fields
‚úÖ test/unit/models/devocional_model_test.dart: DevocionalModel Simple Tests should handle optional fields correctly
‚úÖ test/unit/models/devocional_model_test.dart: DevocionalModel Simple Tests should create JSON representation
‚úÖ test/unit/models/devocional_model_test.dart: DevocionalModel Simple Tests should create from JSON with basic data
‚úÖ test/unit/models/devocional_model_test.dart: DevocionalModel Simple Tests should handle ParaMeditar creation and serialization
‚úÖ test/unit/models/devocional_model_test.dart: DevocionalModel Simple Tests should handle missing JSON fields gracefully
‚úÖ test/unit/utils/bible_text_normalizer_test.dart: BibleTextNormalizer Tests should return empty string for null input
‚úÖ test/unit/utils/bible_text_normalizer_test.dart: BibleTextNormalizer Tests should return empty string for empty input
‚úÖ test/unit/utils/bible_text_normalizer_test.dart: BibleTextNormalizer Tests should remove simple bracketed references [1]
‚úÖ test/unit/utils/bible_text_normalizer_test.dart: BibleTextNormalizer Tests should remove letter bracketed references [a]
‚úÖ test/unit/utils/bible_text_normalizer_test.dart: BibleTextNormalizer Tests should remove bracketed references with special characters [36‚Ä†]
‚úÖ test/unit/utils/bible_text_normalizer_test.dart: BibleTextNormalizer Tests should remove bracketed references with mixed content [a1]
‚úÖ test/unit/utils/bible_text_normalizer_test.dart: BibleTextNormalizer Tests should remove bracketed references with words [note]
‚úÖ test/unit/utils/bible_text_normalizer_test.dart: BibleTextNormalizer Tests should remove multiple bracketed references
‚úÖ test/unit/utils/bible_text_normalizer_test.dart: BibleTextNormalizer Tests should remove HTML tags <pb/>
‚úÖ test/unit/utils/bible_text_normalizer_test.dart: BibleTextNormalizer Tests should remove HTML tags <f>
‚úÖ test/unit/utils/bible_text_normalizer_test.dart: BibleTextNormalizer Tests should remove both HTML tags and bracketed references
‚úÖ test/unit/utils/bible_text_normalizer_test.dart: BibleTextNormalizer Tests should trim whitespace from result
‚úÖ test/unit/utils/bible_text_normalizer_test.dart: BibleTextNormalizer Tests should handle text with no tags or references
‚úÖ test/unit/utils/system_ui_overlay_style_test.dart: System UI Overlay Style Configuration systemUiOverlayStyle should be defined
‚úÖ test/unit/utils/system_ui_overlay_style_test.dart: System UI Overlay Style Configuration Status bar should be transparent
‚úÖ test/unit/utils/system_ui_overlay_style_test.dart: System UI Overlay Style Configuration Status bar icons should be light (white)
‚úÖ test/unit/utils/system_ui_overlay_style_test.dart: System UI Overlay Style Configuration Status bar brightness should be dark for iOS
‚úÖ test/unit/utils/system_ui_overlay_style_test.dart: System UI Overlay Style Configuration Navigation bar should be dark gray (Material grey 800)
‚úÖ test/unit/utils/system_ui_overlay_style_test.dart: System UI Overlay Style Configuration Navigation bar icons should be light (white buttons)
‚úÖ test/unit/utils/system_ui_overlay_style_test.dart: System UI Overlay Style Configuration Navigation bar divider should be transparent
‚úÖ test/unit/utils/system_ui_overlay_style_test.dart: System UI Overlay Style Configuration Dark gray navigation bar provides good contrast with white icons
‚úÖ test/unit/utils/system_ui_overlay_style_test.dart: System UI Overlay Style Configuration System UI overlay style is consistent across all app configurations
‚úÖ test/unit/utils/system_ui_overlay_style_test.dart: System UI Overlay Style Configuration Configuration matches Android 15 edge-to-edge requirements
‚úÖ test/unit/utils/system_ui_overlay_style_test.dart: System UI Overlay Style Integration AnnotatedRegion applies system UI overlay style correctly
‚úÖ test/unit/utils/theme_outlined_button_border_test.dart: OutlinedButtonTheme Border Color Tests Deep Purple light theme should have black border
‚úÖ test/unit/utils/theme_outlined_button_border_test.dart: OutlinedButtonTheme Border Color Tests Deep Purple dark theme should have white border
‚úÖ test/unit/utils/theme_outlined_button_border_test.dart: OutlinedButtonTheme Border Color Tests Green light theme should have black border
‚úÖ test/unit/utils/theme_outlined_button_border_test.dart: OutlinedButtonTheme Border Color Tests Green dark theme should have white border
‚úÖ test/unit/utils/theme_outlined_button_border_test.dart: OutlinedButtonTheme Border Color Tests Pink light theme should have black border
‚úÖ test/unit/utils/theme_outlined_button_border_test.dart: OutlinedButtonTheme Border Color Tests Pink dark theme should have white border
‚úÖ test/unit/utils/theme_outlined_button_border_test.dart: OutlinedButtonTheme Border Color Tests Cyan light theme should have black border
‚úÖ test/unit/utils/theme_outlined_button_border_test.dart: OutlinedButtonTheme Border Color Tests Cyan dark theme should have white border
‚úÖ test/unit/utils/theme_outlined_button_border_test.dart: OutlinedButtonTheme Border Color Tests Light Blue light theme should have black border
‚úÖ test/unit/utils/theme_outlined_button_border_test.dart: OutlinedButtonTheme Border Color Tests Light Blue dark theme should have white border
‚úÖ test/unit/utils/theme_outlined_button_border_test.dart: OutlinedButtonTheme Border Color Tests All themes should have border radius of 25
‚úÖ test/unit/utils/theme_outlined_button_border_test.dart: OutlinedButtonTheme Border Color Tests All themes should match inputDecorationTheme border properties
‚úÖ test/unit/utils/system_ui_overlay_style_test.dart: System UI Overlay Style Integration System UI overlay style works with different themes
‚úÖ test/unit/utils/constants_validation_test.dart: Constants Configuration Validation all supported languages have default versions
‚úÖ test/unit/utils/constants_validation_test.dart: Constants Configuration Validation all supported languages have Bible versions
‚úÖ test/unit/utils/constants_validation_test.dart: Constants Configuration Validation default versions exist in available versions
‚úÖ test/unit/utils/constants_validation_test.dart: Constants Configuration Validation should maintain backward compatibility - original method unchanged
‚úÖ test/unit/utils/constants_validation_test.dart: Constants Configuration Validation getDevocionalesApiUrlMultilingual generates correct URLs
‚úÖ test/unit/utils/constants_validation_test.dart: Constants Configuration Validation constants data consistency
‚úÖ test/unit/utils/constants_validation_test.dart: Constants Configuration Validation multilingual URL generation handles edge cases
‚úÖ test/unit/utils/constants_validation_test.dart: Constants Configuration Validation supported languages structure is valid
‚úÖ test/unit/utils/constants_validation_test.dart: Constants Configuration Validation Bible versions structure is valid
‚úÖ test/unit/utils/bible_version_registry_test.dart: BibleVersionRegistry Tests should get supported languages
‚úÖ test/unit/utils/bible_version_registry_test.dart: BibleVersionRegistry Tests should get language name
‚úÖ test/unit/utils/bible_version_registry_test.dart: BibleVersionRegistry Tests should get versions for Spanish language
‚úÖ test/unit/utils/bible_version_registry_test.dart: BibleVersionRegistry Tests should get versions for English language
‚úÖ test/unit/utils/bible_version_registry_test.dart: BibleVersionRegistry Tests should get versions for Portuguese language
‚úÖ test/unit/utils/bible_version_registry_test.dart: BibleVersionRegistry Tests should get versions for French language
‚úÖ test/unit/utils/bible_version_registry_test.dart: BibleVersionRegistry Tests should return empty list for unsupported language
‚úÖ test/unit/utils/bible_version_registry_test.dart: BibleVersionRegistry Tests should get all versions
‚úÖ test/unit/utils/bible_version_registry_test.dart: BibleVersionRegistry Tests all versions should have proper metadata
‚úÖ test/unit/utils/bible_reference_parser_test.dart: BibleReferenceParser Tests should parse reference with verse in Spanish (Juan 3:16)
‚úÖ test/unit/utils/bible_reference_parser_test.dart: BibleReferenceParser Tests should parse reference with verse in English (John 3:16)
‚úÖ test/unit/utils/bible_reference_parser_test.dart: BibleReferenceParser Tests should parse reference with verse and book number (1 Juan 3:16)
‚úÖ test/unit/utils/bible_reference_parser_test.dart: BibleReferenceParser Tests should parse reference without verse (Juan 3)
‚úÖ test/unit/utils/bible_reference_parser_test.dart: BibleReferenceParser Tests should parse reference with accented names (G√©nesis 1:1)
‚úÖ test/unit/utils/bible_reference_parser_test.dart: BibleReferenceParser Tests should parse Genesis abbreviation (Gn 9:4)
‚úÖ test/unit/utils/bible_reference_parser_test.dart: BibleReferenceParser Tests should parse Genesis in English (Genesis 1:1)
‚úÖ test/unit/utils/bible_reference_parser_test.dart: BibleReferenceParser Tests should parse multi-word book name (1 Corintios 13:4)
‚úÖ test/unit/utils/bible_reference_parser_test.dart: BibleReferenceParser Tests should return null for plain text search
‚úÖ test/unit/utils/bible_reference_parser_test.dart: BibleReferenceParser Tests should return null for invalid format
‚úÖ test/unit/utils/bible_reference_parser_test.dart: BibleReferenceParser Tests should handle extra whitespace
‚úÖ test/unit/utils/bible_reference_parser_test.dart: BibleReferenceParser Tests should be case-insensitive
‚úÖ test/unit/utils/bible_reference_parser_test.dart: BibleReferenceParser Tests should parse S. Juan format (S.Juan 3:16)
‚úÖ test/unit/utils/bible_reference_parser_test.dart: BibleReferenceParser Tests should parse 2 Samuel format (2 Samuel 7:12)
‚úÖ test/unit/extensions/string_extensions_test.dart: String Extensions Tests should translate simple keys
‚úÖ test/unit/extensions/string_extensions_test.dart: String Extensions Tests should translate with parameters
‚úÖ test/unit/extensions/string_extensions_test.dart: String Extensions Tests should return key when translation not found
‚úÖ test/unit/extensions/string_extensions_test.dart: String Extensions Tests should handle nested keys
‚úÖ test/unit/extensions/string_extensions_test.dart: String Extensions Tests should work with empty string
‚úÖ test/unit/extensions/string_extensions_test.dart: String Extensions Tests should work across different languages
::group::‚úÖ test/unit/services/tts_service_behavior_test.dart: TTS Service - Real User Behavior Tests User Scenario: Service initializes successfully
üîß TTS: Initializing service...
üîß TTS: Loading config - Language: es-US, Rate: 0.5
[TTS] Voz por defecto asignada para idioma: es (es-US)
üîß TTS: Setting language to es-US
üîß TTS: Setting speech rate to 0.5
‚úÖ TTS: Native event handlers configured
‚úÖ TTS: Service initialized successfully
‚èπÔ∏è TTS: Stop requested (current state: TtsState.idle) at 2025-12-01 05:27:59.922609
‚úÖ TTS: Stop completed at 2025-12-01 05:27:59.926113
üßπ TTS: Service disposed at 2025-12-01 05:27:59.927420
::endgroup::
::group::‚úÖ test/unit/services/tts_service_behavior_test.dart: TTS Service - Real User Behavior Tests User Scenario: User plays a devotional
üîß TTS: Initializing service...
üîß TTS: Loading config - Language: es-US, Rate: 0.5
[TTS] Voz por defecto asignada para idioma: es (es-US)
üîß TTS: Setting language to es-US
üîß TTS: Setting speech rate to 0.5
‚úÖ TTS: Native event handlers configured
‚úÖ TTS: Service initialized successfully
üé§ TTS: Starting devotional test-1 at 2025-12-01 05:27:59.936667
[BibleTextFormatter] formatBibleBook called with reference="Esta es una reflexi√≥n sobre el amor de Dios.", language="es"
üìù TTS: Speaking: Esta es una reflexi√≥n sobre el amor de Dios.
‚èπÔ∏è TTS: Stop requested (current state: TtsState.idle) at 2025-12-01 05:28:00.051274
‚úÖ TTS: Stop completed at 2025-12-01 05:28:00.052055
üßπ TTS: Service disposed at 2025-12-01 05:28:00.052407
::endgroup::
::group::‚úÖ test/unit/services/tts_service_behavior_test.dart: TTS Service - Real User Behavior Tests User Scenario: User pauses playback
üîß TTS: Initializing service...
üîß TTS: Loading config - Language: es-US, Rate: 0.5
[TTS] Voz por defecto asignada para idioma: es (es-US)
üîß TTS: Setting language to es-US
üîß TTS: Setting speech rate to 0.5
‚úÖ TTS: Native event handlers configured
‚úÖ TTS: Service initialized successfully
üé§ TTS: Starting devotional test-2 at 2025-12-01 05:28:00.057605
[BibleTextFormatter] formatBibleBook called with reference="El Se√±or es mi pastor.", language="es"
üìù TTS: Speaking: El Se√±or es mi pastor.
‚è∏Ô∏è TTS: Pause requested (current state: TtsState.idle) at 2025-12-01 05:28:00.160209
‚èπÔ∏è TTS: Stop requested (current state: TtsState.idle) at 2025-12-01 05:28:00.262253
‚úÖ TTS: Stop completed at 2025-12-01 05:28:00.263182
üßπ TTS: Service disposed at 2025-12-01 05:28:00.263618
::endgroup::
::group::‚úÖ test/unit/services/tts_service_behavior_test.dart: TTS Service - Real User Behavior Tests User Scenario: User resumes after pause
üîß TTS: Initializing service...
üîß TTS: Loading config - Language: es-US, Rate: 0.5
[TTS] Voz por defecto asignada para idioma: es (es-US)
üîß TTS: Setting language to es-US
üîß TTS: Setting speech rate to 0.5
‚úÖ TTS: Native event handlers configured
‚úÖ TTS: Service initialized successfully
üé§ TTS: Starting devotional test-3 at 2025-12-01 05:28:00.286374
[BibleTextFormatter] formatBibleBook called with reference="Todo lo puedo en Cristo.", language="es"
üìù TTS: Speaking: Todo lo puedo en Cristo.
‚è∏Ô∏è TTS: Pause requested (current state: TtsState.idle) at 2025-12-01 05:28:00.387928
‚ñ∂Ô∏è TTS: Resume requested (current state: TtsState.idle) at 2025-12-01 05:28:00.489279
‚ö†Ô∏è TTS: Cannot resume - not paused (current: TtsState.idle) at 2025-12-01 05:28:00.489946
‚èπÔ∏è TTS: Stop requested (current state: TtsState.idle) at 2025-12-01 05:28:00.592171
‚úÖ TTS: Stop completed at 2025-12-01 05:28:00.593011
üßπ TTS: Service disposed at 2025-12-01 05:28:00.593419
::endgroup::
‚úÖ test/unit/services/bible_db_service_test.dart: BibleDbService Tests should create BibleDbService instance
‚úÖ test/unit/services/bible_db_service_test.dart: BibleDbService Tests should have initDb method
‚úÖ test/unit/services/bible_db_service_test.dart: BibleDbService Tests should have getAllBooks method
‚úÖ test/unit/services/bible_db_service_test.dart: BibleDbService Tests should have getMaxChapter method
‚úÖ test/unit/services/bible_db_service_test.dart: BibleDbService Tests should have getChapterVerses method
‚úÖ test/unit/services/bible_db_service_test.dart: BibleDbService Tests should have getChapter method
::group::‚úÖ test/unit/services/tts_service_behavior_test.dart: TTS Service - Real User Behavior Tests User Scenario: User stops playback completely
üîß TTS: Initializing service...
üîß TTS: Loading config - Language: es-US, Rate: 0.5
[TTS] Voz por defecto asignada para idioma: es (es-US)
üîß TTS: Setting language to es-US
üîß TTS: Setting speech rate to 0.5
‚úÖ TTS: Native event handlers configured
‚úÖ TTS: Service initialized successfully
üé§ TTS: Starting devotional test-4 at 2025-12-01 05:28:00.599780
[BibleTextFormatter] formatBibleBook called with reference="Conf√≠a en el Se√±or.", language="es"
üìù TTS: Speaking: Conf√≠a en el Se√±or.
‚èπÔ∏è TTS: Stop requested (current state: TtsState.idle) at 2025-12-01 05:28:00.701926
‚úÖ TTS: Stop completed at 2025-12-01 05:28:00.702953
‚èπÔ∏è TTS: Stop requested (current state: TtsState.stopping) at 2025-12-01 05:28:00.804205
‚úÖ TTS: Stop completed at 2025-12-01 05:28:00.805008
üßπ TTS: Service disposed at 2025-12-01 05:28:00.805330
::endgroup::
::group::‚úÖ test/unit/services/tts_service_behavior_test.dart: TTS Service - Real User Behavior Tests User Scenario: Multiple rapid commands handled gracefully
üîß TTS: Initializing service...
üîß TTS: Loading config - Language: es-US, Rate: 0.5
[TTS] Voz por defecto asignada para idioma: es (es-US)
üîß TTS: Setting language to es-US
üîß TTS: Setting speech rate to 0.5
‚úÖ TTS: Native event handlers configured
‚úÖ TTS: Service initialized successfully
üé§ TTS: Starting devotional test-5 at 2025-12-01 05:28:00.811103
[BibleTextFormatter] formatBibleBook called with reference="Yo estoy con vosotros todos los d√≠as.", language="es"
üìù TTS: Speaking: Yo estoy con vosotros todos los d√≠as.
‚è∏Ô∏è TTS: Pause requested (current state: TtsState.idle) at 2025-12-01 05:28:00.812621
‚ñ∂Ô∏è TTS: Resume requested (current state: TtsState.idle) at 2025-12-01 05:28:00.812892
‚ö†Ô∏è TTS: Cannot resume - not paused (current: TtsState.idle) at 2025-12-01 05:28:00.813097
‚è∏Ô∏è TTS: Pause requested (current state: TtsState.idle) at 2025-12-01 05:28:00.813371
‚èπÔ∏è TTS: Stop requested (current state: TtsState.idle) at 2025-12-01 05:28:00.813637
‚úÖ TTS: Stop completed at 2025-12-01 05:28:00.814062
‚èπÔ∏è TTS: Stop requested (current state: TtsState.stopping) at 2025-12-01 05:28:00.915276
‚úÖ TTS: Stop completed at 2025-12-01 05:28:00.916272
üßπ TTS: Service disposed at 2025-12-01 05:28:00.916589
::endgroup::
::group::‚úÖ test/unit/services/tts_service_behavior_test.dart: TTS Service - Real User Behavior Tests User Scenario: Language context changes
üîß TTS: Initializing service...
üîß TTS: Loading config - Language: es-US, Rate: 0.5
[TTS] Voz por defecto asignada para idioma: es (es-US)
üîß TTS: Setting language to es-US
üîß TTS: Setting speech rate to 0.5
‚úÖ TTS: Native event handlers configured
‚úÖ TTS: Service initialized successfully
üåê TTS: Language context set to es (RVR1960)
üîß TTS: Changing voice language to es-ES for context es
üåê TTS: Language context set to en (NIV)
üîß TTS: Changing voice language to en-US for context en
üåê TTS: Language context set to pt (NVI)
üîß TTS: Changing voice language to pt-BR for context pt
‚èπÔ∏è TTS: Stop requested (current state: TtsState.idle) at 2025-12-01 05:28:00.925855
‚úÖ TTS: Stop completed at 2025-12-01 05:28:00.926418
‚úÖ TTS: Voice language successfully updated to es-ES
‚úÖ TTS: Voice language successfully updated to en-US
‚úÖ TTS: Voice language successfully updated to pt-BR
üßπ TTS: Service disposed at 2025-12-01 05:28:00.927375
::endgroup::
::group::‚úÖ test/unit/services/tts_service_behavior_test.dart: TTS Service - Real User Behavior Tests User Scenario: TTS plays full devotional content
üîß TTS: Initializing service...
üîß TTS: Loading config - Language: es-US, Rate: 0.5
[TTS] Voz por defecto asignada para idioma: es (es-US)
üîß TTS: Setting language to es-US
üîß TTS: Setting speech rate to 0.5
‚úÖ TTS: Native event handlers configured
‚úÖ TTS: Service initialized successfully
üé§ TTS: Starting devotional test-6 at 2025-12-01 05:28:00.932786
[BibleTextFormatter] formatBibleBook called with reference="Esta es una reflexi√≥n larga sobre el amor de Dios. El prop√≥sito es probar que el...", language="es"
üìù TTS: Speaking: Esta es una reflexi√≥n larga sobre el amor de Dios....
‚èπÔ∏è TTS: Stop requested (current state: TtsState.idle) at 2025-12-01 05:28:01.035281
‚úÖ TTS: Stop completed at 2025-12-01 05:28:01.036199
üßπ TTS: Service disposed at 2025-12-01 05:28:01.036537
::endgroup::
::group::‚úÖ test/unit/services/tts_service_behavior_test.dart: TTS Service - Real User Behavior Tests User Scenario: Service properly disposes
üîß TTS: Initializing service...
üîß TTS: Loading config - Language: es-US, Rate: 0.5
[TTS] Voz por defecto asignada para idioma: es (es-US)
üîß TTS: Setting language to es-US
üîß TTS: Setting speech rate to 0.5
‚úÖ TTS: Native event handlers configured
‚úÖ TTS: Service initialized successfully
‚èπÔ∏è TTS: Stop requested (current state: TtsState.idle) at 2025-12-01 05:28:01.042755
‚úÖ TTS: Stop completed at 2025-12-01 05:28:01.043213
üßπ TTS: Service disposed at 2025-12-01 05:28:01.043552
üîä TTS: Speaking single text chunk at 2025-12-01 05:28:01.044925
::endgroup::
::group::‚úÖ test/unit/services/tts_service_behavior_test.dart: TTS Service - Real User Behavior Tests User Scenario: Speech rate can be adjusted
üîß TTS: Initializing service...
üîß TTS: Loading config - Language: es-US, Rate: 0.5
[TTS] Voz por defecto asignada para idioma: es (es-US)
üîß TTS: Setting language to es-US
üîß TTS: Setting speech rate to 0.5
‚úÖ TTS: Native event handlers configured
‚úÖ TTS: Service initialized successfully
‚èπÔ∏è TTS: Stop requested (current state: TtsState.idle) at 2025-12-01 05:28:01.056883
‚úÖ TTS: Stop completed at 2025-12-01 05:28:01.057404
üßπ TTS: Service disposed at 2025-12-01 05:28:01.057722
::endgroup::
::group::‚úÖ test/unit/services/tts_service_behavior_test.dart: TTS Service - Real User Behavior Tests User Scenario: Service handles empty devotional gracefully
üîß TTS: Initializing service...
üîß TTS: Loading config - Language: es-US, Rate: 0.5
[TTS] Voz por defecto asignada para idioma: es (es-US)
üîß TTS: Setting language to es-US
üîß TTS: Setting speech rate to 0.5
‚úÖ TTS: Native event handlers configured
‚úÖ TTS: Service initialized successfully
üé§ TTS: Starting devotional test-empty at 2025-12-01 05:28:01.064546
[BibleTextFormatter] formatBibleBook called with reference="", language="es"
‚ùå TTS: speakDevotional failed: TtsException: No valid text content to speak at 2025-12-01 05:28:01.066546
‚èπÔ∏è TTS: Stop requested (current state: TtsState.idle) at 2025-12-01 05:28:01.067487
‚úÖ TTS: Stop completed at 2025-12-01 05:28:01.068052
üßπ TTS: Service disposed at 2025-12-01 05:28:01.068337
::endgroup::
::group::‚úÖ test/unit/services/tts_service_behavior_test.dart: TTS Service - Real User Behavior Tests Integration: State stream broadcasts changes
üîß TTS: Initializing service...
üîß TTS: Loading config - Language: es-US, Rate: 0.5
[TTS] Voz por defecto asignada para idioma: es (es-US)
üîß TTS: Setting language to es-US
üîß TTS: Setting speech rate to 0.5
‚úÖ TTS: Native event handlers configured
‚úÖ TTS: Service initialized successfully
üé§ TTS: Starting devotional test-stream at 2025-12-01 05:28:01.077817
[BibleTextFormatter] formatBibleBook called with reference="Test reflection", language="es"
üìù TTS: Speaking: Test reflection
‚èπÔ∏è TTS: Stop requested (current state: TtsState.idle) at 2025-12-01 05:28:01.229898
‚úÖ TTS: Stop completed at 2025-12-01 05:28:01.230948
‚èπÔ∏è TTS: Stop requested (current state: TtsState.stopping) at 2025-12-01 05:28:01.283322
‚úÖ TTS: Stop completed at 2025-12-01 05:28:01.284196
üßπ TTS: Service disposed at 2025-12-01 05:28:01.284512
::endgroup::
::group::‚úÖ test/unit/services/tts_service_behavior_test.dart: TTS Service - Real User Behavior Tests Integration: Progress stream tracks playback progress
üîß TTS: Initializing service...
üîß TTS: Loading config - Language: es-US, Rate: 0.5
[TTS] Voz por defecto asignada para idioma: es (es-US)
üîß TTS: Setting language to es-US
üîß TTS: Setting speech rate to 0.5
‚úÖ TTS: Native event handlers configured
‚úÖ TTS: Service initialized successfully
üé§ TTS: Starting devotional test-progress at 2025-12-01 05:28:01.290168
[BibleTextFormatter] formatBibleBook called with reference="Progress test reflection", language="es"
üìù TTS: Speaking: Progress test reflection
‚èπÔ∏è TTS: Stop requested (current state: TtsState.idle) at 2025-12-01 05:28:01.491860
‚úÖ TTS: Stop completed at 2025-12-01 05:28:01.492640
‚èπÔ∏è TTS: Stop requested (current state: TtsState.stopping) at 2025-12-01 05:28:01.544043
‚úÖ TTS: Stop completed at 2025-12-01 05:28:01.544558
üßπ TTS: Service disposed at 2025-12-01 05:28:01.544882
::endgroup::
::group::‚úÖ test/unit/services/tts_service_behavior_test.dart: TTS Service - Dependency Injection Validation Service can be registered and retrieved from service locator
‚èπÔ∏è TTS: Stop requested (current state: TtsState.idle) at 2025-12-01 05:28:01.548455
‚ö†Ô∏è TTS: Stop error (continuing with reset): MissingPluginException(No implementation found for method stop on channel flutter_tts)
‚úÖ TTS: Stop completed at 2025-12-01 05:28:01.549768
üßπ TTS: Service disposed at 2025-12-01 05:28:01.550012
::endgroup::
::group::‚úÖ test/unit/services/tts_service_behavior_test.dart: TTS Service - Dependency Injection Validation Multiple retrievals return same instance (lazy singleton)
‚èπÔ∏è TTS: Stop requested (current state: TtsState.idle) at 2025-12-01 05:28:01.552580
‚ö†Ô∏è TTS: Stop error (continuing with reset): MissingPluginException(No implementation found for method stop on channel flutter_tts)
‚úÖ TTS: Stop completed at 2025-12-01 05:28:01.553282
üßπ TTS: Service disposed at 2025-12-01 05:28:01.553491
::endgroup::
::group::‚úÖ test/unit/services/tts_service_behavior_test.dart: TTS Service - Dependency Injection Validation Service can be injected into AudioController
‚èπÔ∏è TTS: Stop requested (current state: TtsState.idle) at 2025-12-01 05:28:01.556333
‚úÖ TTS: Stop completed at 2025-12-01 05:28:01.556822
üßπ TTS: Service disposed at 2025-12-01 05:28:01.557087
::endgroup::
‚úÖ test/unit/services/bible_reading_position_service_test.dart: BibleReadingPositionService Tests should save reading position
‚úÖ test/unit/services/bible_reading_position_service_test.dart: BibleReadingPositionService Tests should return null when no position is saved
‚úÖ test/unit/services/bible_reading_position_service_test.dart: BibleReadingPositionService Tests should clear saved position
‚úÖ test/unit/services/bible_reading_position_service_test.dart: BibleReadingPositionService Tests should update position when saved multiple times
‚úÖ test/unit/services/bible_multiword_search_test.dart: Multi-Word Search Tests SQL exclusion list should handle empty results
‚úÖ test/unit/services/bible_multiword_search_test.dart: Multi-Word Search Tests SQL exclusion list should handle non-empty results
‚úÖ test/unit/services/bible_multiword_search_test.dart: Multi-Word Search Tests Combined exclusion list should handle mixed results
‚úÖ test/unit/services/bible_multiword_search_test.dart: Multi-Word Search Tests Combined exclusion list should handle all empty results
‚úÖ test/unit/services/bible_multiword_search_test.dart: Multi-Word Search Tests Multi-word query formatting should preserve spaces
‚úÖ test/unit/services/bible_multiword_search_test.dart: Multi-Word Search Tests LIKE patterns should handle multi-word queries
‚úÖ test/unit/services/bible_multiword_search_test.dart: Multi-Word Search Tests Search should handle queries with multiple spaces
‚úÖ test/unit/services/bible_multiword_search_test.dart: Multi-Word Search Tests Search results should merge correctly
‚úÖ test/unit/services/bible_multiword_search_test.dart: Multi-Word Search Tests Empty search query should return empty results
‚úÖ test/unit/services/bible_multiword_search_test.dart: Multi-Word Search Tests Search query with special characters should be preserved
‚úÖ test/unit/services/bible_multiword_search_test.dart: Multi-Word Search Tests Rowid extraction should work correctly
‚úÖ test/unit/services/bible_multiword_search_test.dart: Multi-Word Search Tests Search should handle long multi-word queries
‚úÖ test/unit/services/bible_multiword_search_test.dart: Multi-Word Search Tests Priority ordering should be maintained
‚úÖ test/unit/services/bible_multiword_search_test.dart: Multi-Word Search Tests SQL NOT IN clause should work with -1 placeholder
‚úÖ test/unit/services/bible_multiword_search_test.dart: Multi-Word Search Tests SQL NOT IN clause should work with real IDs
‚úÖ test/unit/services/onboarding_service_test.dart: Onboarding Feature Flag Tests Onboarding feature should be disabled by default
‚úÖ test/unit/services/onboarding_service_test.dart: Onboarding Feature Flag Tests Feature flag should prevent onboarding check
‚úÖ test/unit/services/onboarding_service_test.dart: Onboarding Feature Flag Tests Onboarding service should return false when disabled
‚úÖ test/unit/services/onboarding_service_test.dart: Onboarding Feature Flag Tests Feature flag is compile-time constant
‚úÖ test/unit/services/localization_service_test.dart: LocalizationService Tests should initialize with default locale
‚úÖ test/unit/services/localization_service_test.dart: LocalizationService Tests should load translations correctly for each language
‚úÖ test/unit/services/localization_service_test.dart: LocalizationService Tests should return correct TTS locale mappings
‚úÖ test/unit/services/localization_service_test.dart: LocalizationService Tests should return correct native language names
‚úÖ test/unit/services/localization_service_test.dart: LocalizationService Tests should return key when translation not found
‚úÖ test/unit/services/localization_service_test.dart: LocalizationService Tests should support all required locales
‚úÖ test/unit/services/tts_language_initialization_test.dart: TTS Language Initialization Tests - Persistence Validation Language preference should persist correctly in SharedPreferences
‚úÖ test/unit/services/tts_language_initialization_test.dart: TTS Language Initialization Tests - Persistence Validation Language preference should support all app languages - Portuguese
‚úÖ test/unit/services/tts_language_initialization_test.dart: TTS Language Initialization Tests - Persistence Validation Language preference should support all app languages - French
‚úÖ test/unit/services/tts_language_initialization_test.dart: TTS Language Initialization Tests - Persistence Validation Language preference should support all app languages - Japanese
‚úÖ test/unit/services/tts_language_initialization_test.dart: TTS Language Initialization Tests - Persistence Validation Language preference should persist correctly across app restart simulation
‚úÖ test/unit/services/tts_language_initialization_test.dart: TTS Language Initialization Tests - Persistence Validation Language preference can be updated during app session
‚úÖ test/unit/services/tts_language_initialization_test.dart: TTS Language Initialization Tests - Persistence Validation Default Spanish language should not override user selection
‚úÖ test/unit/android/android_15_edge_to_edge_test.dart: Android 15 Edge-to-Edge Configuration Tests Android SDK version constants are properly defined
‚úÖ test/unit/android/android_15_edge_to_edge_test.dart: Android 15 Edge-to-Edge Configuration Tests Edge-to-edge should be enabled on all API levels using WindowCompat
‚úÖ test/unit/android/android_15_edge_to_edge_test.dart: Android 15 Edge-to-Edge Configuration Tests Edge-to-edge configuration backward compatibility
‚úÖ test/unit/android/android_15_edge_to_edge_test.dart: Android 15 Edge-to-Edge Configuration Tests WindowCompat API availability check
‚úÖ test/unit/android/android_15_edge_to_edge_test.dart: Android 15 Edge-to-Edge Configuration Tests Edge-to-edge setup happens BEFORE Flutter initialization
‚úÖ test/unit/android/android_15_edge_to_edge_test.dart: Android 15 Edge-to-Edge Configuration Tests Edge-to-edge configuration should handle Game Loop tests
‚úÖ test/unit/android/android_15_edge_to_edge_test.dart: Android 15 Deprecated API Migration Tests Deprecated status bar APIs should not be used
‚úÖ test/unit/android/android_15_edge_to_edge_test.dart: Android 15 Deprecated API Migration Tests Modern WindowCompat API should be used for insets
‚úÖ test/unit/android/android_15_edge_to_edge_test.dart: Android 15 Deprecated API Migration Tests AndroidX Core dependency version should support WindowCompat
‚úÖ test/unit/android/android_15_edge_to_edge_test.dart: Android 15 Edge-to-Edge Edge Cases Edge-to-edge should handle screen rotation
‚úÖ test/unit/android/android_15_edge_to_edge_test.dart: Android 15 Edge-to-Edge Edge Cases Edge-to-edge should handle different display cutouts
‚úÖ test/unit/android/android_15_edge_to_edge_test.dart: Android 15 Edge-to-Edge Edge Cases Edge-to-edge should not affect fullscreen mode
‚úÖ test/unit/android/android_15_edge_to_edge_test.dart: Android 15 Edge-to-Edge Edge Cases Edge-to-edge should handle fold/unfold on foldable devices
‚úÖ test/unit/android/android_15_edge_to_edge_test.dart: Android 15 Edge-to-Edge Edge Cases Edge-to-edge should maintain touch target areas
‚úÖ test/unit/android/android_15_edge_to_edge_test.dart: Android 15 Compatibility Verification Target SDK should support Android 15
‚úÖ test/unit/android/android_15_edge_to_edge_test.dart: Android 15 Compatibility Verification Compile SDK should be sufficient for Android 15 APIs
‚úÖ test/unit/android/android_15_edge_to_edge_test.dart: Android 15 Compatibility Verification Min SDK backward compatibility is maintained
‚úÖ test/unit/pages/bible_reader_enhancements_test.dart: Bible Reader Font Size Tests should save and load font size preference
‚úÖ test/unit/pages/bible_reader_enhancements_test.dart: Bible Reader Font Size Tests should use default font size when not set
‚úÖ test/unit/pages/bible_reader_enhancements_test.dart: Bible Reader Font Size Tests should increase font size within bounds
‚úÖ test/unit/pages/bible_reader_enhancements_test.dart: Bible Reader Font Size Tests should not increase font size above maximum
‚úÖ test/unit/pages/bible_reader_enhancements_test.dart: Bible Reader Font Size Tests should decrease font size within bounds
‚úÖ test/unit/pages/bible_reader_enhancements_test.dart: Bible Reader Font Size Tests should not decrease font size below minimum
‚úÖ test/unit/pages/bible_reader_enhancements_test.dart: Bible Reader Marked Verses Tests should save and load marked verses
‚úÖ test/unit/pages/bible_reader_enhancements_test.dart: Bible Reader Marked Verses Tests should return empty list when no marked verses
‚úÖ test/unit/pages/bible_reader_enhancements_test.dart: Bible Reader Marked Verses Tests should toggle verse marking
‚úÖ test/unit/pages/bible_reader_enhancements_test.dart: Bible Reader Marked Verses Tests should handle multiple marked verses from different books
‚úÖ test/unit/pages/bible_reader_enhancements_test.dart: Bible Reader Marked Verses Tests should preserve marked verses across sessions
‚úÖ test/unit/pages/bible_reader_enhancements_test.dart: Bible Reader Position Persistence Tests should save reading position
‚úÖ test/unit/pages/bible_reader_enhancements_test.dart: Bible Reader Position Persistence Tests should load reading position
‚úÖ test/unit/pages/bible_reader_enhancements_test.dart: Bible Reader Position Persistence Tests should update position when navigating to different chapter
‚úÖ test/unit/pages/bible_reader_enhancements_test.dart: Bible Reader Position Persistence Tests should update position when navigating to different book
‚úÖ test/unit/pages/bible_reader_enhancements_test.dart: Bible Reader Position Persistence Tests should return null when no position is saved
‚úÖ test/unit/pages/bible_chapter_navigation_test.dart: Bible Chapter Navigation Tests Verse navigation works consecutively (20+ times)
‚úÖ test/unit/pages/bible_chapter_navigation_test.dart: Bible Chapter Navigation Tests Chapter change resets to verse 1
‚úÖ test/unit/pages/bible_chapter_navigation_test.dart: Bible Chapter Navigation Tests Previous chapter navigation within same book
‚úÖ test/unit/pages/bible_chapter_navigation_test.dart: Bible Chapter Navigation Tests Next chapter navigation within same book
‚úÖ test/unit/pages/bible_chapter_navigation_test.dart: Bible Chapter Navigation Tests Previous chapter at book boundary goes to previous book
‚úÖ test/unit/pages/bible_chapter_navigation_test.dart: Bible Chapter Navigation Tests Next chapter at book boundary goes to next book
‚úÖ test/unit/pages/bible_chapter_navigation_test.dart: Bible Chapter Navigation Tests Scroll calculation with verse index
‚úÖ test/unit/pages/bible_chapter_navigation_test.dart: Bible Chapter Navigation Tests Scroll position clamping to valid range
‚úÖ test/unit/pages/bible_chapter_navigation_test.dart: Bible Chapter Navigation Tests Scroll to top when changing chapters
‚úÖ test/unit/pages/bible_chapter_navigation_test.dart: Bible Chapter Navigation Tests Verse keys map creation for Psalm 119
‚úÖ test/unit/pages/bible_chapter_navigation_test.dart: Bible Chapter Navigation Tests Verse reset maintains selected verse within bounds
‚úÖ test/unit/pages/bible_chapter_navigation_test.dart: Bible Chapter Navigation Tests Book navigation boundary check
‚úÖ test/unit/pages/bible_chapter_navigation_test.dart: Bible Chapter Navigation Tests Chapter title format for navigation bar
‚úÖ test/unit/pages/bible_chapter_navigation_test.dart: Bible Chapter Navigation Tests Forward navigation sequence Psalm 119
‚úÖ test/unit/pages/bible_chapter_navigation_test.dart: Bible Chapter Navigation Tests Backward navigation sequence Psalm 119
‚úÖ test/unit/pages/progress_page_tip_test.dart: Progress Page Tip Banner Logic Tests Tip banner only shows twice maximum
‚úÖ test/unit/pages/progress_page_tip_test.dart: Progress Page Tip Banner Logic Tests Tip counter increments correctly
‚úÖ test/unit/pages/progress_page_tip_test.dart: Progress Page Tip Banner Logic Tests Tip banner shows when count is less than 2
‚úÖ test/unit/pages/progress_page_tip_test.dart: Progress Page Tip Banner Logic Tests Tip banner does not show when count is 2 or more
‚úÖ test/unit/pages/progress_page_tip_test.dart: Progress Page Tip Banner Logic Tests Tip banner counter initializes to 0 by default
‚úÖ test/unit/pages/progress_page_tip_test.dart: Progress Page Dispose Behavior Tests ScaffoldMessenger hideCurrentSnackBar should be callable
‚úÖ test/unit/pages/progress_page_tip_test.dart: Progress Page Dispose Behavior Tests Progress page should clean up resources on dispose
‚úÖ test/unit/pages/bible_reader_page_test.dart: BibleReaderPage Widget Tests should create BibleReaderPage with versions
‚úÖ test/unit/pages/bible_reader_page_test.dart: BibleReaderPage Widget Tests should show loading indicator initially
‚úÖ test/unit/pages/bible_reader_page_test.dart: BibleReaderPage Widget Tests should have AppBar with title
‚úÖ test/unit/pages/bible_reader_page_test.dart: BibleReaderPage Widget Tests should accept empty versions list
‚úÖ test/unit/pages/bible_reader_page_border_theme_test.dart: BibleReaderPage Border Theme Integration Tests OutlinedButton respects theme border color in light mode
‚úÖ test/unit/pages/bible_reader_page_border_theme_test.dart: BibleReaderPage Border Theme Integration Tests OutlinedButton respects theme border color in dark mode
‚úÖ test/unit/pages/bible_reader_page_border_theme_test.dart: BibleReaderPage Border Theme Integration Tests Theme border color can be extracted for custom containers
‚úÖ test/unit/pages/bible_reader_page_border_theme_test.dart: BibleReaderPage Border Theme Integration Tests Container can use theme border color via Theme.of(context)
‚úÖ test/unit/pages/bible_reader_page_border_theme_test.dart: BibleReaderPage Border Theme Integration Tests All themes provide correct border color
‚úÖ test/unit/pages/bible_reader_fixes_test.dart: Bible Search Priority Tests search should prioritize exact word matches
‚úÖ test/unit/pages/bible_reader_fixes_test.dart: Bible Search Priority Tests search should handle word at start of text
‚úÖ test/unit/pages/bible_reader_fixes_test.dart: Bible Search Priority Tests search should handle partial matches as lowest priority
‚úÖ test/unit/pages/bible_reader_fixes_test.dart: Bible Verse Selector Tests should validate verse number within chapter range
‚úÖ test/unit/pages/bible_reader_fixes_test.dart: Bible Verse Selector Tests should initialize verse to 1 when changing chapters
‚úÖ test/unit/pages/bible_reader_fixes_test.dart: Book Search Filter Tests should filter books by partial name match
‚úÖ test/unit/pages/bible_reader_fixes_test.dart: Book Search Filter Tests should require minimum 2 characters for filtering
‚úÖ test/unit/pages/bible_reader_fixes_test.dart: Book Search Filter Tests should filter books case-insensitively
‚úÖ test/unit/pages/bible_reader_fixes_test.dart: Font Size Controls Tests font controls should be hideable
‚úÖ test/unit/pages/bible_reader_fixes_test.dart: Font Size Controls Tests font size should stay within bounds
‚úÖ test/unit/pages/bible_reader_fixes_test.dart: Marked Verses Persistence Tests marked verses should persist in set
‚úÖ test/unit/pages/bible_reader_fixes_test.dart: Marked Verses Persistence Tests marked verses should use correct key format
‚úÖ test/unit/pages/bible_reader_fixes_test.dart: Marked Verses Persistence Tests should toggle verse marking correctly
‚úÖ test/unit/pages/bible_reader_fixes_test.dart: BibleDbService Tests should create BibleDbService instance
‚úÖ test/unit/pages/bible_reader_fixes_test.dart: BibleDbService Tests should have searchVerses method
‚úÖ test/unit/pages/bible_reader_fixes_test.dart: BibleDbService Tests should have findBookByName method
‚úÖ test/unit/pages/bible_consecutive_verse_navigation_test.dart: Consecutive Verse Navigation Tests Verse keys should be created for all verses in chapter
‚úÖ test/unit/pages/bible_consecutive_verse_navigation_test.dart: Consecutive Verse Navigation Tests Verse keys should persist across multiple selections
‚úÖ test/unit/pages/bible_consecutive_verse_navigation_test.dart: Consecutive Verse Navigation Tests Consecutive forward navigation (Psalm 119 verses 1-15)
‚úÖ test/unit/pages/bible_consecutive_verse_navigation_test.dart: Consecutive Verse Navigation Tests Consecutive backward navigation (Psalm 119 verses 176-160)
‚úÖ test/unit/pages/bible_consecutive_verse_navigation_test.dart: Consecutive Verse Navigation Tests Random verse navigation (10 consecutive selections)
‚úÖ test/unit/pages/bible_consecutive_verse_navigation_test.dart: Consecutive Verse Navigation Tests Verse navigation with state updates
‚úÖ test/unit/pages/bible_consecutive_verse_navigation_test.dart: Consecutive Verse Navigation Tests Mixed chapter and verse navigation
‚úÖ test/unit/pages/bible_consecutive_verse_navigation_test.dart: Consecutive Verse Navigation Tests Verse dropdown value should update correctly
‚úÖ test/unit/pages/bible_consecutive_verse_navigation_test.dart: Consecutive Verse Navigation Tests GlobalKey context should be available after build
‚úÖ test/unit/pages/bible_consecutive_verse_navigation_test.dart: Consecutive Verse Navigation Tests Psalm 119 full navigation test (10+ consecutive)
‚úÖ test/unit/pages/bible_reader_navigation_test.dart: Bible Verse Navigation Tests should calculate scroll position for verse
‚úÖ test/unit/pages/bible_reader_navigation_test.dart: Bible Verse Navigation Tests should handle verse index 0 (first verse)
‚úÖ test/unit/pages/bible_reader_navigation_test.dart: Bible Verse Navigation Tests should handle last verse in chapter
‚úÖ test/unit/pages/bible_reader_navigation_test.dart: Marked Verses Save Functionality Tests should add selected verses to persistent marked verses
‚úÖ test/unit/pages/bible_reader_navigation_test.dart: Marked Verses Save Functionality Tests should not duplicate verses when saving
‚úÖ test/unit/pages/bible_reader_navigation_test.dart: Marked Verses Save Functionality Tests should clear selected verses after save
‚úÖ test/unit/pages/bible_reader_navigation_test.dart: Translation Keys Tests should have all required bible translation keys
‚úÖ test/unit/pages/bible_reader_navigation_test.dart: Translation Keys Tests should follow translation key naming convention
‚úÖ test/unit/pages/bible_reader_navigation_test.dart: ScrollController Integration Tests should handle scrolling to verse number
‚úÖ test/unit/pages/bible_reader_navigation_test.dart: ScrollController Integration Tests should return -1 for non-existent verse
‚úÖ test/unit/pages/bible_reader_navigation_test.dart: Search Result Navigation Tests should extract verse number from search result
‚úÖ test/unit/pages/bible_reader_navigation_test.dart: Search Result Navigation Tests should handle search result with all required fields
‚úÖ test/unit/pages/devocionales_page_share_test.dart: Devotional Sharing Logic Tests Devotional model should have all required fields
‚úÖ test/unit/pages/devocionales_page_share_test.dart: Devotional Sharing Logic Tests Meditations should be formatted correctly for sharing
‚úÖ test/unit/pages/devocionales_page_share_test.dart: Devotional Sharing Logic Tests Share text should not duplicate app invitation message
‚úÖ test/unit/pages/devocionales_page_share_test.dart: Devotional Sharing Logic Tests Divider length validation - should be 20 characters
‚úÖ test/unit/pages/devocionales_page_share_test.dart: Devotional Sharing Logic Tests Share text edge case: empty meditations
‚úÖ test/unit/pages/devocionales_page_share_test.dart: Devotional Sharing Logic Tests Share text edge case: very long content
‚úÖ test/unit/pages/devocionales_page_share_test.dart: Devotional Sharing Logic Tests Share text edge case: special characters in content
‚úÖ test/unit/pages/devocionales_page_share_test.dart: Devotional Sharing Logic Tests Share text edge case: null optional fields
‚úÖ test/unit/pages/devocionales_page_share_test.dart: ParaMeditar Model Tests ParaMeditar should store citation and text correctly
‚úÖ test/unit/pages/devocionales_page_share_test.dart: ParaMeditar Model Tests Multiple meditations should be independent
‚úÖ test/unit/pages/devocionales_page_share_test.dart: Sharing Functionality Integration Tests ShareAsText should only include devotional content
‚úÖ test/unit/pages/devocionales_page_share_test.dart: Sharing Functionality Integration Tests Drawer share message should be separate
‚úÖ test/unit/pages/devocionales_page_share_test.dart: Direct Share Behavior Tests Share button should trigger text share directly
‚úÖ test/unit/pages/devocionales_page_share_test.dart: Direct Share Behavior Tests Share as image functionality should be commented out
‚úÖ test/unit/pages/devocionales_page_share_test.dart: Direct Share Behavior Tests Share options dialog should be commented out
‚úÖ test/unit/pages/devocionales_page_share_test.dart: Direct Share Behavior Tests Direct share behavior matches user flow
‚úÖ test/unit/pages/prayers_page_tabs_test.dart: Prayers Page Tab Logic Tests Tab labels are properly formatted with line breaks
‚úÖ test/unit/pages/prayers_page_tabs_test.dart: Prayers Page Tab Logic Tests Prayers page should have 3 tabs
‚úÖ test/unit/pages/prayers_page_tabs_test.dart: Prayers Page Tab Logic Tests Tab labels use FittedBox for auto-scaling
‚úÖ test/unit/pages/prayers_page_tabs_test.dart: Prayers Page Tab Logic Tests Tabs should be scrollable to accommodate all options
‚úÖ test/unit/pages/prayers_page_tabs_test.dart: Prayers Page Tab Logic Tests Active tab icon is schedule icon
‚úÖ test/unit/pages/prayers_page_tabs_test.dart: Prayers Page Tab Logic Tests Answered tab icon is check circle icon
‚úÖ test/unit/pages/prayers_page_tabs_test.dart: Prayers Page Tab Logic Tests Thanksgiving tab uses emoji icon
‚úÖ test/unit/pages/prayers_page_tabs_test.dart: Prayers Page Tab Logic Tests Tab padding allows proper fitting
‚úÖ test/unit/pages/prayers_page_tabs_test.dart: Prayers Page Tab User Behavior Tests User can view active prayers
‚úÖ test/unit/pages/prayers_page_tabs_test.dart: Prayers Page Tab User Behavior Tests User can view answered prayers
‚úÖ test/unit/pages/prayers_page_tabs_test.dart: Prayers Page Tab User Behavior Tests User can view thanksgivings
‚úÖ test/unit/pages/prayers_page_tabs_test.dart: Prayers Page Tab User Behavior Tests Tab controller manages 3 tabs
‚úÖ test/unit/pages/bible_reader_scroll_precision_test.dart: Bible Verse Scroll Precision Tests should calculate accurate scroll position based on text length
‚úÖ test/unit/pages/bible_reader_scroll_precision_test.dart: Bible Verse Scroll Precision Tests should calculate accurate scroll position for long verse (Psalm 119)
‚úÖ test/unit/pages/bible_reader_scroll_precision_test.dart: Bible Verse Scroll Precision Tests should accumulate height correctly for multiple verses
‚úÖ test/unit/pages/bible_reader_scroll_precision_test.dart: Bible Verse Scroll Precision Tests should handle Psalm 119 navigation (176 verses)
‚úÖ test/unit/pages/bible_reader_scroll_precision_test.dart: Bible Verse Scroll Precision Tests should clamp scroll position to max scroll extent
‚úÖ test/unit/pages/bible_reader_scroll_precision_test.dart: Bible Verse Scroll Precision Tests should not scroll below 0
‚úÖ test/unit/pages/bible_reader_scroll_precision_test.dart: Bible Verse Scroll Precision Tests should center verse on screen with offset
‚úÖ test/unit/pages/bible_reader_scroll_precision_test.dart: Bible Verse Scroll Precision Tests should handle different font sizes
‚úÖ test/unit/pages/bible_reader_scroll_precision_test.dart: Bible Verse Scroll Precision Tests should handle verse 1 (first verse)
‚úÖ test/unit/pages/bible_reader_scroll_precision_test.dart: Bible Verse Scroll Precision Tests should find correct verse index for verse 119 in Psalm 119
‚úÖ test/unit/pages/bible_reader_scroll_precision_test.dart: Bible Verse Scroll Precision Tests should handle mid-chapter verse navigation
‚úÖ test/unit/pages/bible_reader_scroll_precision_test.dart: Bottom Sheet Modal Tests should format single verse reference correctly
‚úÖ test/unit/pages/bible_reader_scroll_precision_test.dart: Bottom Sheet Modal Tests should format verse range reference correctly
‚úÖ test/unit/pages/bible_reader_scroll_precision_test.dart: Bottom Sheet Modal Tests should handle non-contiguous verses
‚úÖ test/unit/pages/bible_simplified_scroll_test.dart: Simplified Verse Scroll Tests GlobalKey approach uses Scrollable.ensureVisible
‚úÖ test/unit/pages/bible_simplified_scroll_test.dart: Simplified Verse Scroll Tests should scroll to exact verse regardless of text length
‚úÖ test/unit/pages/bible_simplified_scroll_test.dart: Simplified Verse Scroll Tests should scroll accurately with different font sizes
‚úÖ test/unit/pages/bible_simplified_scroll_test.dart: Simplified Verse Scroll Tests should handle Psalm 119 navigation accurately
‚úÖ test/unit/pages/bible_simplified_scroll_test.dart: Simplified Verse Scroll Tests should position verse at 20% from top
‚úÖ test/unit/pages/bible_simplified_scroll_test.dart: Simplified Verse Scroll Tests GlobalKey map should be cleared when loading new chapter
‚úÖ test/unit/pages/bible_simplified_scroll_test.dart: Simplified Verse Scroll Tests should create unique GlobalKey for each verse
‚úÖ test/unit/pages/bible_simplified_scroll_test.dart: Simplified Verse Scroll Tests should handle verse not found gracefully
‚úÖ test/unit/pages/bible_simplified_scroll_test.dart: Search Results Message Tests should show helpful retry message when no results
‚úÖ test/unit/pages/bible_simplified_scroll_test.dart: Search Results Message Tests should keep user on search screen when no results
‚úÖ test/unit/pages/bible_simplified_scroll_test.dart: Text Normalization in Sharing Tests BibleTextNormalizer should remove HTML tags
‚úÖ test/unit/pages/bible_simplified_scroll_test.dart: Text Normalization in Sharing Tests shared verse text should not contain brackets
‚úÖ test/unit/pages/bible_simplified_scroll_test.dart: Text Normalization in Sharing Tests shared verse text should not contain angle brackets
‚úÖ test/unit/language_initialization_test.dart: Language Initialization and Feature Flags Tests Feature flags should be properly defined
‚úÖ test/unit/language_initialization_test.dart: Language Initialization and Feature Flags Tests Feature flags should be compile-time constants
‚úÖ test/unit/widgets/bible_verse_grid_selector_test.dart: Bible Verse Grid Selector Tests Should display grid with correct number of verses
‚úÖ test/unit/widgets/bible_verse_grid_selector_test.dart: Bible Verse Grid Selector Tests Should highlight selected verse
‚úÖ test/unit/widgets/bible_verse_grid_selector_test.dart: Bible Verse Grid Selector Tests Should handle Psalm 119 (176 verses)
‚úÖ test/unit/widgets/bible_verse_grid_selector_test.dart: Bible Verse Grid Selector Tests Should call callback when verse is tapped
‚úÖ test/unit/widgets/bible_verse_grid_selector_test.dart: Bible Verse Grid Selector Tests Should display book and chapter info in header
‚úÖ test/unit/widgets/prayers_page_badges_test.dart: Prayers Page Count Badges should display count badge for active prayers
‚úÖ test/unit/widgets/bible_verse_grid_selector_test.dart: Bible Verse Grid Selector Tests Should handle single verse chapter
‚úÖ test/unit/widgets/prayers_page_badges_test.dart: Prayers Page Count Badges should display count badge for answered prayers
‚úÖ test/unit/widgets/prayers_page_badges_test.dart: Prayers Page Count Badges should display count badge for thanksgivings
‚úÖ test/unit/widgets/prayers_page_badges_test.dart: Prayers Page Count Badges should not display badge when count is zero
‚úÖ test/unit/widgets/bible_verse_grid_selector_test.dart: Bible Verse Grid Selector Tests Should close dialog when close button is tapped
‚úÖ test/unit/widgets/prayers_page_badges_test.dart: Prayers Page Count Badges should display 99+ for counts over 99
‚úÖ test/unit/widgets/prayers_page_badges_test.dart: Prayers Page Count Badges should display multiple badges for different tabs
‚úÖ test/unit/widgets/bible_verse_grid_selector_test.dart: Bible Verse Grid Selector Tests Should display scrollbar for long chapters
‚úÖ test/unit/widgets/bible_verse_grid_selector_test.dart: Bible Verse Grid Selector Tests Grid should arrange verses in 8 columns
‚úÖ test/unit/widgets/bible_verse_grid_selector_test.dart: Bible Verse Grid Selector Tests Should navigate multiple verses in sequence
‚úÖ test/unit/widgets/bible_verse_grid_selector_test.dart: Bible Verse Grid Selector Tests Should handle rapid verse selections
‚úÖ test/unit/widgets/bible_verse_grid_selector_test.dart: Bible Verse Grid Selector Tests Should work with different book names
‚úÖ test/unit/widgets/bible_verse_grid_selector_test.dart: Verse Grid Edge Cases Should handle first verse selection
‚úÖ test/unit/widgets/bible_verse_grid_selector_test.dart: Verse Grid Edge Cases Should handle last verse selection
‚úÖ test/unit/widgets/bible_verse_grid_selector_test.dart: Verse Grid Edge Cases Should handle middle verse selection
‚úÖ test/unit/widgets/bible_chapter_grid_selector_test.dart: Bible Chapter Grid Selector Tests Should display grid with correct number of chapters
‚úÖ test/unit/widgets/bible_chapter_grid_selector_test.dart: Bible Chapter Grid Selector Tests Should highlight selected chapter
‚úÖ test/unit/widgets/bible_chapter_grid_selector_test.dart: Bible Chapter Grid Selector Tests Should handle Psalms (150 chapters)
‚úÖ test/unit/translations/drawer_and_url_test.dart: Drawer Translation Tests Spanish drawer label should say "Oraciones y agradecimientos"
‚úÖ test/unit/translations/drawer_and_url_test.dart: Drawer Translation Tests English drawer label should say "Prayers and thanksgivings"
‚úÖ test/unit/translations/drawer_and_url_test.dart: Drawer Translation Tests French drawer label should say "Pri√®res et remerciements"
‚úÖ test/unit/translations/drawer_and_url_test.dart: Drawer Translation Tests Portuguese drawer label should say "Ora√ß√µes e agradecimentos"
‚úÖ test/unit/translations/drawer_and_url_test.dart: Drawer Translation Tests Japanese drawer label should say "Á•à„Çä„Å®ÊÑüË¨ù"
‚úÖ test/unit/translations/drawer_and_url_test.dart: Drawer Translation Tests All 5 languages have updated drawer labels
‚úÖ test/unit/translations/drawer_and_url_test.dart: Website URL Tests About page should have correct website URL without trailing slash
‚úÖ test/unit/translations/drawer_and_url_test.dart: Website URL Tests Website URL appears in both display text and launchURL call
‚úÖ test/unit/widgets/bible_chapter_grid_selector_test.dart: Bible Chapter Grid Selector Tests Should call callback when chapter is tapped
‚úÖ test/unit/widgets/bible_chapter_grid_selector_test.dart: Bible Chapter Grid Selector Tests Should display book name in header
‚úÖ test/unit/widgets/bible_chapter_grid_selector_test.dart: Bible Chapter Grid Selector Tests Should handle single chapter book
‚úÖ test/unit/widgets/bible_chapter_grid_selector_test.dart: Bible Chapter Grid Selector Tests Should close dialog when close button is tapped
‚úÖ test/unit/widgets/bible_chapter_grid_selector_test.dart: Bible Chapter Grid Selector Tests Should display scrollbar for long books
‚úÖ test/unit/widgets/bible_chapter_grid_selector_test.dart: Bible Chapter Grid Selector Tests Grid should arrange chapters in 6 columns
‚úÖ test/unit/widgets/bible_chapter_grid_selector_test.dart: Bible Chapter Grid Selector Tests Should navigate multiple chapters in sequence
‚úÖ test/unit/widgets/bible_chapter_grid_selector_test.dart: Bible Chapter Grid Selector Tests Should handle rapid chapter selections
‚úÖ test/unit/features/thanksgiving_user_flow_test.dart: Thanksgiving Feature User Behavior Tests User can tap FAB to show prayer/thanksgiving choice
‚úÖ test/unit/features/thanksgiving_user_flow_test.dart: Thanksgiving Feature User Behavior Tests Thanksgiving option shows correct emoji and label
‚úÖ test/unit/features/thanksgiving_user_flow_test.dart: Thanksgiving Feature User Behavior Tests User can add a new thanksgiving
‚úÖ test/unit/features/thanksgiving_user_flow_test.dart: Thanksgiving Feature User Behavior Tests Thanksgiving modal allows text input
‚úÖ test/unit/features/thanksgiving_user_flow_test.dart: Thanksgiving Feature User Behavior Tests User flow: Complete thanksgiving creation
‚úÖ test/unit/features/thanksgiving_user_flow_test.dart: Thanksgiving Feature User Behavior Tests Thanksgiving feature is accessible from devocionales page
‚úÖ test/unit/features/thanksgiving_user_flow_test.dart: Thanksgiving Feature User Behavior Tests Thanksgiving can have long text content
‚úÖ test/unit/features/thanksgiving_user_flow_test.dart: Thanksgiving Feature User Behavior Tests Multiple thanksgivings can be added
‚úÖ test/unit/features/thanksgiving_user_flow_test.dart: Thanksgiving Feature User Behavior Tests Thanksgiving date is captured correctly
‚úÖ test/unit/widgets/bible_chapter_grid_selector_test.dart: Bible Chapter Grid Selector Tests Should work with different book names
‚úÖ test/unit/widgets/bible_chapter_grid_selector_test.dart: Chapter Grid Edge Cases Should handle first chapter selection
‚úÖ test/unit/widgets/bible_chapter_grid_selector_test.dart: Chapter Grid Edge Cases Should handle last chapter selection
‚úÖ test/unit/widgets/bible_chapter_grid_selector_test.dart: Chapter Grid Edge Cases Should handle middle chapter selection
::group::‚úÖ test/bible_text_formatter_test.dart: Bible Text Formatter Tests should format Bible books correctly for all supported languages
[BibleTextFormatter] formatBibleBook called with reference="1 Juan", language="es"
[BibleTextFormatter] formatBibleBook called with reference="2 Corintios", language="es"
[BibleTextFormatter] formatBibleBook called with reference="3 Juan", language="es"
[BibleTextFormatter] formatBibleBook called with reference="G√©nesis", language="es"
[BibleTextFormatter] formatBibleBook called with reference="1 John", language="en"
[BibleTextFormatter] formatBibleBook called with reference="2 Corinthians", language="en"
[BibleTextFormatter] formatBibleBook called with reference="3 John", language="en"
[BibleTextFormatter] formatBibleBook called with reference="Genesis", language="en"
[BibleTextFormatter] formatBibleBook called with reference="1 Jo√£o", language="pt"
[BibleTextFormatter] formatBibleBook called with reference="2 Cor√≠ntios", language="pt"
[BibleTextFormatter] formatBibleBook called with reference="3 Jo√£o", language="pt"
[BibleTextFormatter] formatBibleBook called with reference="G√™nesis", language="pt"
[BibleTextFormatter] formatBibleBook called with reference="1 Jean", language="fr"
[BibleTextFormatter] formatBibleBook called with reference="2 Corinthiens", language="fr"
[BibleTextFormatter] formatBibleBook called with reference="3 Jean", language="fr"
[BibleTextFormatter] formatBibleBook called with reference="Gen√®se", language="fr"
::endgroup::
::group::‚úÖ test/bible_text_formatter_test.dart: Bible Text Formatter Tests should format Bible books in middle of sentence for all languages
[BibleTextFormatter] formatBibleBook called with reference="En la reflexi√≥n, 2 Pedro nos ense√±a", language="es"
[BibleTextFormatter] formatBibleBook called with reference="Como dice 1 Juan sobre el amor", language="es"
[BibleTextFormatter] formatBibleBook called with reference="In the reflection, 2 Peter teaches us", language="en"
[BibleTextFormatter] formatBibleBook called with reference="As 1 John says about love", language="en"
[BibleTextFormatter] formatBibleBook called with reference="Na reflex√£o, 2 Pedro nos ensina", language="pt"
[BibleTextFormatter] formatBibleBook called with reference="Dans la r√©flexion, 2 Pierre nous enseigne", language="fr"
::endgroup::
::group::‚úÖ test/bible_text_formatter_test.dart: Bible Text Formatter Tests should format multiple Bible books in same text
[BibleTextFormatter] formatBibleBook called with reference="1 Juan y 2 Pedro hablan del amor", language="es"
[BibleTextFormatter] formatBibleBook called with reference="1 John and 2 Peter speak about love", language="en"
::endgroup::
‚úÖ test/bible_text_formatter_test.dart: Bible Text Formatter Tests should return Bible version expansions for all languages
::group::‚úÖ test/bible_text_formatter_test.dart: Bible Text Formatter Tests should default to Spanish for unknown languages
[BibleTextFormatter] formatBibleBook called with reference="1 Juan", language="unknown"
[BibleTextFormatter] Unknown language "unknown", using Spanish as default
::endgroup::

üéâ 524 tests passed.
