SF:lib\services\tts\bible_text_formatter.dart
DA:7,5
DA:8,10
DA:9,5
DA:11,5
DA:12,5
DA:13,4
DA:14,3
DA:15,4
DA:16,3
DA:17,4
DA:18,3
DA:20,6
DA:21,3
DA:22,3
DA:27,5
DA:30,5
DA:31,10
DA:33,5
DA:34,5
DA:37,5
DA:40,3
DA:43,3
DA:49,10
DA:55,3
DA:56,3
DA:57,6
DA:59,2
DA:60,2
DA:62,2
DA:63,2
DA:65,2
DA:66,4
DA:67,2
DA:74,3
DA:75,3
DA:76,6
DA:78,2
DA:79,2
DA:81,2
DA:82,2
DA:84,2
DA:85,4
DA:86,2
DA:93,3
DA:94,3
DA:95,6
DA:97,2
DA:98,2
DA:100,2
DA:101,2
DA:103,2
DA:104,4
DA:105,2
DA:112,2
DA:114,2
DA:115,2
DA:119,2
DA:120,2
DA:124,2
DA:125,2
DA:129,2
DA:130,2
DA:135,1
LF:63
LH:63
end_of_record
SF:lib\services\compression_service.dart
DA:11,1
DA:14,1
DA:17,1
DA:20,2
DA:22,2
DA:23,3
DA:25,1
DA:27,0
DA:29,0
DA:34,1
DA:37,2
DA:40,1
DA:43,1
DA:45,2
DA:46,3
DA:50,3
DA:54,1
DA:55,1
DA:57,3
DA:64,0
DA:65,0
DA:66,0
DA:71,0
DA:72,0
DA:77,0
DA:78,0
DA:82,0
DA:84,0
DA:86,0
DA:87,0
DA:88,0
DA:90,0
DA:91,0
DA:94,0
DA:96,0
DA:97,0
DA:99,0
DA:101,0
DA:102,0
DA:107,0
DA:109,0
DA:110,0
DA:112,0
DA:113,0
DA:114,0
DA:115,0
DA:116,0
DA:117,0
DA:121,0
DA:125,0
LF:50
LH:17
end_of_record
SF:lib\providers\devocional_provider.dart
DA:45,4
DA:47,4
DA:49,4
DA:51,8
DA:53,8
DA:55,4
DA:57,4
DA:60,8
DA:62,8
DA:64,8
DA:67,4
DA:69,6
DA:71,6
DA:73,0
DA:74,0
DA:76,0
DA:77,0
DA:80,6
DA:82,6
DA:84,0
DA:85,0
DA:91,4
DA:94,1
DA:95,2
DA:99,3
DA:100,3
DA:104,5
DA:105,10
DA:108,10
DA:109,10
DA:112,15
DA:114,10
DA:117,2
DA:120,2
DA:123,2
DA:127,0
DA:128,0
DA:130,0
DA:131,0
DA:134,0
DA:135,0
DA:138,0
DA:139,0
DA:141,0
DA:142,0
DA:146,0
DA:148,0
DA:149,0
DA:150,0
DA:152,0
DA:153,0
DA:154,0
DA:156,0
DA:157,0
DA:158,0
DA:160,0
DA:164,2
DA:165,2
DA:172,0
DA:173,0
DA:175,0
DA:176,0
DA:177,0
DA:180,2
DA:181,4
DA:184,2
DA:185,4
DA:188,2
DA:189,4
DA:192,0
DA:193,0
DA:196,0
DA:197,0
DA:200,2
DA:201,4
DA:204,2
DA:205,4
DA:208,1
DA:209,2
DA:212,0
DA:213,0
DA:216,2
DA:217,4
DA:221,2
DA:223,4
DA:227,2
DA:228,4
DA:231,2
DA:232,4
DA:235,0
DA:236,0
DA:239,0
DA:241,0
DA:242,0
DA:243,0
DA:246,0
DA:247,0
DA:249,0
DA:254,2
DA:255,2
DA:256,2
DA:257,2
DA:258,2
DA:261,4
DA:264,2
DA:265,4
DA:268,0
DA:269,0
DA:270,0
DA:275,4
DA:276,6
DA:277,2
DA:278,4
DA:279,6
DA:280,4
DA:282,4
DA:283,6
DA:286,0
DA:287,0
DA:288,0
DA:290,4
DA:291,4
DA:292,4
DA:293,6
DA:294,2
DA:296,2
DA:300,0
DA:302,0
DA:304,0
DA:307,0
DA:309,0
DA:311,0
DA:312,0
DA:313,0
DA:314,0
DA:319,0
DA:320,0
DA:321,0
DA:322,0
DA:326,0
DA:329,0
DA:330,0
DA:332,0
DA:333,0
DA:334,0
DA:336,0
DA:337,0
DA:339,0
DA:345,0
DA:346,0
DA:347,0
DA:348,0
DA:351,0
DA:352,0
DA:353,0
DA:354,0
DA:356,0
DA:357,0
DA:358,0
DA:359,0
DA:360,0
DA:361,0
DA:363,0
DA:366,0
DA:370,2
DA:371,2
DA:373,4
DA:374,2
DA:375,2
DA:376,2
DA:380,2
DA:381,2
DA:382,2
DA:385,4
DA:386,6
DA:388,2
DA:389,0
DA:390,0
DA:393,2
DA:397,2
DA:398,4
DA:399,2
DA:400,2
DA:401,2
DA:404,4
DA:405,6
DA:408,2
DA:413,0
DA:414,0
DA:415,0
DA:418,0
DA:419,0
DA:420,0
DA:421,0
DA:425,0
DA:426,0
DA:427,0
DA:428,0
DA:430,0
DA:433,2
DA:434,4
DA:437,0
DA:438,0
DA:439,0
DA:448,0
DA:450,0
DA:451,0
DA:452,0
DA:453,0
DA:454,0
DA:455,0
DA:457,0
DA:461,0
DA:462,0
DA:463,0
DA:464,0
DA:465,0
DA:467,0
DA:472,0
DA:473,0
DA:474,0
DA:480,0
DA:482,0
DA:483,0
DA:484,0
DA:486,0
DA:491,0
DA:492,0
DA:493,0
DA:496,2
DA:497,2
DA:498,2
DA:499,2
DA:500,2
DA:504,5
DA:505,5
DA:507,12
DA:509,4
DA:510,0
DA:515,5
DA:517,5
DA:519,8
DA:520,6
DA:522,1
DA:523,4
DA:527,4
DA:530,4
DA:531,3
DA:532,3
DA:534,3
DA:539,0
DA:540,0
DA:542,0
DA:543,0
DA:544,0
DA:547,0
DA:548,0
DA:549,0
DA:550,0
DA:551,0
DA:553,0
DA:554,0
DA:555,0
DA:556,0
DA:557,0
DA:558,0
DA:559,0
DA:560,0
DA:561,0
DA:562,0
DA:565,0
DA:567,0
DA:568,0
DA:572,0
DA:573,0
DA:574,0
DA:576,0
DA:577,0
DA:580,0
DA:581,0
DA:584,0
DA:585,0
DA:589,2
DA:592,2
DA:593,1
DA:595,1
DA:597,0
DA:598,0
DA:600,3
DA:605,0
DA:607,0
DA:608,0
DA:610,0
DA:611,0
DA:612,0
DA:613,0
DA:617,0
DA:618,0
DA:620,0
DA:621,0
DA:622,0
DA:627,2
DA:628,2
DA:631,0
DA:632,0
DA:635,0
DA:639,0
DA:645,0
DA:646,0
DA:647,0
DA:651,0
DA:652,0
DA:653,0
DA:657,0
DA:658,0
DA:661,0
DA:662,0
DA:666,0
DA:667,0
DA:668,0
DA:672,0
DA:674,0
DA:675,0
DA:676,0
DA:677,0
DA:679,0
DA:681,0
DA:683,0
DA:684,0
DA:685,0
DA:687,0
DA:692,0
DA:695,0
DA:699,0
DA:700,0
DA:703,0
DA:708,0
DA:712,0
DA:713,0
DA:714,0
DA:715,0
DA:716,0
DA:723,4
DA:724,8
DA:725,12
DA:728,2
DA:730,6
DA:732,6
DA:736,0
DA:737,0
DA:738,0
DA:741,4
DA:742,4
DA:743,4
DA:746,0
DA:747,0
DA:751,2
DA:753,4
DA:756,6
DA:757,4
DA:760,4
DA:762,2
DA:763,4
DA:766,2
DA:768,0
DA:787,2
DA:788,6
DA:790,4
DA:792,0
DA:795,2
DA:797,4
DA:798,0
DA:802,2
DA:803,0
DA:806,2
DA:809,2
DA:811,2
DA:812,4
DA:813,2
DA:814,2
DA:815,2
DA:817,2
DA:818,2
DA:821,2
DA:822,2
DA:824,0
DA:828,0
DA:829,0
DA:830,0
DA:831,0
DA:833,0
DA:835,0
DA:836,0
DA:837,0
DA:843,2
DA:844,4
DA:845,4
DA:850,2
DA:851,2
DA:852,2
DA:853,2
DA:854,4
DA:857,2
DA:858,2
DA:860,4
DA:861,6
DA:862,4
DA:865,2
DA:866,4
DA:868,4
DA:869,2
DA:870,2
DA:873,0
DA:874,0
DA:875,0
DA:879,0
DA:880,0
DA:882,0
DA:884,0
DA:885,0
DA:887,0
DA:890,0
DA:893,0
DA:896,0
DA:898,0
DA:899,0
DA:901,0
DA:903,0
DA:904,0
DA:906,0
DA:907,0
DA:908,0
DA:911,0
DA:917,2
DA:918,4
DA:919,2
DA:921,2
DA:922,0
DA:923,0
DA:926,2
DA:927,2
DA:928,2
DA:929,2
DA:930,2
DA:933,2
DA:934,2
DA:935,2
DA:936,2
DA:945,0
LF:449
LH:188
end_of_record
SF:lib\blocs\backup_bloc.dart
DA:17,1
DA:25,1
DA:27,2
DA:28,2
DA:29,2
DA:30,2
DA:31,2
DA:32,2
DA:33,2
DA:34,2
DA:35,2
DA:36,2
DA:37,2
DA:38,2
DA:42,0
DA:43,0
DA:47,1
DA:51,2
DA:54,1
DA:56,2
DA:57,3
DA:59,1
DA:61,2
DA:62,2
DA:65,2
DA:66,2
DA:67,2
DA:68,2
DA:69,2
DA:70,2
DA:71,2
DA:72,2
DA:73,3
DA:74,2
DA:77,2
DA:78,4
DA:79,4
DA:80,4
DA:81,4
DA:83,1
DA:84,1
DA:85,1
DA:86,1
DA:87,1
DA:88,1
DA:89,1
DA:90,1
DA:91,1
DA:92,1
DA:95,1
DA:99,2
DA:101,3
DA:102,4
DA:105,2
DA:109,1
DA:113,2
DA:114,2
DA:118,3
DA:120,1
DA:121,2
DA:122,0
DA:124,0
DA:125,0
DA:128,0
DA:131,0
DA:135,0
DA:136,0
DA:137,0
DA:138,0
DA:140,0
DA:143,0
DA:144,0
DA:145,0
DA:146,0
DA:147,0
DA:149,0
DA:150,0
DA:151,0
DA:157,0
DA:160,3
DA:161,4
DA:164,2
DA:168,0
DA:172,0
DA:173,0
DA:177,0
DA:179,0
DA:180,0
DA:181,0
DA:184,0
DA:185,0
DA:186,0
DA:188,0
DA:189,0
DA:191,0
DA:196,0
DA:197,0
DA:198,0
DA:199,0
DA:202,0
DA:204,0
DA:206,0
DA:207,0
DA:208,0
DA:214,0
DA:217,0
DA:218,0
DA:221,0
DA:225,0
DA:230,0
DA:232,0
DA:233,0
DA:234,0
DA:236,0
DA:239,0
DA:240,0
DA:245,0
DA:250,0
DA:252,0
DA:253,0
DA:254,0
DA:256,0
DA:259,0
DA:260,0
DA:265,0
DA:270,0
DA:272,0
DA:273,0
DA:274,0
DA:275,0
DA:278,0
DA:279,0
DA:280,0
DA:285,0
DA:288,0
DA:289,0
DA:294,1
DA:298,2
DA:301,1
DA:302,2
DA:304,3
DA:305,3
DA:308,1
DA:309,3
DA:311,1
DA:312,0
DA:315,0
DA:316,0
DA:320,2
DA:325,2
DA:326,1
DA:327,2
DA:331,2
DA:332,1
DA:335,0
DA:336,0
DA:339,2
DA:343,0
DA:347,0
DA:350,0
DA:351,0
DA:353,0
DA:354,0
DA:357,0
DA:359,0
DA:360,0
DA:363,0
DA:364,0
DA:366,0
DA:371,0
DA:372,0
DA:373,0
DA:375,0
DA:376,0
DA:379,0
DA:380,0
DA:383,0
DA:387,0
DA:392,0
DA:394,0
DA:395,0
DA:396,0
DA:398,0
DA:401,0
DA:402,0
DA:407,0
DA:411,0
DA:412,0
DA:416,0
DA:420,0
DA:423,0
DA:425,0
DA:426,0
DA:429,0
DA:432,0
DA:438,0
DA:440,0
DA:441,0
DA:443,0
DA:444,0
DA:445,0
DA:450,0
DA:452,0
DA:453,0
DA:456,0
DA:458,0
DA:459,0
DA:460,0
DA:465,0
DA:468,0
DA:469,0
DA:472,0
DA:473,0
DA:477,0
DA:482,0
DA:489,0
DA:490,0
DA:495,0
DA:496,0
DA:498,0
DA:499,0
DA:502,0
DA:503,0
DA:506,0
DA:510,0
DA:514,0
DA:517,0
DA:518,0
DA:520,0
DA:521,0
DA:522,0
DA:523,0
DA:526,0
DA:528,0
DA:529,0
DA:532,0
LF:236
LH:77
end_of_record
SF:lib\services\backup_scheduler_service.dart
DA:18,1
DA:25,0
DA:27,0
DA:28,0
DA:32,0
DA:36,0
DA:41,0
DA:42,0
DA:45,0
DA:46,0
DA:48,0
DA:49,0
DA:52,0
DA:55,0
DA:56,0
DA:60,0
DA:61,0
DA:62,0
DA:65,0
DA:66,0
DA:76,0
DA:77,0
DA:80,0
DA:81,0
DA:82,0
DA:85,0
DA:87,0
DA:88,0
DA:92,0
DA:93,0
DA:97,0
DA:100,0
DA:101,0
DA:103,0
DA:104,0
DA:109,0
DA:110,0
DA:117,0
DA:118,0
DA:119,0
DA:122,0
DA:123,0
DA:124,0
DA:125,0
DA:127,0
DA:129,0
DA:134,0
DA:144,0
DA:145,0
DA:146,0
DA:147,0
DA:150,0
DA:151,0
DA:154,0
DA:158,0
DA:159,0
DA:162,0
DA:163,0
DA:167,0
DA:170,0
DA:174,0
DA:175,0
DA:178,0
DA:179,0
DA:181,0
DA:184,0
DA:188,0
DA:189,0
DA:193,0
DA:194,0
DA:197,0
DA:202,0
DA:203,0
DA:206,0
DA:211,0
DA:212,0
DA:214,0
DA:217,0
DA:220,0
DA:224,0
DA:229,0
DA:232,0
DA:237,0
DA:238,0
DA:239,0
DA:240,0
DA:245,0
DA:246,0
DA:247,0
DA:249,0
DA:255,0
DA:260,0
DA:265,0
DA:266,0
DA:269,0
DA:270,0
DA:273,0
DA:277,0
DA:280,0
DA:283,0
DA:284,0
DA:287,0
DA:291,0
DA:292,0
DA:297,0
DA:300,0
DA:304,0
DA:305,0
DA:306,0
DA:308,0
DA:309,0
DA:310,0
DA:311,0
DA:313,0
DA:316,0
DA:321,0
DA:323,0
DA:325,0
DA:326,0
DA:327,0
DA:328,0
DA:329,0
DA:334,0
DA:335,0
DA:336,0
DA:337,0
DA:341,0
DA:342,0
DA:346,0
DA:351,0
DA:352,0
DA:353,0
DA:356,0
LF:133
LH:1
end_of_record
SF:lib\services\google_drive_backup_service.dart
DA:42,1
DA:51,0
DA:52,0
DA:53,0
DA:57,0
DA:58,0
DA:59,0
DA:60,0
DA:64,0
DA:65,0
DA:66,0
DA:71,0
DA:72,0
DA:73,0
DA:74,0
DA:78,0
DA:79,0
DA:80,0
DA:85,0
DA:86,0
DA:87,0
DA:88,0
DA:89,0
DA:94,0
DA:95,0
DA:96,0
DA:101,0
DA:102,0
DA:103,0
DA:104,0
DA:108,0
DA:109,0
DA:110,0
DA:113,0
DA:114,0
DA:118,0
DA:126,0
DA:127,0
DA:128,0
DA:129,0
DA:133,0
DA:134,0
DA:135,0
DA:137,0
DA:142,0
DA:143,0
DA:144,0
DA:148,0
DA:149,0
DA:150,0
DA:153,0
DA:157,0
DA:162,0
DA:163,0
DA:164,0
DA:166,0
DA:171,0
DA:172,0
DA:179,0
DA:181,0
DA:184,0
DA:185,0
DA:189,0
DA:190,0
DA:191,0
DA:195,0
DA:196,0
DA:203,0
DA:205,0
DA:207,0
DA:210,0
DA:211,0
DA:214,0
DA:215,0
DA:217,0
DA:218,0
DA:220,0
DA:222,0
DA:223,0
DA:226,0
DA:227,0
DA:228,0
DA:229,0
DA:236,0
DA:241,0
DA:244,0
DA:246,0
DA:251,0
DA:252,0
DA:258,0
DA:260,0
DA:263,0
DA:264,0
DA:268,0
DA:269,0
DA:272,0
DA:275,0
DA:277,0
DA:281,0
DA:285,0
DA:287,0
DA:288,0
DA:289,0
DA:292,0
DA:293,0
DA:297,0
DA:300,0
DA:304,0
DA:305,0
DA:306,0
DA:307,0
DA:308,0
DA:309,0
DA:312,0
DA:313,0
DA:314,0
DA:317,0
DA:319,0
DA:324,0
DA:325,0
DA:326,0
DA:327,0
DA:328,0
DA:329,0
DA:330,0
DA:332,0
DA:333,0
DA:334,0
DA:337,0
DA:340,0
DA:341,0
DA:344,0
DA:350,0
DA:353,0
DA:354,0
DA:355,0
DA:358,0
DA:362,0
DA:364,0
DA:365,0
DA:366,0
DA:367,0
DA:369,0
DA:370,0
DA:375,0
DA:377,0
DA:378,0
DA:379,0
DA:380,0
DA:383,0
DA:384,0
DA:389,0
DA:391,0
DA:392,0
DA:393,0
DA:394,0
DA:395,0
DA:397,0
DA:398,0
DA:406,0
DA:408,0
DA:411,0
DA:412,0
DA:415,0
DA:417,0
DA:421,0
DA:423,0
DA:427,0
DA:429,0
DA:433,0
DA:434,0
DA:435,0
DA:438,0
DA:439,0
DA:443,0
DA:444,0
DA:445,0
DA:448,0
DA:449,0
DA:455,0
DA:459,0
DA:460,0
DA:462,0
DA:467,0
DA:468,0
DA:472,0
DA:474,0
DA:477,0
DA:483,0
DA:484,0
DA:488,0
DA:493,0
DA:498,0
DA:502,0
DA:504,0
DA:505,0
DA:506,0
DA:511,0
DA:512,0
DA:513,0
DA:517,0
DA:518,0
DA:523,0
DA:526,0
DA:532,0
DA:535,0
DA:539,0
DA:542,0
DA:549,0
DA:551,0
DA:552,0
DA:553,0
DA:554,0
DA:559,0
DA:560,0
DA:561,0
DA:562,0
DA:564,0
DA:565,0
DA:566,0
DA:567,0
DA:570,0
DA:576,0
DA:582,0
DA:583,0
DA:585,0
DA:586,0
DA:590,0
DA:596,0
DA:597,0
DA:598,0
DA:602,0
DA:603,0
DA:604,0
DA:608,0
DA:611,0
DA:612,0
DA:618,0
DA:620,0
DA:625,0
DA:626,0
DA:627,0
DA:633,0
DA:636,0
DA:642,0
DA:645,0
DA:647,0
DA:648,0
DA:649,0
DA:651,0
DA:656,0
DA:658,0
DA:659,0
DA:660,0
DA:661,0
DA:662,0
DA:665,0
DA:670,0
DA:672,0
DA:673,0
DA:674,0
DA:675,0
DA:677,0
DA:681,0
DA:683,0
DA:689,0
DA:690,0
DA:694,0
DA:696,0
DA:700,0
DA:701,0
DA:703,0
DA:704,0
DA:708,0
DA:709,0
DA:713,0
DA:715,0
DA:723,0
DA:725,0
DA:729,0
DA:733,0
DA:734,0
DA:736,0
DA:740,0
DA:743,0
DA:745,0
DA:746,0
DA:747,0
DA:748,0
DA:752,0
DA:758,0
DA:764,0
DA:770,0
DA:772,0
DA:775,0
DA:776,0
DA:777,0
DA:780,0
DA:781,0
DA:787,0
DA:791,0
DA:792,0
DA:793,0
DA:795,0
DA:798,0
DA:802,0
DA:803,0
DA:807,0
DA:810,0
DA:811,0
DA:815,0
DA:816,0
DA:820,0
DA:822,0
DA:825,0
LF:315
LH:1
end_of_record
SF:lib\blocs\backup_event.dart
DA:6,3
DA:8,0
DA:9,0
DA:14,3
DA:21,3
DA:23,0
DA:24,0
DA:31,0
DA:33,0
DA:34,0
DA:41,3
DA:43,0
DA:44,0
DA:51,3
DA:53,0
DA:54,0
DA:61,0
DA:63,0
DA:64,0
DA:69,3
DA:74,0
DA:79,0
DA:84,0
DA:89,3
DA:94,3
LF:25
LH:8
end_of_record
SF:lib\blocs\backup_state.dart
DA:6,4
DA:8,1
DA:9,1
DA:14,3
DA:19,3
DA:36,1
DA:50,1
DA:51,1
DA:52,1
DA:53,1
DA:54,1
DA:55,1
DA:56,1
DA:57,1
DA:58,1
DA:59,1
DA:60,1
DA:61,1
DA:62,1
DA:66,0
DA:79,0
DA:80,0
DA:81,0
DA:82,0
DA:83,0
DA:84,0
DA:85,0
DA:86,0
DA:87,0
DA:88,0
DA:89,0
DA:90,0
DA:97,3
DA:104,1
DA:106,1
DA:107,2
DA:112,3
DA:117,3
DA:124,4
DA:126,1
DA:127,2
DA:132,0
DA:140,3
DA:142,0
DA:143,0
LF:45
LH:29
end_of_record
SF:lib\blocs\devocionales_bloc.dart
DA:12,0
DA:13,0
DA:14,0
DA:15,0
DA:18,0
DA:22,0
DA:28,0
DA:30,0
DA:32,0
DA:35,0
DA:39,0
DA:43,0
DA:46,0
DA:48,0
DA:50,0
DA:54,0
DA:60,0
DA:61,0
DA:62,0
DA:63,0
DA:64,0
LF:21
LH:0
end_of_record
SF:lib\models\devocional_model.dart
DA:22,6
DA:37,0
DA:39,0
DA:40,0
DA:42,0
DA:44,0
DA:45,0
DA:46,0
DA:49,0
DA:52,0
DA:54,0
DA:55,0
DA:57,0
DA:58,0
DA:60,0
DA:61,0
DA:62,0
DA:63,0
DA:64,0
DA:67,0
DA:68,0
DA:69,0
DA:70,0
DA:71,0
DA:76,0
DA:77,0
DA:78,0
DA:79,0
DA:80,0
DA:81,0
DA:82,0
DA:83,0
DA:84,0
DA:85,0
DA:86,0
DA:87,0
DA:88,0
DA:90,0
DA:91,0
DA:92,0
DA:102,6
DA:107,0
DA:108,0
DA:109,0
DA:110,0
DA:114,0
DA:115,0
DA:116,0
DA:117,0
LF:49
LH:2
end_of_record
SF:lib\blocs\devocionales_event.dart
DA:10,0
DA:16,0
LF:2
LH:0
end_of_record
SF:lib\blocs\devocionales_state.dart
DA:15,1
DA:24,1
LF:2
LH:2
end_of_record
SF:lib\blocs\prayer_bloc.dart
DA:17,0
DA:18,0
DA:19,0
DA:20,0
DA:21,0
DA:22,0
DA:23,0
DA:24,0
DA:25,0
DA:29,0
DA:33,0
DA:36,0
DA:37,0
DA:40,0
DA:41,0
DA:42,0
DA:47,0
DA:51,0
DA:52,0
DA:53,0
DA:54,0
DA:61,0
DA:62,0
DA:64,0
DA:65,0
DA:68,0
DA:69,0
DA:70,0
DA:71,0
DA:75,0
DA:76,0
DA:78,0
DA:79,0
DA:81,0
DA:82,0
DA:83,0
DA:84,0
DA:86,0
DA:91,0
DA:95,0
DA:96,0
DA:97,0
DA:98,0
DA:105,0
DA:106,0
DA:108,0
DA:109,0
DA:110,0
DA:113,0
DA:115,0
DA:116,0
DA:118,0
DA:119,0
DA:120,0
DA:121,0
DA:123,0
DA:128,0
DA:133,0
DA:134,0
DA:136,0
DA:137,0
DA:138,0
DA:140,0
DA:141,0
DA:143,0
DA:144,0
DA:145,0
DA:146,0
DA:148,0
DA:153,0
DA:158,0
DA:159,0
DA:161,0
DA:162,0
DA:163,0
DA:165,0
DA:169,0
DA:171,0
DA:172,0
DA:173,0
DA:175,0
DA:176,0
DA:177,0
DA:178,0
DA:180,0
DA:185,0
DA:190,0
DA:191,0
DA:193,0
DA:194,0
DA:195,0
DA:201,0
DA:203,0
DA:204,0
DA:205,0
DA:207,0
DA:208,0
DA:209,0
DA:210,0
DA:212,0
DA:217,0
DA:222,0
DA:223,0
DA:224,0
DA:225,0
DA:227,0
DA:230,0
DA:235,0
DA:239,0
DA:240,0
DA:241,0
DA:246,0
DA:248,0
DA:249,0
DA:251,0
DA:252,0
DA:254,0
DA:255,0
DA:257,0
DA:260,0
DA:262,0
DA:263,0
DA:268,0
DA:270,0
DA:271,0
DA:272,0
DA:274,0
DA:277,0
DA:279,0
DA:284,0
DA:286,0
DA:287,0
DA:289,0
DA:290,0
DA:293,0
DA:295,0
DA:302,0
DA:303,0
DA:305,0
DA:306,0
DA:309,0
DA:311,0
DA:314,0
DA:315,0
DA:316,0
LF:145
LH:0
end_of_record
SF:lib\models\prayer_model.dart
DA:17,0
DA:26,0
DA:28,0
DA:29,0
DA:31,0
DA:33,0
DA:34,0
DA:36,0
DA:39,0
DA:43,0
DA:44,0
DA:46,0
DA:48,0
DA:49,0
DA:55,0
DA:56,0
DA:57,0
DA:59,0
DA:65,0
DA:66,0
DA:67,0
DA:68,0
DA:69,0
DA:70,0
DA:71,0
DA:76,0
DA:84,0
DA:85,0
DA:86,0
DA:87,0
DA:88,0
DA:90,0
DA:95,0
DA:96,0
DA:97,0
DA:98,0
DA:102,0
DA:105,0
DA:113,0
DA:116,0
DA:118,0
DA:124,0
DA:125,0
DA:126,0
DA:128,0
DA:136,0
DA:138,0
DA:139,0
DA:140,0
DA:141,0
LF:50
LH:0
end_of_record
SF:lib\services\localization_service.dart
DA:9,30
DA:10,30
DA:12,30
DA:15,7
DA:32,22
DA:38,9
DA:40,9
DA:41,9
DA:44,2
DA:45,2
DA:46,2
DA:50,18
DA:54,27
DA:58,9
DA:59,18
DA:62,18
DA:63,27
DA:73,9
DA:75,27
DA:76,14
DA:79,4
DA:81,2
DA:82,6
DA:83,0
DA:86,4
DA:89,4
DA:95,7
DA:96,7
DA:100,7
DA:103,7
DA:104,14
DA:107,14
DA:111,18
DA:112,18
DA:113,18
DA:116,36
DA:117,36
DA:118,7
DA:125,7
DA:129,2
DA:130,3
DA:138,2
DA:139,4
DA:140,2
DA:142,2
DA:144,2
DA:146,2
DA:154,2
DA:156,2
DA:158,2
DA:160,2
DA:162,2
LF:52
LH:51
end_of_record
SF:lib\blocs\prayer_event.dart
DA:12,0
DA:20,0
DA:27,0
DA:34,0
DA:41,0
LF:5
LH:0
end_of_record
SF:lib\blocs\prayer_state.dart
DA:18,0
DA:24,0
DA:27,0
DA:28,0
DA:31,0
DA:34,0
DA:37,0
DA:40,0
DA:41,0
DA:44,0
DA:45,0
DA:46,0
DA:47,0
DA:50,0
DA:51,0
DA:52,0
DA:53,0
DA:59,0
DA:64,0
DA:65,0
DA:66,0
DA:75,0
LF:22
LH:0
end_of_record
SF:lib\controllers\audio_controller.dart
DA:39,2
DA:41,2
DA:43,2
DA:45,9
DA:47,9
DA:49,1
DA:50,3
DA:52,3
DA:55,1
DA:56,4
DA:59,6
DA:62,0
DA:64,0
DA:65,0
DA:67,0
DA:68,0
DA:69,0
DA:70,0
DA:71,0
DA:74,0
DA:75,0
DA:76,0
DA:81,0
DA:82,0
DA:83,0
DA:88,0
DA:89,0
DA:90,0
DA:91,0
DA:96,0
DA:97,0
DA:98,0
DA:102,0
DA:103,0
DA:109,3
DA:111,3
DA:113,3
DA:115,3
DA:117,3
DA:120,6
DA:121,12
DA:124,24
DA:125,0
DA:126,0
DA:127,0
DA:132,24
DA:133,0
DA:135,0
DA:136,0
DA:137,0
DA:138,0
DA:139,0
DA:143,0
DA:144,0
DA:145,0
DA:148,0
DA:149,0
DA:153,0
DA:155,0
DA:156,0
DA:160,12
DA:163,11
DA:164,5
DA:165,3
DA:168,2
DA:173,0
DA:174,0
DA:175,0
DA:176,0
DA:177,0
DA:178,0
DA:181,0
DA:184,0
DA:185,0
DA:187,0
DA:188,0
DA:189,0
DA:190,0
DA:191,0
DA:194,0
DA:197,0
DA:198,0
DA:199,0
DA:200,0
DA:204,0
DA:205,0
DA:206,0
DA:207,0
DA:208,0
DA:209,0
DA:210,0
DA:214,0
DA:217,0
DA:218,0
DA:219,0
DA:220,0
DA:228,0
DA:229,0
DA:232,0
DA:237,0
DA:240,0
DA:241,0
DA:242,0
DA:243,0
DA:245,0
DA:249,0
DA:251,0
DA:252,0
DA:253,0
DA:254,0
DA:260,0
DA:261,0
DA:262,0
DA:265,0
DA:268,0
DA:269,0
DA:270,0
DA:272,0
DA:276,0
DA:280,0
DA:281,0
DA:282,0
DA:283,0
DA:284,0
DA:285,0
DA:286,0
DA:291,2
DA:292,2
DA:294,4
DA:295,4
DA:298,4
DA:299,0
DA:300,0
DA:303,0
DA:304,0
DA:306,0
DA:310,0
DA:311,0
DA:315,0
DA:316,0
DA:322,0
DA:323,0
DA:324,0
DA:325,0
DA:326,0
DA:331,0
DA:332,0
DA:333,0
DA:338,0
DA:340,0
DA:341,0
DA:342,0
DA:344,0
DA:345,0
DA:348,0
DA:349,0
DA:352,0
DA:353,0
DA:354,0
DA:355,0
DA:356,0
DA:358,0
DA:359,0
DA:363,0
DA:364,0
DA:365,0
DA:366,0
DA:372,0
DA:373,0
DA:379,3
DA:380,3
DA:381,6
DA:382,6
DA:387,0
DA:389,0
DA:390,0
DA:391,0
DA:392,0
DA:395,0
DA:397,0
DA:401,0
DA:402,0
DA:404,0
DA:405,0
DA:407,0
DA:408,0
DA:411,0
DA:413,0
DA:415,0
DA:416,0
DA:417,0
DA:422,3
DA:423,3
DA:424,6
DA:425,6
DA:430,0
DA:432,0
DA:433,0
DA:434,0
DA:435,0
DA:438,0
DA:440,0
DA:444,0
DA:445,0
DA:446,0
DA:447,0
DA:450,0
DA:452,0
DA:454,0
DA:455,0
DA:456,0
DA:461,3
DA:462,12
DA:465,6
DA:468,3
DA:469,3
DA:470,3
DA:471,3
DA:472,3
DA:473,3
DA:476,3
DA:478,6
DA:482,9
DA:483,0
DA:484,6
DA:485,9
DA:488,6
DA:490,0
DA:492,0
DA:493,0
DA:494,0
DA:495,0
DA:496,0
DA:501,0
DA:502,0
DA:503,0
DA:504,0
DA:507,0
DA:508,0
DA:514,0
DA:515,0
DA:517,0
DA:518,0
DA:519,0
DA:520,0
DA:521,0
DA:522,0
DA:525,0
DA:527,0
DA:531,0
DA:532,0
DA:534,0
DA:537,0
DA:539,0
DA:542,0
DA:546,0
DA:548,0
DA:550,0
DA:551,0
DA:555,2
DA:557,4
DA:559,0
DA:560,0
DA:564,2
DA:566,4
DA:568,0
DA:569,0
DA:573,1
DA:575,2
DA:577,0
DA:582,0
DA:584,0
DA:586,0
DA:591,2
DA:593,4
DA:595,0
DA:601,0
DA:602,0
DA:607,0
DA:608,0
DA:609,0
DA:610,0
DA:611,0
DA:612,0
DA:615,0
DA:618,0
DA:619,0
DA:622,0
DA:626,0
DA:627,0
DA:628,0
DA:629,0
DA:630,0
DA:631,0
DA:632,0
DA:634,0
DA:635,0
DA:641,0
DA:642,0
DA:643,0
DA:644,0
DA:645,0
DA:649,0
DA:651,0
DA:652,0
DA:653,0
DA:654,0
DA:655,0
DA:656,0
DA:659,0
DA:662,0
DA:663,0
DA:666,3
DA:668,6
DA:669,3
DA:670,3
DA:671,6
DA:672,6
DA:673,6
DA:674,3
DA:675,6
LF:321
LH:70
end_of_record
SF:lib\services\tts_service.dart
DA:27,3
DA:29,0
DA:31,0
DA:35,39
DA:37,26
DA:39,13
DA:62,21
DA:64,21
DA:66,14
DA:68,4
DA:70,6
DA:72,6
DA:74,3
DA:76,2
DA:78,2
DA:80,2
DA:81,2
DA:82,2
DA:83,0
DA:84,0
DA:86,0
DA:95,2
DA:97,3
DA:99,1
DA:100,2
DA:101,0
DA:106,1
DA:107,5
DA:108,0
DA:113,1
DA:114,2
DA:115,0
DA:120,0
DA:121,0
DA:122,0
DA:123,0
DA:124,0
DA:125,0
DA:126,0
DA:127,0
DA:128,0
DA:136,4
DA:137,8
DA:139,4
DA:140,2
DA:143,2
DA:149,2
DA:150,2
DA:151,2
DA:153,6
DA:155,2
DA:156,4
DA:158,2
DA:160,2
DA:161,2
DA:162,4
DA:164,0
DA:165,0
DA:170,2
DA:172,6
DA:173,4
DA:176,6
DA:178,0
DA:181,0
DA:182,0
DA:185,6
DA:186,6
DA:187,4
DA:188,4
DA:190,2
DA:191,0
DA:192,0
DA:196,2
DA:197,4
DA:198,0
DA:199,0
DA:200,0
DA:201,0
DA:202,0
DA:206,4
DA:207,0
DA:208,0
DA:209,0
DA:210,0
DA:211,0
DA:215,4
DA:216,0
DA:217,0
DA:218,0
DA:219,0
DA:220,0
DA:224,4
DA:225,0
DA:226,0
DA:227,0
DA:228,0
DA:232,4
DA:233,0
DA:234,0
DA:235,0
DA:236,0
DA:237,0
DA:238,0
DA:242,4
DA:250,0
DA:251,0
DA:254,0
DA:255,0
DA:260,0
DA:261,0
DA:262,0
DA:263,0
DA:266,0
DA:267,0
DA:272,0
DA:274,0
DA:275,0
DA:276,0
DA:281,0
DA:284,0
DA:289,0
DA:290,0
DA:292,0
DA:294,0
DA:295,0
DA:296,0
DA:297,0
DA:300,0
DA:301,0
DA:302,0
DA:303,0
DA:304,0
DA:308,0
DA:309,0
DA:313,0
DA:314,0
DA:315,0
DA:316,0
DA:318,0
DA:320,0
DA:321,0
DA:323,0
DA:324,0
DA:325,0
DA:327,0
DA:328,0
DA:329,0
DA:330,0
DA:332,0
DA:333,0
DA:334,0
DA:336,0
DA:342,0
DA:343,0
DA:345,0
DA:346,0
DA:347,0
DA:350,0
DA:351,0
DA:355,0
DA:356,0
DA:357,0
DA:358,0
DA:359,0
DA:360,0
DA:361,0
DA:364,0
DA:365,0
DA:366,0
DA:367,0
DA:370,0
DA:371,0
DA:372,0
DA:373,0
DA:374,0
DA:375,0
DA:376,0
DA:378,0
DA:380,0
DA:381,0
DA:384,0
DA:385,0
DA:386,0
DA:389,0
DA:390,0
DA:394,5
DA:395,5
DA:396,0
DA:397,0
DA:398,0
DA:406,1
DA:408,0
DA:411,1
DA:415,1
DA:416,2
DA:417,1
DA:418,0
DA:423,1
DA:426,3
DA:429,1
DA:430,1
DA:437,1
DA:438,2
DA:439,2
DA:441,1
DA:442,1
DA:444,1
DA:445,1
DA:446,1
DA:447,1
DA:448,1
DA:450,1
DA:452,0
DA:454,0
DA:456,0
DA:459,0
DA:470,1
DA:472,1
DA:473,1
DA:474,1
DA:476,3
DA:478,3
DA:479,4
DA:482,3
DA:483,3
DA:484,1
DA:485,3
DA:486,2
DA:488,2
DA:489,1
DA:490,1
DA:491,2
DA:492,0
DA:495,3
DA:501,2
DA:502,3
DA:503,2
DA:504,1
DA:505,3
DA:506,1
DA:507,3
DA:508,2
DA:509,2
DA:514,3
DA:515,3
DA:516,1
DA:517,3
DA:518,2
DA:520,2
DA:521,1
DA:522,1
DA:523,2
DA:524,0
DA:527,3
DA:533,2
DA:534,2
DA:535,3
DA:536,2
DA:537,8
DA:540,5
DA:543,0
DA:545,0
DA:548,0
DA:550,0
DA:551,0
DA:552,0
DA:554,0
DA:555,0
DA:557,0
DA:561,0
DA:562,0
DA:566,1
DA:567,4
DA:568,2
DA:569,4
DA:572,1
DA:573,2
DA:574,2
DA:575,2
DA:576,2
DA:580,1
DA:582,1
DA:583,2
DA:584,2
DA:587,6
DA:588,12
DA:589,6
DA:590,6
DA:591,12
DA:592,12
DA:593,12
DA:597,5
DA:598,20
DA:599,5
DA:600,5
DA:601,5
DA:602,10
DA:603,5
DA:604,10
DA:605,10
DA:606,5
DA:613,2
DA:614,2
DA:617,0
DA:618,0
DA:619,0
DA:621,0
DA:627,0
DA:628,0
DA:631,0
DA:632,0
DA:635,0
DA:636,0
DA:637,0
DA:638,0
DA:639,0
DA:641,0
DA:645,0
DA:646,0
DA:648,0
DA:650,0
DA:651,0
DA:656,0
DA:657,0
DA:659,0
DA:665,0
DA:666,0
DA:670,0
DA:672,0
DA:676,0
DA:677,0
DA:679,0
DA:681,0
DA:682,0
DA:683,0
DA:684,0
DA:685,0
DA:689,0
DA:690,0
DA:696,0
DA:697,0
DA:698,0
DA:700,0
DA:702,0
DA:703,0
DA:704,0
DA:706,0
DA:707,0
DA:708,0
DA:709,0
DA:715,0
DA:716,0
DA:717,0
DA:719,0
DA:720,0
DA:722,0
DA:723,0
DA:724,0
DA:725,0
DA:727,0
DA:728,0
DA:732,0
DA:733,0
DA:734,0
DA:737,0
DA:738,0
DA:743,5
DA:744,10
DA:745,15
DA:748,5
DA:751,10
DA:753,0
DA:756,5
DA:757,20
DA:760,1
DA:761,2
DA:762,2
DA:764,1
DA:765,1
DA:767,2
DA:768,2
DA:771,2
DA:772,4
DA:773,2
DA:774,4
DA:776,2
DA:777,2
DA:780,7
DA:781,7
DA:782,7
DA:783,21
DA:785,28
DA:786,14
DA:787,7
DA:790,7
DA:793,7
DA:794,7
DA:795,10
DA:801,2
DA:804,2
DA:807,2
DA:810,2
DA:818,4
DA:819,2
DA:820,4
DA:821,4
DA:823,2
DA:824,2
DA:825,3
DA:827,3
DA:828,1
DA:830,2
DA:831,0
DA:833,3
DA:839,0
DA:840,0
DA:842,0
DA:843,0
DA:845,0
DA:846,0
DA:850,3
DA:851,6
DA:854,3
DA:855,6
DA:858,1
DA:859,1
DA:860,1
DA:861,1
DA:862,3
DA:865,1
DA:867,1
DA:870,0
DA:872,0
DA:875,2
DA:879,4
DA:882,5
DA:883,5
DA:884,5
DA:886,5
DA:887,10
DA:888,10
DA:889,20
LF:442
LH:217
end_of_record
SF:lib\debug\debug_settings_section.dart
DA:15,0
DA:23,0
DA:27,0
DA:36,0
DA:37,0
DA:39,0
DA:41,0
DA:45,0
DA:48,0
DA:49,0
DA:50,0
DA:51,0
DA:53,0
DA:54,0
DA:57,0
DA:59,0
DA:71,0
DA:72,0
DA:73,0
DA:75,0
DA:78,0
DA:80,0
DA:81,0
DA:82,0
DA:84,0
DA:85,0
DA:87,0
DA:89,0
DA:103,0
DA:104,0
DA:106,0
DA:107,0
DA:108,0
DA:109,0
DA:112,0
DA:113,0
DA:114,0
DA:115,0
DA:116,0
DA:120,0
DA:121,0
DA:124,0
DA:127,0
DA:128,0
DA:129,0
DA:130,0
DA:131,0
DA:134,0
DA:135,0
DA:136,0
DA:137,0
DA:138,0
DA:141,0
DA:144,0
LF:54
LH:0
end_of_record
SF:lib\debug\test_badges_page.dart
DA:10,3
DA:12,0
DA:13,0
DA:23,0
DA:25,0
DA:26,0
DA:29,0
DA:31,0
DA:32,0
DA:33,0
DA:36,0
DA:38,0
DA:39,0
DA:40,0
DA:41,0
DA:45,0
DA:46,0
DA:47,0
DA:48,0
DA:54,0
DA:55,0
DA:56,0
DA:57,0
DA:58,0
DA:59,0
DA:60,0
DA:62,0
DA:63,0
DA:65,0
DA:66,0
DA:71,0
DA:72,0
DA:78,0
DA:79,0
DA:80,0
DA:81,0
DA:88,0
DA:90,0
DA:91,0
DA:93,0
DA:94,0
DA:96,0
DA:97,0
DA:98,0
DA:99,0
DA:102,0
DA:106,0
DA:107,0
DA:120,0
DA:121,0
DA:122,0
DA:124,0
DA:125,0
DA:127,0
DA:129,0
DA:130,0
DA:131,0
DA:135,0
DA:136,0
DA:144,0
DA:148,0
DA:150,0
DA:152,0
DA:154,0
DA:156,0
DA:157,0
DA:158,0
DA:159,0
DA:160,0
DA:165,0
DA:167,0
DA:168,0
DA:169,0
DA:171,0
DA:175,0
DA:176,0
DA:178,0
DA:179,0
DA:181,0
DA:185,0
DA:186,0
DA:187,0
DA:188,0
DA:201,0
DA:203,0
DA:207,0
DA:208,0
DA:215,0
DA:216,0
DA:217,0
DA:218,0
DA:219,0
DA:220,0
LF:93
LH:1
end_of_record
SF:lib\extensions\string_extensions.dart
DA:8,10
DA:9,20
LF:2
LH:2
end_of_record
SF:lib\models\badge_model.dart
DA:10,0
DA:19,0
DA:20,0
DA:21,0
DA:22,0
DA:23,0
DA:24,0
DA:25,0
DA:26,0
DA:30,0
DA:31,0
DA:32,0
DA:33,0
DA:34,0
DA:35,0
DA:36,0
DA:37,0
DA:41,0
DA:44,0
DA:47,0
DA:48,0
DA:50,0
DA:52,0
DA:61,0
DA:67,0
DA:68,0
DA:69,0
DA:70,0
DA:71,0
DA:72,0
DA:73,0
DA:77,0
DA:78,0
DA:79,0
DA:80,0
DA:81,0
LF:36
LH:0
end_of_record
SF:lib\services\remote_badge_service.dart
DA:21,0
DA:23,0
DA:25,0
DA:30,0
DA:34,0
DA:36,0
DA:37,0
DA:38,0
DA:41,0
DA:42,0
DA:44,0
DA:45,0
DA:47,0
DA:50,0
DA:51,0
DA:52,0
DA:55,0
DA:60,0
DA:62,0
DA:63,0
DA:64,0
DA:65,0
DA:68,0
DA:74,0
DA:76,0
DA:79,0
DA:82,0
DA:83,0
DA:85,0
DA:91,0
DA:92,0
DA:93,0
DA:94,0
DA:98,0
DA:104,0
DA:110,0
DA:112,0
DA:113,0
DA:114,0
DA:118,0
DA:120,0
DA:121,0
DA:122,0
DA:125,0
DA:127,0
DA:128,0
DA:132,0
DA:133,0
DA:134,0
DA:137,0
DA:138,0
DA:139,0
DA:140,0
DA:141,0
DA:142,0
DA:144,0
DA:145,0
DA:150,0
DA:152,0
DA:153,0
DA:155,0
DA:156,0
DA:158,0
DA:160,0
DA:165,0
DA:167,0
DA:170,0
DA:172,0
DA:177,0
DA:178,0
DA:179,0
DA:182,0
DA:187,0
DA:188,0
DA:190,0
DA:193,0
DA:199,0
DA:201,0
DA:202,0
DA:203,0
DA:205,0
DA:207,0
DA:209,0
LF:83
LH:0
end_of_record
SF:lib\widgets\badge_image_widget.dart
DA:15,0
DA:25,0
DA:27,0
DA:29,0
DA:30,0
DA:31,0
DA:32,0
DA:33,0
DA:34,0
DA:36,0
DA:37,0
DA:38,0
DA:39,0
DA:40,0
DA:41,0
DA:42,0
DA:44,0
DA:45,0
DA:46,0
DA:47,0
DA:48,0
DA:49,0
DA:50,0
DA:51,0
DA:52,0
DA:57,0
DA:58,0
DA:59,0
DA:61,0
DA:64,0
DA:65,0
DA:66,0
DA:67,0
DA:70,0
DA:71,0
DA:73,0
DA:74,0
DA:80,0
DA:81,0
DA:82,0
DA:84,0
DA:94,0
DA:95,0
DA:96,0
DA:98,0
DA:99,0
DA:100,0
DA:101,0
DA:107,0
DA:108,0
DA:110,0
DA:111,0
DA:112,0
DA:113,0
DA:115,0
DA:116,0
DA:117,0
DA:118,0
DA:124,0
DA:125,0
DA:126,0
DA:127,0
DA:128,0
DA:130,0
DA:131,0
DA:139,0
DA:140,0
DA:142,0
DA:143,0
DA:144,0
DA:145,0
DA:147,0
DA:148,0
DA:149,0
DA:150,0
DA:156,0
DA:157,0
DA:159,0
DA:160,0
DA:173,0
DA:180,0
DA:182,0
DA:183,0
DA:185,0
DA:186,0
DA:188,0
DA:189,0
DA:190,0
DA:191,0
DA:192,0
DA:194,0
DA:196,0
DA:198,0
DA:199,0
DA:201,0
DA:208,0
DA:209,0
DA:210,0
DA:212,0
DA:213,0
DA:214,0
DA:221,0
DA:225,0
DA:226,0
DA:227,0
DA:228,0
DA:229,0
DA:230,0
LF:108
LH:0
end_of_record
SF:lib\models\spiritual_stats_model.dart
DA:16,3
DA:26,2
DA:27,2
DA:28,2
DA:29,2
DA:30,2
DA:31,2
DA:32,4
DA:34,2
DA:35,2
DA:36,4
DA:37,2
DA:38,0
DA:39,2
DA:40,2
DA:41,6
DA:42,2
DA:43,0
DA:47,3
DA:48,3
DA:49,3
DA:50,3
DA:51,3
DA:52,5
DA:54,13
DA:55,3
DA:56,3
DA:60,2
DA:69,2
DA:71,1
DA:72,2
DA:73,2
DA:74,1
DA:75,0
DA:76,0
DA:77,1
DA:93,2
DA:104,2
DA:105,2
DA:106,2
DA:107,2
DA:108,2
DA:109,4
DA:110,4
DA:112,2
DA:113,2
DA:114,8
DA:115,0
DA:116,2
DA:120,2
DA:121,2
DA:122,2
DA:123,2
DA:124,2
DA:125,4
DA:126,4
DA:127,2
DA:128,4
DA:129,2
DA:134,2
DA:135,10
DA:136,10
DA:137,10
DA:138,6
DA:164,2
DA:165,2
DA:169,2
DA:170,2
DA:171,2
DA:172,2
DA:173,2
DA:174,2
DA:175,2
DA:176,2
DA:177,2
DA:178,0
DA:192,4
DA:193,2
DA:195,2
DA:196,2
DA:197,2
DA:198,2
DA:204,2
DA:206,2
DA:207,2
DA:208,2
DA:209,2
DA:215,2
DA:217,2
DA:218,2
DA:219,2
DA:220,2
DA:226,2
DA:228,2
DA:229,2
DA:230,2
DA:231,2
DA:237,2
DA:239,2
DA:240,2
DA:241,2
DA:242,2
DA:248,2
DA:250,2
DA:251,2
DA:252,2
DA:253,2
DA:259,2
DA:261,2
DA:262,2
DA:263,2
DA:264,2
DA:270,2
DA:272,2
DA:273,2
DA:274,2
DA:275,2
LF:117
LH:111
end_of_record
SF:lib\pages\about_page.dart
DA:9,3
DA:11,0
DA:12,0
DA:18,0
DA:20,0
DA:21,0
DA:25,0
DA:26,0
DA:27,0
DA:28,0
DA:33,0
DA:34,0
DA:35,0
DA:37,0
DA:38,0
DA:39,0
DA:40,0
DA:48,0
DA:50,0
DA:51,0
DA:53,0
DA:54,0
DA:55,0
DA:56,0
DA:57,0
DA:58,0
DA:59,0
DA:60,0
DA:65,0
DA:67,0
DA:70,0
DA:72,0
DA:75,0
DA:76,0
DA:77,0
DA:89,0
DA:90,0
DA:91,0
DA:93,0
DA:101,0
DA:102,0
DA:103,0
DA:105,0
DA:112,0
DA:113,0
DA:114,0
DA:116,0
DA:122,0
DA:123,0
DA:124,0
DA:127,0
DA:131,0
DA:135,0
DA:136,0
DA:137,0
DA:138,0
DA:139,0
DA:140,0
DA:141,0
DA:142,0
DA:143,0
DA:149,0
DA:151,0
DA:152,0
DA:153,0
DA:155,0
DA:164,0
DA:166,0
DA:167,0
DA:168,0
DA:170,0
DA:171,0
DA:173,0
DA:174,0
DA:178,0
DA:179,0
DA:195,0
DA:197,0
DA:199,0
DA:201,0
DA:202,0
DA:203,0
DA:204,0
DA:205,0
DA:206,0
LF:85
LH:1
end_of_record
SF:lib\pages\application_language_page.dart
DA:10,3
DA:12,1
DA:14,1
DA:23,1
DA:25,1
DA:26,1
DA:29,1
DA:30,1
DA:32,1
DA:35,2
DA:36,3
DA:38,2
DA:39,2
DA:42,1
DA:48,2
DA:51,2
DA:52,2
DA:53,2
DA:58,1
DA:59,3
DA:62,3
DA:63,0
DA:64,0
DA:68,2
DA:69,2
DA:70,2
DA:74,2
DA:76,2
DA:80,2
DA:81,1
DA:82,1
DA:83,2
DA:84,2
DA:90,1
DA:93,1
DA:96,1
DA:98,1
DA:103,3
DA:105,1
DA:110,1
DA:112,2
DA:113,2
DA:114,2
DA:115,1
DA:119,1
DA:120,2
DA:123,1
DA:125,1
DA:127,2
DA:130,0
DA:133,0
DA:134,0
DA:137,1
DA:138,2
DA:139,2
DA:140,3
DA:141,0
DA:148,1
DA:151,3
DA:154,1
DA:155,0
DA:157,0
DA:164,0
DA:165,0
DA:173,0
DA:174,0
DA:175,0
DA:176,0
DA:177,0
DA:185,0
DA:188,0
DA:189,0
DA:190,0
DA:191,0
DA:193,0
DA:195,0
DA:198,0
DA:201,0
DA:202,0
DA:208,0
DA:214,0
DA:215,0
DA:217,0
DA:218,0
DA:221,3
DA:226,0
DA:227,0
DA:253,0
DA:254,0
DA:261,0
DA:263,0
DA:265,0
DA:267,0
DA:269,0
DA:272,0
DA:276,0
DA:277,0
DA:278,0
DA:279,0
DA:280,0
DA:282,0
DA:284,0
DA:287,0
DA:288,0
DA:294,1
DA:295,2
DA:296,2
DA:297,2
DA:298,2
DA:299,2
DA:301,1
DA:303,1
DA:304,1
DA:306,2
DA:307,2
DA:308,1
DA:311,2
DA:312,2
DA:315,1
DA:317,3
DA:321,1
DA:323,1
DA:327,2
DA:332,1
DA:335,1
DA:336,1
DA:337,3
DA:338,2
DA:342,1
DA:343,1
DA:344,3
DA:345,2
DA:352,1
DA:355,1
DA:357,1
DA:359,1
DA:360,1
DA:363,1
DA:366,2
DA:370,1
DA:371,3
DA:372,2
DA:381,2
DA:382,1
DA:384,2
DA:387,1
DA:389,2
DA:394,1
DA:396,2
DA:400,1
DA:402,1
DA:404,1
DA:405,1
DA:409,2
DA:411,2
DA:412,1
DA:413,1
DA:414,1
DA:416,1
DA:417,1
DA:418,3
DA:419,2
DA:423,3
DA:424,3
DA:426,1
LF:165
LH:116
end_of_record
SF:lib\providers\localization_provider.dart
DA:8,3
DA:10,1
DA:13,1
DA:14,2
DA:15,1
DA:19,1
DA:20,1
DA:21,2
DA:22,1
DA:26,1
DA:27,2
DA:31,1
DA:32,2
DA:36,1
DA:37,2
DA:41,1
DA:42,1
DA:43,1
DA:44,1
DA:45,1
DA:46,1
LF:21
LH:21
end_of_record
SF:lib\utils\constants.dart
DA:8,4
DA:9,4
DA:13,4
DA:16,8
DA:17,4
DA:21,4
DA:63,0
LF:7
LH:6
end_of_record
SF:lib\pages\backup_settings_page.dart
DA:23,3
DA:25,0
DA:27,0
DA:30,0
DA:31,0
DA:32,0
DA:38,0
DA:39,0
DA:41,0
DA:42,0
DA:44,0
DA:45,0
DA:47,0
DA:52,0
DA:54,0
DA:55,0
DA:57,0
DA:62,0
DA:65,0
DA:69,0
DA:72,0
DA:81,3
DA:83,0
DA:85,0
DA:86,0
DA:88,0
DA:89,0
DA:90,0
DA:91,0
DA:92,0
DA:93,0
DA:96,0
DA:97,0
DA:98,0
DA:99,0
DA:100,0
DA:101,0
DA:104,0
DA:105,0
DA:106,0
DA:107,0
DA:108,0
DA:109,0
DA:112,0
DA:113,0
DA:114,0
DA:115,0
DA:116,0
DA:117,0
DA:120,0
DA:121,0
DA:122,0
DA:123,0
DA:124,0
DA:127,0
DA:128,0
DA:129,0
DA:130,0
DA:132,0
DA:136,0
DA:141,0
DA:142,0
DA:143,0
DA:147,0
DA:148,0
DA:151,0
DA:152,0
DA:153,0
DA:155,0
DA:156,0
DA:159,0
DA:162,0
DA:163,0
DA:164,0
DA:167,0
DA:168,0
DA:169,0
DA:170,0
DA:175,0
DA:176,0
DA:177,0
DA:181,0
DA:199,0
DA:201,0
DA:205,0
DA:207,0
DA:208,0
DA:209,0
DA:211,0
DA:213,0
DA:217,0
DA:219,0
DA:220,0
DA:222,0
DA:223,0
DA:226,0
DA:228,0
DA:229,0
DA:232,0
DA:236,0
DA:237,0
DA:243,0
DA:244,0
DA:245,0
DA:247,0
DA:250,0
DA:251,0
DA:252,0
DA:253,0
DA:254,0
DA:259,0
DA:261,0
DA:264,0
DA:265,0
DA:268,0
DA:269,0
DA:271,0
DA:272,0
DA:273,0
DA:274,0
DA:276,0
DA:283,0
DA:286,0
DA:287,0
DA:288,0
DA:289,0
DA:300,0
DA:301,0
DA:302,0
DA:304,0
DA:306,0
DA:307,0
DA:308,0
DA:309,0
DA:311,0
DA:312,0
DA:314,0
DA:315,0
DA:316,0
DA:319,0
DA:322,0
DA:323,0
DA:324,0
DA:330,0
DA:331,0
DA:332,0
DA:333,0
DA:338,0
DA:340,0
DA:341,0
DA:342,0
DA:343,0
DA:346,0
DA:347,0
DA:359,0
DA:360,0
DA:361,0
DA:363,0
DA:364,0
DA:366,0
DA:369,0
DA:370,0
DA:371,0
DA:372,0
DA:373,0
DA:376,0
DA:377,0
DA:378,0
DA:379,0
DA:380,0
DA:382,0
DA:387,0
DA:388,0
DA:389,0
DA:390,0
DA:391,0
DA:401,0
DA:402,0
DA:404,0
DA:405,0
DA:406,0
DA:407,0
DA:408,0
DA:410,0
DA:411,0
DA:412,0
DA:413,0
DA:421,0
DA:423,0
DA:424,0
DA:429,0
DA:431,0
DA:432,0
DA:434,0
DA:437,0
DA:440,0
DA:444,0
DA:448,0
DA:449,0
DA:451,0
DA:453,0
DA:464,0
DA:465,0
DA:467,0
DA:469,0
DA:470,0
DA:473,0
DA:474,0
DA:475,0
DA:486,0
DA:487,0
DA:488,0
DA:490,0
DA:491,0
DA:493,0
DA:495,0
DA:497,0
DA:498,0
DA:499,0
DA:500,0
DA:502,0
DA:503,0
DA:504,0
DA:505,0
DA:511,0
DA:512,0
DA:513,0
DA:516,0
DA:519,0
DA:524,0
DA:525,0
DA:526,0
DA:527,0
DA:528,0
DA:534,0
DA:535,0
DA:536,0
DA:539,0
DA:542,0
DA:543,0
DA:544,0
DA:552,0
DA:553,0
DA:554,0
DA:557,0
DA:560,0
DA:561,0
DA:562,0
DA:566,0
DA:567,0
DA:568,0
DA:569,0
DA:570,0
DA:579,0
DA:580,0
DA:581,0
DA:582,0
DA:585,0
DA:588,0
DA:589,0
DA:590,0
DA:594,0
DA:595,0
DA:596,0
DA:597,0
DA:598,0
DA:608,0
DA:609,0
DA:610,0
DA:611,0
DA:614,0
DA:617,0
DA:618,0
DA:619,0
DA:623,0
DA:624,0
DA:625,0
DA:626,0
DA:627,0
DA:640,0
DA:641,0
DA:643,0
DA:644,0
DA:646,0
DA:647,0
DA:649,0
DA:650,0
DA:651,0
DA:654,0
DA:657,0
DA:658,0
DA:659,0
DA:665,0
DA:666,0
DA:667,0
DA:668,0
DA:675,0
DA:676,0
DA:677,0
DA:680,0
DA:683,0
DA:684,0
DA:685,0
DA:694,0
DA:695,0
DA:696,0
DA:697,0
DA:700,0
DA:703,0
DA:704,0
DA:705,0
DA:709,0
DA:710,0
DA:711,0
DA:712,0
DA:713,0
DA:722,0
DA:724,0
DA:725,0
DA:726,0
DA:731,0
DA:732,0
DA:737,0
DA:738,0
DA:739,0
DA:740,0
DA:744,0
DA:753,0
DA:754,0
DA:755,0
DA:758,0
DA:760,0
DA:761,0
DA:762,0
DA:764,0
DA:767,0
DA:768,0
DA:769,0
DA:770,0
DA:785,0
DA:786,0
DA:788,0
DA:790,0
DA:791,0
DA:792,0
DA:793,0
DA:794,0
DA:795,0
DA:796,0
DA:797,0
DA:798,0
DA:799,0
DA:802,0
DA:803,0
DA:804,0
DA:806,0
DA:808,0
DA:809,0
DA:810,0
DA:812,0
DA:820,0
DA:821,0
DA:822,0
DA:824,0
DA:826,0
DA:827,0
DA:828,0
DA:830,0
DA:832,0
DA:833,0
DA:835,0
DA:836,0
DA:838,0
DA:839,0
DA:840,0
DA:841,0
DA:846,0
DA:847,0
DA:848,0
DA:849,0
DA:860,0
DA:861,0
DA:862,0
DA:864,0
DA:865,0
DA:866,0
DA:867,0
DA:869,0
DA:871,0
DA:876,0
DA:877,0
DA:878,0
DA:879,0
DA:880,0
DA:883,0
DA:884,0
DA:887,0
DA:889,0
DA:891,0
DA:892,0
DA:893,0
DA:896,0
DA:900,0
DA:904,0
DA:905,0
DA:906,0
DA:907,0
DA:909,0
LF:408
LH:2
end_of_record
SF:lib\services\connectivity_service.dart
DA:15,0
DA:18,0
DA:19,0
DA:20,0
DA:21,0
DA:22,0
DA:23,0
DA:28,0
DA:30,0
DA:31,0
DA:32,0
DA:35,0
DA:41,0
DA:43,0
DA:44,0
DA:45,0
DA:48,0
DA:54,0
DA:56,0
DA:58,0
DA:59,0
DA:62,0
DA:68,0
DA:71,0
DA:75,0
DA:79,0
DA:80,0
DA:81,0
LF:28
LH:0
end_of_record
SF:lib\services\google_drive_auth_service.dart
DA:23,1
DA:24,2
DA:25,2
DA:26,3
DA:27,5
DA:31,0
DA:32,0
DA:33,0
DA:34,0
DA:35,0
DA:36,0
DA:41,0
DA:42,0
DA:43,0
DA:45,0
DA:46,0
DA:47,0
DA:50,0
DA:51,0
DA:52,0
DA:54,0
DA:55,0
DA:56,0
DA:57,0
DA:58,0
DA:59,0
DA:62,0
DA:63,0
DA:64,0
DA:65,0
DA:66,0
DA:67,0
DA:69,0
DA:72,0
DA:73,0
DA:76,0
DA:79,0
DA:84,0
DA:85,0
DA:86,0
DA:87,0
DA:88,0
DA:90,0
DA:91,0
DA:93,0
DA:97,0
DA:100,0
DA:101,0
DA:102,0
DA:103,0
DA:104,0
DA:106,0
DA:107,0
DA:112,0
DA:113,0
DA:116,0
DA:117,0
DA:118,0
DA:119,0
DA:120,0
DA:123,0
DA:124,0
DA:125,0
DA:126,0
DA:127,0
DA:132,0
DA:133,0
DA:136,0
DA:137,0
DA:140,0
DA:141,0
DA:144,0
DA:150,0
DA:151,0
DA:153,0
DA:154,0
DA:155,0
DA:156,0
DA:159,0
DA:160,0
DA:161,0
DA:163,0
DA:164,0
DA:165,0
DA:167,0
DA:172,0
DA:173,0
DA:174,0
DA:175,0
DA:176,0
DA:179,0
DA:180,0
DA:181,0
DA:186,0
DA:187,0
DA:189,0
DA:190,0
DA:191,0
DA:194,0
DA:199,0
DA:200,0
DA:206,0
DA:207,0
DA:208,0
DA:213,0
DA:216,0
DA:217,0
DA:220,0
DA:222,0
DA:223,0
DA:227,0
DA:228,0
DA:230,0
DA:231,0
DA:233,0
DA:237,0
DA:238,0
DA:239,0
DA:241,0
DA:244,0
DA:247,0
DA:251,0
DA:252,0
DA:256,0
DA:261,0
DA:262,0
DA:263,0
DA:264,0
DA:265,0
DA:266,0
DA:270,0
DA:271,0
DA:272,0
DA:274,0
DA:275,0
DA:276,0
DA:279,0
DA:284,0
DA:285,0
DA:286,0
DA:287,0
LF:141
LH:5
end_of_record
SF:lib\services\spiritual_stats_service.dart
DA:28,1
DA:29,1
DA:30,1
DA:34,1
DA:37,3
DA:41,3
DA:42,3
DA:44,3
DA:48,1
DA:49,1
DA:50,1
DA:53,1
DA:58,3
DA:59,3
DA:60,3
DA:64,0
DA:65,0
DA:66,0
DA:67,0
DA:69,0
DA:70,0
DA:71,0
DA:72,0
DA:73,0
DA:77,0
DA:78,0
DA:81,0
DA:82,0
DA:84,0
DA:87,0
DA:91,0
DA:92,0
DA:97,3
DA:98,3
DA:99,3
DA:103,2
DA:104,2
DA:106,0
DA:109,0
DA:110,0
DA:111,0
DA:113,0
DA:119,0
DA:120,0
DA:121,0
DA:123,0
DA:130,3
DA:134,2
DA:135,2
DA:136,4
DA:137,2
DA:140,2
DA:141,2
DA:145,2
DA:146,0
DA:151,2
DA:153,2
DA:154,2
DA:155,6
DA:156,4
DA:159,2
DA:160,2
DA:161,2
DA:162,4
DA:163,4
DA:166,0
DA:171,3
DA:173,3
DA:174,0
DA:177,0
DA:178,0
DA:179,0
DA:181,0
DA:184,0
DA:185,0
DA:186,0
DA:187,0
DA:190,0
DA:191,0
DA:195,0
DA:197,0
DA:199,9
DA:204,0
DA:206,0
DA:208,0
DA:209,0
DA:210,0
DA:211,0
DA:212,0
DA:214,0
DA:216,0
DA:217,0
DA:220,0
DA:221,0
DA:222,0
DA:226,0
DA:231,0
DA:233,0
DA:235,0
DA:236,0
DA:237,0
DA:238,0
DA:239,0
DA:241,0
DA:242,0
DA:248,0
DA:249,0
DA:251,0
DA:252,0
DA:254,0
DA:256,0
DA:258,0
DA:259,0
DA:262,0
DA:263,0
DA:264,0
DA:267,0
DA:270,0
DA:276,2
DA:282,2
DA:283,2
DA:286,2
DA:287,2
DA:292,4
DA:294,6
DA:295,4
DA:296,6
DA:298,6
DA:300,4
DA:301,6
DA:303,0
DA:304,0
DA:311,0
DA:313,0
DA:314,0
DA:315,0
DA:318,0
DA:319,0
DA:326,2
DA:327,2
DA:328,6
DA:330,4
DA:331,2
DA:333,2
DA:334,4
DA:336,2
DA:337,2
DA:339,2
DA:341,2
DA:342,4
DA:343,2
DA:347,2
DA:349,4
DA:350,4
DA:354,0
DA:359,0
DA:360,0
DA:362,0
DA:363,0
DA:367,0
DA:368,0
DA:370,0
DA:371,0
DA:377,0
DA:378,0
DA:379,0
DA:381,0
DA:382,0
DA:383,0
DA:384,0
DA:385,0
DA:389,0
DA:390,0
DA:393,0
DA:394,0
DA:395,0
DA:397,0
DA:398,0
DA:399,0
DA:401,0
DA:402,0
DA:405,0
DA:407,0
DA:409,0
DA:412,0
DA:413,0
DA:417,0
DA:419,0
DA:424,1
DA:425,1
DA:426,1
DA:428,1
DA:430,1
DA:431,1
DA:435,1
DA:440,1
DA:442,1
DA:443,0
DA:445,0
DA:447,0
DA:450,0
DA:451,0
DA:452,0
DA:453,0
DA:456,0
DA:457,0
DA:460,0
DA:462,3
DA:467,0
DA:469,0
DA:470,0
DA:472,0
DA:473,0
DA:477,0
DA:478,0
DA:480,0
DA:481,0
DA:483,0
DA:485,0
DA:486,0
DA:489,0
DA:490,0
DA:491,0
DA:494,0
DA:497,0
DA:503,0
DA:505,0
DA:507,0
DA:508,0
DA:509,0
DA:510,0
DA:511,0
DA:514,0
DA:516,0
DA:517,0
DA:519,0
DA:520,0
DA:521,0
DA:525,0
DA:528,0
DA:529,0
DA:530,0
DA:534,0
DA:535,0
DA:540,0
DA:542,0
DA:545,0
DA:552,0
DA:553,0
DA:555,0
DA:556,0
DA:559,0
DA:560,0
DA:561,0
DA:562,0
DA:563,0
DA:567,0
DA:570,0
DA:571,0
DA:573,0
DA:577,0
DA:579,0
DA:581,0
DA:582,0
DA:583,0
DA:586,0
DA:587,0
DA:590,0
DA:594,0
DA:596,0
DA:597,0
DA:598,0
DA:600,0
DA:601,0
DA:604,0
DA:606,0
DA:611,0
DA:613,0
DA:615,0
DA:616,0
DA:620,0
DA:621,0
DA:623,0
DA:624,0
DA:627,0
DA:630,0
DA:635,0
DA:637,0
DA:638,0
DA:640,0
DA:641,0
DA:645,0
DA:650,1
DA:651,1
DA:652,1
DA:653,1
DA:656,2
DA:658,1
DA:660,0
DA:664,2
DA:665,1
DA:666,1
DA:669,0
DA:670,0
DA:672,0
DA:673,0
DA:676,0
DA:677,0
DA:679,0
DA:680,0
DA:681,0
DA:686,0
DA:688,0
DA:690,0
DA:691,0
DA:692,0
DA:693,0
DA:701,2
DA:707,2
DA:709,4
DA:711,4
DA:713,10
DA:718,2
DA:719,2
DA:720,4
DA:722,2
DA:723,4
DA:725,2
DA:726,4
DA:731,4
DA:732,8
DA:740,1
DA:741,1
DA:742,1
DA:743,1
DA:744,1
DA:745,1
DA:749,1
DA:752,0
DA:753,0
DA:754,0
DA:759,0
DA:760,0
DA:761,0
DA:762,0
DA:764,0
DA:765,0
DA:768,0
DA:770,3
DA:774,0
DA:775,0
DA:778,2
DA:779,2
DA:780,4
DA:784,1
DA:786,1
DA:787,1
DA:789,1
DA:790,1
DA:791,4
DA:792,2
DA:795,0
DA:796,0
DA:801,1
DA:803,1
DA:804,0
DA:805,0
DA:808,0
DA:809,0
DA:811,0
DA:814,1
DA:815,0
DA:817,0
DA:818,0
DA:821,0
DA:823,0
DA:826,0
LF:377
LH:123
end_of_record
SF:lib\widgets\backup_configuration_sheet.dart
DA:15,0
DA:21,0
DA:22,0
DA:23,0
DA:29,0
DA:30,0
DA:34,0
DA:36,0
DA:37,0
DA:39,0
DA:40,0
DA:41,0
DA:42,0
DA:44,0
DA:46,0
DA:47,0
DA:48,0
DA:52,0
DA:53,0
DA:54,0
DA:60,0
DA:65,0
DA:66,0
DA:68,0
DA:72,0
DA:73,0
DA:76,0
DA:81,0
DA:83,0
DA:84,0
DA:85,0
DA:87,0
DA:88,0
DA:89,0
DA:90,0
DA:96,0
DA:98,0
DA:99,0
DA:109,0
DA:110,0
DA:113,0
DA:115,0
DA:119,0
DA:124,0
DA:141,0
DA:145,0
DA:147,0
DA:149,0
DA:151,0
DA:153,0
DA:155,0
DA:157,0
DA:164,0
DA:169,0
DA:170,0
DA:175,0
DA:180,0
DA:181,0
DA:188,0
DA:189,0
DA:190,0
DA:192,0
DA:194,0
DA:196,0
DA:198,0
DA:200,0
DA:202,0
DA:209,0
DA:211,0
DA:214,0
DA:215,0
DA:216,0
DA:218,0
DA:220,0
DA:221,0
DA:231,0
DA:239,0
DA:240,0
DA:243,0
DA:244,0
DA:245,0
DA:246,0
DA:249,0
DA:251,0
DA:252,0
DA:254,0
DA:256,0
DA:258,0
DA:265,0
DA:266,0
DA:268,0
DA:269,0
DA:270,0
DA:271,0
DA:273,0
DA:277,0
DA:278,0
DA:279,0
DA:280,0
DA:287,0
DA:289,0
DA:290,0
DA:299,0
DA:300,0
DA:302,0
DA:304,0
DA:305,0
DA:306,0
DA:307,0
DA:308,0
DA:309,0
DA:310,0
DA:311,0
DA:312,0
DA:313,0
DA:316,0
DA:317,0
DA:318,0
DA:319,0
DA:320,0
DA:322,0
DA:323,0
DA:324,0
DA:326,0
LF:124
LH:0
end_of_record
SF:lib\pages\contact_page.dart
DA:11,3
DA:13,0
DA:14,0
DA:24,0
DA:26,0
DA:28,0
DA:29,0
DA:30,0
DA:31,0
DA:32,0
DA:36,0
DA:38,0
DA:39,0
DA:42,0
DA:44,0
DA:45,0
DA:49,0
DA:50,0
DA:51,0
DA:56,0
DA:59,0
DA:60,0
DA:61,0
DA:64,0
DA:68,0
DA:69,0
DA:70,0
DA:72,0
DA:73,0
DA:74,0
DA:79,0
DA:80,0
DA:81,0
DA:85,0
DA:89,0
DA:91,0
DA:92,0
DA:96,0
DA:97,0
DA:98,0
DA:99,0
DA:106,0
DA:107,0
DA:108,0
DA:109,0
DA:110,0
DA:117,0
DA:119,0
DA:120,0
DA:122,0
DA:123,0
DA:124,0
DA:125,0
DA:127,0
DA:131,0
DA:133,0
DA:135,0
DA:137,0
DA:138,0
DA:139,0
DA:141,0
DA:147,0
DA:148,0
DA:150,0
DA:155,0
DA:156,0
DA:157,0
DA:158,0
DA:160,0
DA:161,0
DA:162,0
DA:164,0
DA:165,0
DA:166,0
DA:168,0
DA:169,0
DA:170,0
DA:178,0
DA:179,0
DA:181,0
DA:183,0
DA:184,0
DA:185,0
DA:186,0
DA:188,0
DA:193,0
DA:194,0
DA:195,0
DA:196,0
DA:200,0
DA:201,0
DA:202,0
DA:204,0
DA:205,0
DA:206,0
DA:207,0
DA:209,0
DA:210,0
DA:212,0
DA:218,0
DA:225,0
DA:226,0
DA:227,0
DA:228,0
DA:229,0
DA:230,0
DA:231,0
DA:233,0
DA:240,0
DA:241,0
DA:242,0
DA:243,0
DA:244,0
DA:245,0
DA:246,0
DA:247,0
DA:250,0
DA:251,0
DA:262,0
DA:263,0
DA:264,0
DA:266,0
DA:272,0
DA:273,0
DA:274,0
DA:275,0
DA:276,0
DA:277,0
DA:281,0
DA:282,0
DA:284,0
DA:290,0
DA:291,0
DA:292,0
DA:293,0
DA:294,0
DA:295,0
DA:296,0
DA:297,0
DA:299,0
LF:140
LH:1
end_of_record
SF:lib\pages\donate_page.dart
DA:23,3
DA:25,0
DA:26,0
DA:49,0
DA:51,0
DA:53,0
DA:55,0
DA:64,0
DA:66,0
DA:67,0
DA:68,0
DA:69,0
DA:72,0
DA:74,0
DA:75,0
DA:76,0
DA:77,0
DA:78,0
DA:81,0
DA:82,0
DA:87,0
DA:92,0
DA:93,0
DA:94,0
DA:99,0
DA:100,0
DA:101,0
DA:106,0
DA:107,0
DA:108,0
DA:114,0
DA:115,0
DA:117,0
DA:118,0
DA:119,0
DA:120,0
DA:121,0
DA:124,0
DA:125,0
DA:126,0
DA:128,0
DA:129,0
DA:136,0
DA:139,0
DA:141,0
DA:142,0
DA:143,0
DA:144,0
DA:145,0
DA:146,0
DA:150,0
DA:151,0
DA:155,0
DA:157,0
DA:158,0
DA:159,0
DA:161,0
DA:165,0
DA:166,0
DA:167,0
DA:168,0
DA:171,0
DA:172,0
DA:174,0
DA:177,0
DA:178,0
DA:179,0
DA:180,0
DA:181,0
DA:182,0
DA:183,0
DA:185,0
DA:189,0
DA:190,0
DA:191,0
DA:192,0
DA:193,0
DA:195,0
DA:198,0
DA:199,0
DA:200,0
DA:202,0
DA:206,0
DA:207,0
DA:208,0
DA:209,0
DA:214,0
DA:215,0
DA:216,0
DA:217,0
DA:219,0
DA:220,0
DA:221,0
DA:222,0
DA:223,0
DA:230,0
DA:231,0
DA:232,0
DA:236,0
DA:241,0
DA:242,0
DA:243,0
DA:244,0
DA:247,0
DA:248,0
DA:250,0
DA:254,0
DA:256,0
DA:261,0
DA:263,0
DA:264,0
DA:267,0
DA:268,0
DA:269,0
DA:273,0
DA:274,0
DA:275,0
DA:276,0
DA:278,0
DA:279,0
DA:282,0
DA:283,0
DA:284,0
DA:285,0
DA:286,0
DA:287,0
DA:294,0
DA:295,0
DA:296,0
DA:297,0
DA:298,0
DA:306,0
DA:308,0
DA:309,0
DA:311,0
DA:312,0
DA:313,0
DA:314,0
DA:315,0
DA:316,0
DA:317,0
DA:318,0
DA:319,0
DA:320,0
DA:324,0
DA:325,0
DA:326,0
DA:327,0
DA:328,0
DA:329,0
DA:330,0
DA:331,0
DA:333,0
DA:334,0
DA:336,0
DA:345,0
DA:346,0
DA:347,0
DA:348,0
DA:357,0
DA:360,0
DA:361,0
DA:364,0
DA:365,0
DA:366,0
DA:370,0
DA:372,0
DA:373,0
DA:384,0
DA:389,0
DA:395,0
DA:401,0
DA:405,0
DA:406,0
DA:408,0
DA:410,0
DA:411,0
DA:420,0
DA:421,0
DA:425,0
DA:426,0
DA:427,0
DA:428,0
DA:429,0
DA:433,0
DA:436,0
DA:437,0
DA:439,0
DA:440,0
DA:444,0
DA:445,0
DA:446,0
DA:451,0
DA:452,0
DA:453,0
DA:459,0
DA:460,0
DA:461,0
DA:462,0
DA:464,0
DA:465,0
DA:472,0
DA:479,0
DA:480,0
DA:483,0
DA:484,0
DA:485,0
DA:486,0
DA:487,0
DA:491,0
DA:492,0
DA:493,0
DA:495,0
DA:496,0
DA:501,0
DA:502,0
DA:503,0
DA:506,0
DA:507,0
DA:508,0
DA:509,0
DA:517,0
DA:520,0
DA:521,0
DA:523,0
DA:535,0
DA:536,0
DA:537,0
DA:539,0
DA:541,0
DA:542,0
DA:551,0
DA:552,0
DA:554,0
DA:555,0
DA:559,0
DA:560,0
DA:561,0
DA:562,0
DA:563,0
DA:568,0
DA:569,0
DA:571,0
DA:572,0
DA:573,0
DA:575,0
DA:576,0
DA:579,0
DA:580,0
DA:582,0
DA:583,0
DA:589,0
DA:591,0
DA:593,0
DA:599,0
DA:600,0
DA:601,0
DA:602,0
DA:613,0
DA:620,0
DA:624,0
DA:625,0
DA:626,0
DA:627,0
DA:631,0
DA:633,0
DA:634,0
DA:635,0
DA:636,0
DA:640,0
DA:641,0
DA:642,0
DA:648,0
DA:650,0
DA:651,0
DA:652,0
DA:653,0
DA:655,0
DA:666,0
DA:668,0
DA:669,0
DA:671,0
DA:672,0
DA:675,0
DA:691,0
DA:692,0
DA:693,0
DA:694,0
DA:695,0
DA:696,0
DA:698,0
DA:700,0
DA:702,0
DA:716,0
DA:717,0
LF:295
LH:1
end_of_record
SF:lib\services\donation_service.dart
DA:30,0
DA:32,0
DA:33,0
DA:35,0
DA:38,0
DA:39,0
DA:42,0
DA:44,0
DA:49,0
DA:50,0
DA:51,0
DA:52,0
DA:56,0
DA:60,0
DA:61,0
DA:62,0
DA:66,0
DA:68,0
DA:71,0
DA:73,0
DA:74,0
DA:75,0
DA:78,0
DA:79,0
DA:81,0
DA:83,0
DA:84,0
DA:89,0
DA:91,0
DA:92,0
DA:93,0
DA:96,0
DA:97,0
DA:102,0
DA:107,0
DA:109,0
DA:111,0
DA:112,0
DA:115,0
DA:121,0
DA:122,0
DA:123,0
DA:124,0
DA:128,0
DA:132,0
DA:136,0
DA:139,0
DA:145,0
DA:146,0
DA:147,0
DA:148,0
DA:151,0
DA:152,0
DA:153,0
DA:155,0
DA:156,0
DA:157,0
DA:159,0
DA:160,0
DA:161,0
DA:163,0
DA:164,0
DA:166,0
DA:172,0
DA:173,0
DA:174,0
DA:180,0
DA:184,0
DA:185,0
DA:189,0
DA:192,0
DA:193,0
DA:194,0
DA:198,0
DA:199,0
DA:200,0
DA:202,0
DA:203,0
DA:207,0
DA:212,0
DA:214,0
DA:215,0
DA:216,0
DA:218,0
DA:223,0
DA:225,0
DA:226,0
DA:228,0
DA:230,0
DA:233,0
DA:234,0
DA:235,0
DA:236,0
DA:239,0
DA:240,0
DA:242,0
DA:247,0
DA:249,0
DA:250,0
DA:252,0
DA:254,0
DA:257,0
DA:258,0
DA:259,0
DA:260,0
DA:262,0
DA:265,0
DA:270,0
DA:272,0
DA:273,0
DA:276,0
DA:277,0
DA:279,0
DA:283,0
DA:284,0
DA:286,0
DA:287,0
DA:292,0
DA:294,0
DA:295,0
DA:297,0
DA:299,0
DA:301,0
DA:302,0
DA:306,0
DA:307,0
DA:312,0
DA:314,0
DA:315,0
DA:317,0
DA:323,0
DA:325,0
DA:326,0
DA:330,0
DA:331,0
DA:335,0
DA:336,0
DA:338,0
DA:339,0
DA:344,0
DA:346,0
DA:347,0
DA:349,0
DA:355,0
DA:357,0
DA:358,0
LF:146
LH:0
end_of_record
SF:lib\widgets\donate\animated_donation_header.dart
DA:12,1
DA:19,1
DA:20,1
DA:33,1
DA:35,1
DA:36,1
DA:39,1
DA:41,2
DA:44,1
DA:47,2
DA:50,1
DA:53,2
DA:56,1
DA:59,3
DA:60,2
DA:63,3
DA:64,2
DA:67,3
DA:68,2
DA:72,1
DA:74,2
DA:75,2
DA:76,2
DA:77,1
DA:80,1
DA:82,1
DA:83,3
DA:85,4
DA:87,1
DA:88,1
DA:89,1
DA:90,1
DA:91,4
DA:92,4
DA:93,4
DA:99,1
DA:100,1
DA:101,4
DA:108,1
DA:109,1
DA:110,1
DA:112,1
DA:114,1
DA:117,1
DA:120,1
DA:127,1
DA:129,1
DA:131,2
DA:132,1
DA:133,1
DA:134,2
DA:135,4
DA:137,1
DA:138,2
DA:139,5
DA:140,1
DA:141,6
DA:143,1
DA:146,1
DA:147,1
DA:148,2
DA:150,1
DA:160,1
DA:162,1
DA:164,2
DA:165,1
DA:166,1
DA:167,2
DA:168,4
DA:169,6
DA:172,1
DA:173,3
DA:174,3
DA:175,1
DA:176,3
DA:177,3
DA:178,1
DA:179,1
DA:180,1
DA:181,7
DA:185,1
DA:186,1
DA:187,1
DA:202,1
DA:203,1
DA:206,1
DA:209,1
DA:213,1
DA:214,1
DA:215,1
DA:216,1
DA:218,1
DA:220,1
DA:221,4
DA:223,4
DA:224,1
DA:226,1
DA:227,1
DA:228,1
DA:229,4
DA:237,1
DA:238,4
DA:240,1
DA:243,1
DA:244,1
DA:246,1
DA:247,1
DA:250,1
DA:251,1
DA:252,1
DA:272,1
DA:273,1
DA:274,4
DA:278,1
DA:279,1
DA:280,1
LF:116
LH:116
end_of_record
SF:lib\widgets\donate\badge_preview_dialog.dart
DA:13,0
DA:20,0
DA:22,0
DA:23,0
DA:24,0
DA:26,0
DA:27,0
DA:28,0
DA:29,0
DA:30,0
DA:31,0
DA:33,0
DA:34,0
DA:35,0
DA:36,0
DA:37,0
DA:38,0
DA:39,0
DA:45,0
DA:47,0
DA:49,0
DA:52,0
DA:55,0
DA:63,0
DA:64,0
DA:66,0
DA:67,0
DA:68,0
DA:69,0
DA:72,0
DA:75,0
DA:76,0
DA:77,0
DA:79,0
DA:90,0
DA:91,0
DA:92,0
DA:94,0
DA:95,0
DA:97,0
DA:98,0
DA:99,0
DA:100,0
DA:110,0
DA:119,0
DA:120,0
DA:123,0
DA:124,0
DA:125,0
DA:126,0
DA:127,0
DA:131,0
DA:132,0
DA:133,0
DA:135,0
DA:136,0
DA:137,0
DA:138,0
DA:147,0
DA:149,0
DA:150,0
DA:151,0
DA:153,0
DA:154,0
DA:155,0
DA:156,0
DA:166,0
DA:171,0
DA:173,0
DA:174,0
DA:175,0
DA:176,0
DA:177,0
DA:178,0
DA:179,0
DA:180,0
DA:181,0
DA:182,0
DA:186,0
DA:190,0
DA:191,0
DA:192,0
DA:193,0
DA:195,0
DA:196,0
DA:197,0
DA:198,0
DA:202,0
DA:203,0
DA:204,0
DA:205,0
LF:91
LH:0
end_of_record
SF:lib\widgets\donate\donate_success_page.dart
DA:19,0
DA:30,0
DA:32,0
DA:33,0
DA:35,0
DA:36,0
DA:37,0
DA:38,0
DA:39,0
DA:40,0
DA:41,0
DA:47,0
DA:48,0
DA:50,0
DA:52,0
DA:54,0
DA:58,0
DA:59,0
DA:60,0
DA:61,0
DA:69,0
DA:70,0
DA:75,0
DA:76,0
DA:77,0
DA:78,0
DA:82,0
DA:85,0
DA:94,0
DA:95,0
DA:96,0
DA:97,0
DA:98,0
DA:99,0
DA:100,0
DA:103,0
DA:105,0
DA:106,0
DA:107,0
DA:108,0
DA:110,0
DA:111,0
DA:115,0
DA:116,0
DA:117,0
DA:121,0
DA:122,0
DA:124,0
DA:126,0
DA:129,0
DA:138,0
DA:139,0
DA:141,0
DA:142,0
DA:144,0
DA:145,0
DA:146,0
DA:147,0
DA:155,0
DA:157,0
DA:158,0
DA:159,0
DA:161,0
DA:162,0
DA:163,0
DA:164,0
DA:165,0
DA:166,0
DA:173,0
DA:174,0
DA:175,0
DA:176,0
DA:188,0
DA:193,0
DA:194,0
DA:196,0
DA:199,0
DA:200,0
DA:201,0
DA:202,0
DA:205,0
DA:207,0
DA:211,0
DA:212,0
DA:213,0
DA:214,0
DA:215,0
DA:219,0
DA:220,0
DA:221,0
DA:230,0
DA:233,0
DA:234,0
DA:235,0
DA:240,0
DA:242,0
DA:246,0
DA:247,0
DA:248,0
DA:249,0
DA:250,0
DA:254,0
DA:255,0
DA:256,0
LF:104
LH:0
end_of_record
SF:lib\pages\settings_page.dart
DA:26,1
DA:28,0
DA:29,0
DA:41,0
DA:43,0
DA:44,0
DA:45,0
DA:48,0
DA:49,0
DA:50,0
DA:55,0
DA:56,0
DA:58,0
DA:59,0
DA:61,0
DA:62,0
DA:63,0
DA:67,0
DA:68,0
DA:69,0
DA:74,0
DA:76,0
DA:79,0
DA:80,0
DA:89,0
DA:95,0
DA:97,0
DA:98,0
DA:99,0
DA:100,0
DA:101,0
DA:105,0
DA:106,0
DA:109,0
DA:114,0
DA:116,0
DA:117,0
DA:119,0
DA:120,0
DA:121,0
DA:122,0
DA:123,0
DA:127,0
DA:129,0
DA:130,0
DA:138,0
DA:139,0
DA:140,0
DA:145,0
DA:147,0
DA:148,0
DA:151,0
DA:153,0
DA:154,0
DA:155,0
DA:161,0
DA:165,0
DA:167,0
DA:170,0
DA:171,0
DA:177,0
DA:178,0
DA:180,0
DA:183,0
DA:184,0
DA:187,0
DA:188,0
DA:192,0
DA:194,0
DA:199,0
DA:200,0
DA:201,0
DA:204,0
DA:205,0
DA:208,0
DA:213,0
DA:214,0
DA:216,0
DA:217,0
DA:220,0
DA:224,0
DA:225,0
DA:226,0
DA:227,0
DA:228,0
DA:229,0
DA:236,0
DA:238,0
DA:239,0
DA:240,0
DA:242,0
DA:243,0
DA:244,0
DA:245,0
DA:249,0
DA:251,0
DA:253,0
DA:255,0
DA:256,0
DA:258,0
DA:259,0
DA:260,0
DA:261,0
DA:262,0
DA:263,0
DA:264,0
DA:267,0
DA:268,0
DA:269,0
DA:270,0
DA:281,0
DA:282,0
DA:283,0
DA:285,0
DA:286,0
DA:290,0
DA:291,0
DA:296,0
DA:297,0
DA:298,0
DA:300,0
DA:301,0
DA:303,0
DA:304,0
DA:305,0
DA:306,0
DA:308,0
DA:312,0
DA:313,0
DA:314,0
DA:315,0
DA:316,0
DA:317,0
DA:332,0
DA:333,0
DA:334,0
DA:336,0
DA:341,0
DA:342,0
DA:343,0
DA:345,0
DA:346,0
DA:347,0
DA:348,0
DA:350,0
DA:356,0
DA:357,0
DA:361,0
DA:362,0
DA:363,0
DA:364,0
DA:367,0
DA:373,0
DA:374,0
DA:375,0
DA:376,0
DA:378,0
DA:379,0
DA:383,0
DA:385,0
DA:386,0
DA:387,0
DA:389,0
DA:392,0
DA:393,0
DA:394,0
DA:395,0
DA:397,0
DA:411,0
DA:412,0
DA:413,0
DA:415,0
DA:418,0
DA:420,0
DA:421,0
DA:422,0
DA:424,0
DA:425,0
DA:426,0
DA:427,0
DA:429,0
DA:439,0
DA:442,0
DA:443,0
DA:444,0
DA:446,0
DA:449,0
DA:451,0
DA:452,0
DA:453,0
DA:455,0
DA:458,0
DA:459,0
DA:460,0
DA:461,0
DA:463,0
DA:475,0
DA:476,0
DA:477,0
DA:478,0
DA:479,0
DA:480,0
LF:202
LH:1
end_of_record
SF:lib\services\tts\voice_settings_service.dart
DA:6,26
DA:7,13
DA:9,26
DA:11,13
DA:17,0
DA:18,0
DA:19,0
DA:20,0
DA:24,0
DA:25,0
DA:26,0
DA:27,0
DA:28,0
DA:30,0
DA:32,0
DA:33,0
DA:34,0
DA:35,0
DA:37,0
DA:38,0
DA:39,0
DA:40,0
DA:41,0
DA:42,0
DA:43,0
DA:44,0
DA:46,0
DA:47,0
DA:48,0
DA:49,0
DA:52,0
DA:53,0
DA:54,0
DA:58,0
DA:59,0
DA:60,0
DA:61,0
DA:62,0
DA:63,0
DA:64,0
DA:67,0
DA:155,9
DA:157,3
DA:158,3
DA:159,3
DA:160,3
DA:161,3
DA:162,3
DA:163,3
DA:164,3
DA:165,3
DA:166,3
DA:167,3
DA:168,3
DA:169,3
DA:170,3
DA:171,3
DA:172,3
DA:175,3
DA:176,3
DA:177,3
DA:178,3
DA:179,3
DA:180,3
DA:184,1
DA:187,1
DA:189,1
DA:192,1
DA:195,3
DA:198,3
DA:203,0
DA:204,0
DA:206,3
DA:212,3
DA:214,3
DA:215,6
DA:221,1
DA:223,1
DA:225,3
DA:226,2
DA:227,5
DA:230,0
DA:231,0
DA:232,0
DA:233,0
DA:234,0
DA:238,3
DA:243,0
DA:244,0
DA:245,0
DA:248,3
DA:255,3
DA:257,3
DA:258,0
DA:259,0
DA:260,0
DA:264,9
DA:265,3
DA:266,0
DA:267,0
DA:270,0
DA:271,0
DA:273,0
DA:282,3
DA:286,3
DA:291,6
DA:292,3
DA:293,3
DA:294,6
DA:295,6
DA:296,6
DA:299,6
DA:300,6
DA:301,6
DA:302,6
DA:303,6
DA:304,6
DA:307,3
DA:308,0
DA:309,0
DA:310,0
DA:312,0
DA:314,0
DA:315,0
DA:316,0
DA:317,0
DA:323,3
DA:324,3
DA:325,6
DA:326,0
DA:331,3
DA:332,3
DA:333,3
DA:334,9
DA:335,21
DA:336,3
DA:340,6
DA:341,6
DA:342,6
DA:343,6
DA:344,6
DA:345,3
DA:347,3
DA:351,0
DA:352,0
DA:354,0
DA:355,0
DA:356,0
DA:357,0
DA:358,0
DA:359,0
DA:360,0
DA:361,0
DA:362,0
DA:364,0
DA:369,0
DA:370,0
DA:371,0
DA:373,0
DA:375,0
DA:377,0
DA:379,0
DA:381,0
DA:383,0
DA:385,0
DA:393,3
DA:395,6
DA:397,3
DA:398,6
DA:399,3
DA:400,3
DA:401,3
DA:402,3
DA:403,3
DA:405,0
DA:406,3
DA:407,3
DA:410,0
DA:412,0
DA:413,0
DA:418,3
DA:420,3
DA:421,6
DA:423,3
DA:424,6
DA:425,3
DA:426,3
DA:427,9
DA:430,3
DA:432,6
DA:433,3
DA:434,3
DA:435,3
DA:436,3
DA:437,3
DA:440,3
DA:442,0
DA:443,0
DA:444,0
DA:448,0
DA:449,0
DA:450,0
DA:454,0
DA:455,0
DA:456,0
DA:457,0
DA:458,0
DA:459,0
DA:460,0
DA:463,0
DA:469,0
DA:471,0
DA:472,0
DA:477,0
DA:478,0
DA:480,0
DA:481,0
DA:482,0
DA:483,0
DA:484,0
DA:485,0
DA:486,0
DA:490,0
DA:491,0
DA:492,0
DA:493,0
DA:494,0
DA:495,0
DA:498,0
DA:499,0
DA:503,3
DA:504,3
DA:505,3
DA:507,3
DA:509,1
DA:511,1
DA:519,0
DA:520,0
DA:523,0
DA:524,0
DA:525,0
DA:528,0
DA:529,0
DA:530,0
DA:659,0
DA:660,0
DA:665,0
DA:666,0
DA:675,0
DA:677,0
DA:678,0
DA:679,0
DA:680,0
DA:682,0
DA:687,0
DA:689,0
DA:690,0
DA:692,0
LF:258
LH:112
end_of_record
SF:lib\blocs\onboarding\onboarding_bloc.dart
DA:37,6
DA:45,6
DA:47,12
DA:48,12
DA:49,12
DA:50,12
DA:51,12
DA:52,12
DA:53,12
DA:54,12
DA:55,12
DA:56,12
DA:57,12
DA:61,0
DA:63,0
DA:65,0
DA:66,0
DA:72,0
DA:75,0
DA:76,0
DA:77,0
DA:79,0
DA:81,0
DA:83,0
DA:86,0
DA:89,0
DA:92,0
DA:96,6
DA:98,12
DA:101,6
DA:104,12
DA:105,18
DA:108,2
DA:110,2
DA:111,1
DA:112,1
DA:118,6
DA:119,6
DA:121,12
DA:122,6
DA:123,18
DA:127,4
DA:128,2
DA:129,4
DA:130,0
DA:134,6
DA:136,6
DA:137,6
DA:138,12
DA:141,18
DA:143,12
DA:147,6
DA:149,6
DA:153,12
DA:156,3
DA:157,2
DA:158,2
DA:160,2
DA:164,12
DA:168,3
DA:170,6
DA:172,6
DA:175,3
DA:176,2
DA:181,6
DA:182,2
DA:187,3
DA:189,3
DA:192,6
DA:193,9
DA:194,2
DA:195,2
DA:201,9
DA:202,9
DA:203,6
DA:204,3
DA:209,3
DA:210,3
DA:212,6
DA:214,6
DA:215,3
DA:217,12
DA:218,6
DA:222,6
DA:223,6
DA:225,0
DA:226,0
DA:227,0
DA:229,0
DA:232,3
DA:235,6
DA:239,4
DA:241,8
DA:243,8
DA:245,8
DA:246,4
DA:253,8
DA:254,2
DA:255,2
DA:257,2
DA:262,4
DA:264,8
DA:270,12
DA:271,8
DA:273,8
DA:276,8
DA:277,8
DA:280,4
DA:281,0
DA:284,0
DA:290,4
DA:292,8
DA:294,4
DA:297,8
DA:299,3
DA:300,2
DA:301,2
DA:303,3
DA:307,8
DA:311,2
DA:313,4
DA:315,4
DA:317,4
DA:318,0
DA:324,2
DA:326,4
DA:328,4
DA:332,4
DA:333,4
DA:336,4
DA:337,2
DA:339,2
DA:343,2
DA:345,4
DA:347,4
DA:350,4
DA:352,0
DA:353,0
DA:354,0
DA:356,0
DA:357,0
DA:358,0
DA:363,4
DA:367,2
DA:369,4
DA:372,4
DA:373,0
DA:379,2
DA:381,4
DA:382,4
DA:384,4
DA:386,4
DA:388,0
DA:389,0
DA:390,0
DA:392,0
DA:393,0
DA:394,0
DA:399,4
DA:403,3
DA:405,6
DA:408,3
DA:409,2
DA:414,3
DA:418,6
DA:419,6
DA:421,1
DA:424,3
DA:427,6
DA:428,6
DA:431,3
DA:433,6
DA:435,3
DA:438,6
DA:440,3
DA:441,2
DA:442,2
DA:444,2
DA:447,3
DA:450,6
DA:454,2
DA:456,4
DA:459,4
DA:460,2
DA:461,2
DA:463,2
DA:465,4
DA:467,0
DA:468,0
DA:469,0
DA:471,0
DA:475,4
DA:479,2
DA:481,4
DA:483,4
DA:484,0
DA:488,2
DA:490,4
DA:491,0
DA:496,4
DA:497,4
DA:498,4
DA:500,0
DA:503,4
DA:507,2
DA:509,4
DA:511,4
DA:512,0
DA:517,2
DA:519,2
DA:520,0
DA:525,4
DA:526,2
DA:527,4
DA:530,4
DA:534,2
DA:536,4
DA:538,4
DA:540,4
DA:541,0
DA:547,2
DA:549,4
DA:550,8
DA:552,4
DA:554,4
DA:556,0
DA:559,4
DA:563,6
DA:565,6
DA:566,6
DA:572,2
DA:574,4
DA:575,2
DA:576,4
DA:578,2
DA:579,2
DA:583,2
DA:584,2
DA:586,1
DA:587,1
DA:591,2
DA:593,2
DA:596,2
DA:597,2
DA:598,4
DA:599,2
DA:602,2
DA:605,4
DA:606,4
DA:610,0
DA:611,0
DA:613,6
DA:617,4
DA:618,4
DA:619,0
DA:626,1
DA:629,4
DA:632,4
DA:633,4
DA:637,4
DA:638,4
DA:639,8
DA:640,8
DA:642,0
DA:644,4
DA:650,6
DA:652,6
DA:653,6
DA:659,2
DA:661,2
DA:662,1
DA:663,2
DA:664,1
DA:669,2
DA:670,2
DA:672,1
DA:677,2
DA:679,2
DA:682,2
DA:683,2
DA:684,4
DA:685,2
DA:688,2
DA:689,4
DA:691,6
DA:695,0
DA:696,0
DA:702,3
DA:705,0
DA:710,3
DA:711,3
DA:713,3
DA:715,3
DA:716,3
DA:717,6
DA:719,9
DA:721,0
DA:728,2
DA:730,2
DA:731,2
DA:732,4
DA:734,0
DA:739,3
DA:741,3
DA:742,3
DA:743,6
DA:745,0
DA:750,4
DA:753,4
DA:754,4
DA:755,4
DA:756,0
DA:758,0
DA:761,4
DA:762,4
DA:763,4
DA:764,0
DA:770,4
DA:771,0
DA:772,0
DA:773,0
DA:775,0
DA:781,4
DA:782,0
DA:783,0
DA:784,0
DA:786,0
DA:791,8
DA:794,0
DA:800,4
DA:802,4
DA:803,4
DA:804,2
DA:809,4
DA:817,4
DA:818,0
DA:819,0
DA:826,2
DA:828,4
DA:829,2
DA:832,2
DA:835,2
DA:837,4
DA:843,0
DA:844,0
DA:850,2
DA:852,4
DA:853,2
DA:857,2
DA:860,2
DA:862,2
DA:863,2
DA:864,2
DA:865,0
DA:866,2
DA:867,4
DA:872,0
DA:873,0
DA:879,2
DA:882,3
DA:883,1
DA:884,1
DA:887,2
DA:888,1
DA:889,0
DA:896,4
DA:897,2
DA:898,2
DA:899,1
DA:904,0
DA:905,0
DA:911,2
DA:914,3
DA:915,1
DA:916,1
DA:917,1
DA:921,2
DA:923,0
DA:924,0
DA:930,2
DA:939,2
DA:943,2
DA:951,4
DA:952,2
DA:953,3
DA:959,8
DA:960,0
DA:964,4
DA:965,4
DA:966,0
LF:390
LH:308
end_of_record
SF:lib\blocs\onboarding\onboarding_event.dart
DA:6,2
DA:8,0
DA:9,0
DA:14,1
DA:21,2
DA:23,0
DA:24,0
DA:31,1
DA:33,0
DA:34,0
DA:41,1
DA:43,0
DA:44,0
DA:51,1
DA:53,0
DA:54,0
DA:59,1
DA:64,1
DA:69,1
DA:74,1
DA:82,1
DA:84,0
DA:85,0
DA:90,0
LF:24
LH:11
end_of_record
SF:lib\blocs\onboarding\onboarding_models.dart
DA:38,1
DA:47,2
DA:48,2
DA:49,2
DA:50,2
DA:51,2
DA:52,2
DA:53,2
DA:54,2
DA:65,6
DA:72,3
DA:73,3
DA:74,3
DA:75,3
DA:76,3
DA:77,3
DA:81,0
DA:87,0
DA:88,0
DA:89,0
DA:90,0
DA:91,0
DA:96,6
DA:99,6
DA:101,18
DA:103,18
DA:105,6
DA:114,4
DA:115,4
DA:116,4
DA:117,4
DA:118,4
DA:119,4
DA:124,2
DA:125,2
DA:126,2
DA:127,2
DA:129,4
DA:130,4
DA:144,1
DA:153,0
DA:154,0
DA:155,0
DA:156,0
DA:157,0
DA:158,0
DA:159,0
DA:160,0
DA:164,0
DA:172,0
DA:173,0
DA:174,0
DA:175,0
DA:176,0
DA:177,0
DA:178,0
DA:183,1
DA:184,1
DA:185,1
DA:186,1
DA:187,1
DA:188,1
DA:189,1
DA:190,2
DA:195,1
DA:196,1
DA:197,1
DA:198,1
DA:199,1
DA:200,1
DA:202,2
DA:203,2
LF:72
LH:50
end_of_record
SF:lib\blocs\onboarding\onboarding_state.dart
DA:7,6
DA:9,2
DA:10,2
DA:15,1
DA:20,1
DA:33,6
DA:43,4
DA:44,4
DA:45,4
DA:46,4
DA:47,4
DA:48,4
DA:49,4
DA:50,4
DA:51,4
DA:55,4
DA:64,4
DA:65,4
DA:66,4
DA:67,3
DA:68,3
DA:69,4
DA:70,4
DA:71,4
DA:81,4
DA:86,2
DA:87,6
DA:95,3
DA:100,1
DA:101,3
DA:110,2
DA:116,2
DA:117,8
LF:33
LH:33
end_of_record
SF:lib\providers\theme_provider.dart
DA:20,7
DA:21,7
DA:25,2
DA:26,8
DA:27,0
DA:31,0
DA:32,0
DA:36,6
DA:38,12
DA:40,30
DA:41,9
DA:42,6
DA:46,3
DA:47,6
DA:50,3
DA:51,3
DA:52,3
DA:54,3
DA:58,0
DA:59,0
DA:62,0
DA:63,0
DA:65,0
DA:66,0
DA:67,0
DA:71,7
DA:72,7
DA:73,6
DA:74,6
DA:78,0
DA:79,0
DA:84,0
DA:85,0
DA:88,6
DA:92,3
DA:94,6
DA:95,0
DA:97,3
LF:38
LH:23
end_of_record
SF:lib\services\onboarding_service.dart
DA:10,6
DA:12,6
DA:13,6
DA:18,6
DA:20,6
DA:21,6
DA:29,3
DA:31,3
DA:32,3
DA:35,0
DA:40,1
DA:42,1
DA:45,0
DA:48,0
DA:51,0
DA:54,1
DA:55,1
DA:63,1
DA:64,1
DA:69,1
DA:74,2
DA:76,2
DA:77,2
DA:79,0
LF:24
LH:19
end_of_record
SF:lib\utils\theme_constants.dart
DA:3,21
DA:6,7
DA:7,7
DA:8,7
DA:10,7
DA:15,14
DA:33,7
DA:34,7
DA:35,0
DA:36,0
DA:40,7
DA:41,0
DA:46,7
DA:47,0
DA:55,21
DA:58,7
DA:59,7
DA:60,7
DA:85,7
DA:86,7
DA:87,0
DA:92,7
DA:93,0
DA:94,0
DA:101,21
DA:102,7
DA:103,14
DA:108,7
DA:111,7
DA:120,7
DA:121,7
DA:125,7
DA:126,7
DA:131,7
DA:132,7
DA:135,7
DA:139,14
DA:140,7
DA:141,7
DA:144,7
DA:147,7
DA:148,7
DA:149,7
DA:157,7
DA:158,7
DA:159,7
DA:163,7
DA:164,7
DA:167,7
DA:172,7
DA:173,14
DA:178,7
DA:181,7
DA:190,7
DA:191,7
DA:196,7
DA:197,7
DA:200,7
DA:204,14
DA:205,7
DA:206,7
DA:209,7
DA:212,7
DA:213,7
DA:214,7
DA:222,7
DA:223,7
DA:224,7
DA:228,7
DA:229,7
DA:230,7
DA:231,7
DA:232,14
DA:237,7
DA:238,14
DA:243,7
DA:246,7
DA:255,7
DA:256,7
DA:261,7
DA:262,7
DA:265,7
DA:269,14
DA:270,7
DA:271,7
DA:274,7
DA:277,7
DA:278,7
DA:279,7
DA:287,7
DA:288,7
DA:289,7
DA:293,7
DA:294,7
DA:295,7
DA:296,7
DA:297,14
DA:302,7
DA:303,14
DA:308,7
DA:311,7
DA:320,7
DA:321,7
DA:326,7
DA:327,7
DA:330,7
DA:334,14
DA:335,7
DA:336,7
DA:339,7
DA:342,7
DA:343,7
DA:344,7
DA:352,7
DA:353,7
DA:354,7
DA:358,7
DA:359,7
DA:360,7
DA:361,7
DA:362,14
DA:367,7
DA:368,14
DA:373,7
DA:376,7
DA:385,7
DA:386,7
DA:390,7
DA:391,7
DA:396,7
DA:397,7
DA:400,7
DA:404,14
DA:405,7
DA:406,7
DA:409,7
DA:412,7
DA:413,7
DA:414,7
DA:422,7
DA:423,7
DA:424,7
DA:428,7
DA:429,7
DA:430,7
DA:431,7
DA:432,14
LF:147
LH:140
end_of_record
SF:lib\utils\copyright_utils.dart
DA:6,0
DA:8,0
DA:9,0
DA:12,0
DA:16,0
DA:17,0
DA:24,1
DA:25,1
DA:26,1
DA:30,1
DA:34,1
DA:38,1
DA:45,2
LF:13
LH:7
end_of_record
SF:lib\widgets\offline_manager_widget.dart
DA:9,1
DA:15,1
DA:17,2
DA:18,2
DA:20,1
DA:21,1
DA:22,1
DA:24,1
DA:26,2
DA:27,1
DA:29,1
DA:30,1
DA:31,1
DA:33,1
DA:34,1
DA:35,1
DA:36,1
DA:38,1
DA:39,1
DA:41,2
DA:42,1
DA:51,2
DA:52,1
DA:55,1
DA:56,1
DA:57,1
DA:58,2
DA:59,1
DA:60,1
DA:61,1
DA:62,1
DA:63,1
DA:65,1
DA:66,1
DA:67,1
DA:68,1
DA:71,1
DA:73,1
DA:77,1
DA:78,2
DA:82,2
DA:83,1
DA:84,1
DA:87,1
DA:88,1
DA:89,1
DA:90,1
DA:91,1
DA:92,0
DA:93,1
DA:94,1
DA:95,1
DA:96,1
DA:97,1
DA:101,1
DA:102,1
DA:104,0
DA:105,0
DA:114,1
DA:115,1
DA:116,1
DA:117,1
DA:120,1
DA:122,1
DA:124,1
DA:125,1
DA:127,0
DA:128,0
DA:131,1
DA:138,1
DA:139,1
DA:140,1
DA:141,1
DA:142,1
DA:144,0
DA:148,1
DA:154,1
DA:155,1
DA:156,1
DA:158,0
DA:161,1
DA:169,2
DA:172,1
DA:173,1
DA:174,1
DA:175,1
DA:176,1
DA:177,1
DA:178,1
DA:181,2
DA:182,1
DA:196,0
DA:198,0
DA:199,0
DA:201,0
DA:202,0
DA:203,0
DA:204,0
DA:209,0
DA:215,0
DA:217,0
DA:218,0
DA:220,0
DA:221,0
DA:222,0
DA:224,0
LF:106
LH:84
end_of_record
SF:lib\pages\onboarding\onboarding_backup_configuration_page.dart
DA:23,3
DA:30,1
DA:32,1
DA:41,0
DA:43,0
DA:44,0
DA:47,1
DA:49,2
DA:52,1
DA:53,2
DA:55,1
DA:56,2
DA:58,1
DA:59,2
DA:61,1
DA:66,2
DA:68,1
DA:69,1
DA:71,1
DA:75,2
DA:77,0
DA:80,1
DA:84,0
DA:88,0
DA:91,1
DA:92,1
DA:93,1
DA:94,1
DA:97,1
DA:98,4
DA:99,3
DA:103,1
DA:104,1
DA:105,1
DA:107,1
DA:109,1
DA:111,1
DA:112,1
DA:113,2
DA:114,2
DA:116,1
DA:117,2
DA:118,2
DA:124,1
DA:125,1
DA:126,0
DA:127,0
DA:128,0
DA:130,0
DA:131,0
DA:132,0
DA:133,0
DA:134,0
DA:137,0
DA:138,0
DA:140,0
DA:141,0
DA:142,0
DA:143,0
DA:144,0
DA:146,0
DA:147,0
DA:148,0
DA:149,0
DA:151,0
DA:152,0
DA:155,0
DA:157,0
DA:158,0
DA:161,0
DA:162,0
DA:163,0
DA:165,0
DA:168,0
DA:169,0
DA:170,0
DA:171,0
DA:172,0
DA:176,1
DA:177,0
DA:178,0
DA:183,0
DA:185,0
DA:199,0
DA:200,0
DA:202,0
DA:203,0
DA:205,0
DA:210,0
DA:211,0
DA:212,0
DA:214,0
DA:215,0
DA:217,0
DA:220,0
DA:222,0
DA:223,0
DA:224,0
DA:225,0
DA:238,0
DA:239,0
DA:240,0
DA:242,0
DA:247,0
DA:248,0
DA:249,0
DA:250,0
DA:256,0
DA:258,0
DA:259,0
DA:261,0
DA:262,0
DA:269,0
DA:270,0
DA:271,0
DA:272,0
DA:275,0
DA:277,0
DA:278,0
DA:287,0
DA:288,0
DA:289,0
DA:291,0
DA:293,0
DA:294,0
DA:295,0
DA:296,0
DA:297,0
DA:300,0
DA:301,0
DA:302,0
DA:304,0
DA:308,0
DA:309,0
DA:310,0
DA:311,0
DA:312,0
DA:321,0
DA:322,0
DA:323,0
DA:324,0
DA:327,0
DA:328,0
DA:329,0
DA:330,0
DA:331,0
DA:335,0
DA:336,0
DA:339,0
DA:340,0
DA:344,0
DA:345,0
DA:346,0
DA:348,0
DA:351,0
DA:354,0
DA:356,0
DA:357,0
DA:358,0
DA:361,0
DA:363,0
DA:365,0
DA:369,0
DA:370,0
DA:371,0
DA:372,0
DA:373,0
DA:374,0
DA:376,0
DA:380,0
DA:381,0
DA:382,0
DA:383,0
DA:384,0
DA:385,0
LF:175
LH:40
end_of_record
SF:lib\pages\onboarding\onboarding_theme_selection_page.dart
DA:11,4
DA:17,2
DA:19,2
DA:26,2
DA:28,2
DA:30,6
DA:31,4
DA:32,4
DA:33,4
DA:38,2
DA:40,2
DA:41,2
DA:42,2
DA:43,2
DA:46,2
DA:47,8
DA:48,6
DA:52,2
DA:53,2
DA:54,2
DA:56,2
DA:58,2
DA:60,2
DA:61,2
DA:62,2
DA:63,4
DA:64,2
DA:65,2
DA:75,2
DA:76,2
DA:78,2
DA:79,2
DA:81,2
DA:86,2
DA:89,2
DA:91,2
DA:92,2
DA:93,2
DA:94,2
DA:95,2
DA:96,2
DA:99,6
DA:109,2
DA:110,2
DA:111,2
DA:112,2
DA:113,2
DA:114,2
DA:115,2
DA:118,2
DA:119,2
DA:120,2
DA:133,2
DA:134,2
DA:143,2
DA:144,2
DA:145,4
DA:148,2
DA:150,6
DA:151,4
DA:153,2
DA:154,0
DA:155,0
DA:156,0
DA:159,0
DA:162,0
DA:164,2
DA:166,2
DA:167,2
DA:168,2
DA:170,4
DA:171,2
DA:174,4
DA:176,2
DA:177,2
DA:178,4
DA:179,2
DA:186,2
DA:190,2
DA:192,2
DA:195,2
DA:197,4
DA:198,2
DA:202,2
DA:203,2
DA:204,2
DA:217,2
DA:218,2
DA:220,2
DA:224,4
DA:234,2
DA:237,2
DA:239,4
DA:256,2
DA:258,2
DA:260,2
DA:261,6
DA:262,2
DA:264,2
DA:265,2
DA:268,2
DA:269,2
LF:102
LH:97
end_of_record
SF:lib\pages\onboarding\onboarding_complete_page.dart
DA:13,3
DA:15,1
DA:16,1
DA:30,1
DA:32,1
DA:34,2
DA:39,2
DA:44,2
DA:49,3
DA:50,1
DA:51,1
DA:56,3
DA:57,1
DA:58,1
DA:63,3
DA:64,2
DA:67,3
DA:68,2
DA:71,2
DA:72,2
DA:73,2
DA:76,1
DA:78,2
DA:79,2
DA:80,2
DA:81,1
DA:84,1
DA:86,1
DA:87,1
DA:89,1
DA:90,1
DA:91,1
DA:92,1
DA:95,1
DA:96,2
DA:97,2
DA:98,1
DA:102,1
DA:103,1
DA:105,1
DA:106,1
DA:110,1
DA:112,1
DA:114,1
DA:116,2
DA:117,1
DA:118,1
DA:119,1
DA:120,3
DA:122,4
DA:123,1
DA:124,2
DA:125,4
DA:126,1
DA:127,2
DA:128,4
DA:130,1
DA:131,1
DA:132,1
DA:135,1
DA:136,2
DA:137,4
DA:148,1
DA:149,1
DA:150,3
DA:151,1
DA:152,1
DA:154,5
DA:155,1
DA:158,1
DA:159,1
DA:160,1
DA:161,1
DA:162,1
DA:168,1
DA:169,1
DA:170,1
DA:171,1
DA:178,1
DA:180,1
DA:194,1
DA:195,1
DA:196,1
DA:197,1
DA:198,5
DA:199,1
DA:200,2
DA:201,1
DA:202,1
DA:203,3
DA:205,1
DA:206,1
DA:218,1
DA:219,1
DA:220,1
DA:221,1
DA:222,5
DA:223,1
DA:224,2
DA:225,1
DA:226,1
DA:227,3
DA:228,2
DA:241,1
DA:242,1
DA:243,1
DA:244,1
DA:245,5
DA:246,1
DA:247,2
DA:248,1
DA:257,1
DA:258,1
DA:259,1
DA:260,1
DA:261,5
DA:262,1
DA:263,2
DA:264,1
DA:266,1
DA:267,1
DA:268,1
DA:269,1
DA:270,1
DA:271,1
DA:274,1
DA:275,1
DA:276,1
DA:277,1
DA:278,1
DA:284,1
DA:285,2
DA:286,1
DA:291,1
DA:292,1
DA:295,1
DA:296,1
DA:297,1
DA:300,1
DA:320,1
DA:321,1
DA:322,1
DA:324,1
DA:325,0
DA:326,0
DA:327,0
DA:328,0
DA:331,0
DA:333,0
DA:334,0
DA:335,0
DA:336,0
DA:337,0
DA:342,0
DA:343,0
DA:344,0
DA:347,0
DA:348,0
DA:349,0
DA:355,0
DA:357,0
DA:358,0
DA:359,0
DA:360,0
DA:362,0
DA:363,0
DA:364,0
DA:366,0
DA:368,0
DA:373,0
DA:374,0
DA:375,0
DA:377,0
DA:385,0
DA:388,0
DA:395,0
DA:397,0
DA:398,0
DA:399,0
DA:400,0
DA:406,0
DA:419,0
DA:423,0
DA:424,0
DA:426,0
DA:427,0
DA:428,0
DA:431,0
DA:433,0
DA:434,0
DA:435,0
DA:437,0
DA:440,0
DA:441,0
DA:446,0
DA:447,0
DA:449,0
DA:451,0
DA:452,0
DA:457,0
DA:459,0
DA:461,0
DA:462,0
DA:465,0
DA:468,0
DA:469,0
DA:477,0
DA:478,0
DA:481,0
DA:482,0
DA:485,0
DA:486,0
DA:488,0
DA:495,0
DA:496,0
DA:498,0
DA:505,0
DA:506,0
DA:507,0
DA:508,0
LF:220
LH:143
end_of_record
SF:lib\pages\onboarding\onboarding_flow.dart
DA:19,2
DA:21,2
DA:22,2
DA:29,2
DA:31,2
DA:39,4
DA:41,4
DA:45,4
DA:47,0
DA:50,4
DA:51,2
DA:52,2
DA:57,4
DA:61,2
DA:62,4
DA:63,2
DA:68,2
DA:70,0
DA:71,0
DA:77,2
DA:79,4
DA:80,4
DA:81,2
DA:84,0
DA:85,0
DA:88,0
DA:89,0
DA:92,0
DA:93,0
DA:96,2
DA:98,4
DA:99,0
DA:107,0
DA:108,0
DA:109,0
DA:111,0
DA:114,0
DA:115,0
DA:117,0
DA:121,0
DA:124,0
DA:125,0
DA:126,0
DA:128,0
DA:129,0
DA:130,0
DA:135,0
DA:136,0
DA:137,0
DA:138,0
DA:139,0
DA:140,0
DA:145,0
DA:146,0
DA:147,0
DA:148,0
DA:149,0
DA:159,2
DA:161,2
DA:163,2
DA:164,4
DA:165,2
DA:166,2
DA:167,2
DA:169,2
DA:171,4
DA:172,2
DA:174,0
DA:175,2
DA:177,0
DA:180,2
DA:181,2
DA:189,2
DA:198,2
DA:199,0
DA:200,0
DA:201,0
DA:203,0
DA:204,0
DA:207,0
DA:210,0
DA:212,0
DA:215,0
DA:216,0
DA:218,0
DA:221,0
DA:222,0
DA:223,0
DA:233,2
DA:234,2
DA:235,2
DA:236,2
DA:238,4
DA:239,4
DA:240,2
DA:246,2
DA:247,2
DA:248,6
DA:249,2
DA:250,2
DA:251,2
DA:252,2
DA:254,4
DA:260,2
DA:261,4
DA:262,6
DA:263,2
DA:264,2
DA:265,2
DA:266,2
DA:267,2
DA:268,4
DA:269,2
DA:270,2
DA:271,2
DA:272,2
DA:273,2
DA:274,2
DA:288,2
DA:289,2
DA:290,2
DA:292,2
DA:293,2
DA:294,0
DA:296,2
DA:297,0
DA:298,2
DA:300,2
DA:301,0
DA:302,2
DA:303,0
DA:305,4
LF:132
LH:77
end_of_record
SF:lib\pages\onboarding\onboarding_welcome_page.dart
DA:9,3
DA:14,3
DA:15,3
DA:25,3
DA:27,3
DA:29,6
DA:34,6
DA:39,9
DA:40,6
DA:43,9
DA:44,6
DA:47,6
DA:48,6
DA:51,3
DA:53,6
DA:54,6
DA:55,3
DA:58,3
DA:60,3
DA:61,3
DA:62,3
DA:63,3
DA:66,3
DA:67,12
DA:68,9
DA:72,3
DA:73,3
DA:74,3
DA:76,3
DA:77,3
DA:79,3
DA:81,3
DA:83,3
DA:85,3
DA:87,3
DA:89,6
DA:90,3
DA:91,3
DA:92,3
DA:94,9
DA:96,12
DA:97,6
DA:98,6
DA:100,3
DA:101,3
DA:102,3
DA:105,3
DA:106,3
DA:109,3
DA:110,3
DA:111,3
DA:121,3
DA:122,3
DA:123,3
DA:124,3
DA:125,3
DA:127,3
DA:128,3
DA:129,3
DA:130,3
DA:131,3
DA:132,3
DA:133,9
DA:135,9
DA:136,9
DA:140,3
DA:143,3
DA:145,6
DA:157,3
DA:158,3
DA:159,3
DA:160,3
DA:161,3
DA:162,3
DA:164,9
DA:172,3
DA:173,3
DA:174,12
DA:175,3
DA:177,9
DA:188,3
DA:190,3
DA:192,3
DA:193,6
DA:194,3
DA:196,3
DA:197,3
DA:200,3
DA:201,3
LF:89
LH:89
end_of_record
