SF:lib/services/tts/language_text_normalizer.dart
DA:5,1
DA:7,1
DA:8,1
DA:9,1
DA:10,1
DA:11,1
DA:12,1
DA:14,1
DA:19,1
DA:21,1
DA:23,1
DA:25,1
DA:27,1
DA:29,1
DA:32,1
DA:37,1
DA:39,1
DA:41,1
DA:43,1
DA:45,1
DA:47,1
DA:50,1
DA:55,1
DA:57,1
DA:59,1
DA:61,1
DA:63,1
DA:65,1
DA:68,1
DA:73,1
DA:75,1
DA:77,1
DA:79,1
DA:81,1
DA:83,1
DA:86,1
DA:91,1
DA:96,1
DA:97,2
DA:98,2
DA:99,1
DA:106,1
DA:109,1
DA:111,1
DA:112,1
DA:113,1
DA:114,1
DA:115,1
DA:116,1
DA:117,1
DA:118,1
DA:119,1
DA:120,1
DA:122,1
DA:123,1
DA:124,1
DA:125,1
DA:126,1
DA:128,1
DA:129,1
DA:130,1
DA:131,1
DA:138,1
DA:142,1
DA:143,1
DA:158,1
DA:159,0
DA:174,1
DA:175,0
DA:191,1
DA:207,2
DA:208,1
DA:209,1
LF:73
LH:71
end_of_record
SF:lib/providers/devocional_provider.dart
DA:45,0
DA:47,0
DA:49,0
DA:51,4
DA:53,4
DA:55,0
DA:57,0
DA:60,4
DA:62,4
DA:64,4
DA:67,0
DA:69,0
DA:71,0
DA:73,0
DA:74,0
DA:76,0
DA:77,0
DA:80,0
DA:82,0
DA:84,0
DA:85,0
DA:91,2
DA:94,1
DA:95,2
DA:99,2
DA:100,2
DA:104,3
DA:105,6
DA:108,6
DA:109,6
DA:112,9
DA:114,6
DA:117,0
DA:120,0
DA:123,0
DA:127,0
DA:128,0
DA:130,0
DA:131,0
DA:134,0
DA:135,0
DA:138,0
DA:139,0
DA:141,0
DA:142,0
DA:146,0
DA:148,0
DA:149,0
DA:150,0
DA:152,0
DA:153,0
DA:154,0
DA:156,0
DA:157,0
DA:158,0
DA:160,0
DA:164,2
DA:165,2
DA:172,0
DA:173,0
DA:175,0
DA:176,0
DA:177,0
DA:180,0
DA:181,0
DA:184,0
DA:185,0
DA:188,0
DA:189,0
DA:192,0
DA:193,0
DA:196,0
DA:197,0
DA:200,0
DA:201,0
DA:204,0
DA:205,0
DA:208,0
DA:209,0
DA:212,0
DA:213,0
DA:216,0
DA:217,0
DA:221,0
DA:223,0
DA:227,0
DA:228,0
DA:231,0
DA:232,0
DA:235,0
DA:236,0
DA:239,0
DA:241,0
DA:242,0
DA:243,0
DA:246,0
DA:247,0
DA:249,0
DA:254,2
DA:255,2
DA:256,2
DA:257,2
DA:258,2
DA:261,4
DA:264,2
DA:265,4
DA:268,0
DA:269,0
DA:270,0
DA:275,4
DA:276,6
DA:277,2
DA:278,4
DA:279,6
DA:280,4
DA:282,4
DA:283,6
DA:286,0
DA:287,0
DA:288,0
DA:290,4
DA:291,4
DA:292,4
DA:293,6
DA:294,2
DA:296,2
DA:300,0
DA:302,0
DA:304,0
DA:307,0
DA:309,0
DA:311,0
DA:312,0
DA:313,0
DA:314,0
DA:319,0
DA:320,0
DA:321,0
DA:322,0
DA:326,0
DA:329,0
DA:330,0
DA:332,0
DA:333,0
DA:334,0
DA:336,0
DA:337,0
DA:339,0
DA:345,0
DA:346,0
DA:347,0
DA:348,0
DA:351,0
DA:352,0
DA:353,0
DA:354,0
DA:356,0
DA:357,0
DA:358,0
DA:359,0
DA:360,0
DA:361,0
DA:363,0
DA:366,0
DA:370,2
DA:371,2
DA:373,4
DA:374,2
DA:375,2
DA:376,2
DA:380,2
DA:381,2
DA:382,2
DA:385,4
DA:386,6
DA:388,2
DA:389,0
DA:390,0
DA:393,2
DA:397,2
DA:398,4
DA:399,2
DA:400,2
DA:401,2
DA:404,4
DA:405,6
DA:408,2
DA:413,0
DA:414,0
DA:415,0
DA:418,0
DA:419,0
DA:420,0
DA:421,0
DA:425,0
DA:426,0
DA:427,0
DA:428,0
DA:430,0
DA:433,0
DA:434,0
DA:437,0
DA:438,0
DA:439,0
DA:448,0
DA:450,0
DA:451,0
DA:452,0
DA:453,0
DA:454,0
DA:455,0
DA:457,0
DA:461,0
DA:462,0
DA:463,0
DA:464,0
DA:465,0
DA:467,0
DA:472,0
DA:473,0
DA:474,0
DA:478,0
DA:479,0
DA:480,0
DA:483,0
DA:484,0
DA:485,0
DA:486,0
DA:487,0
DA:491,3
DA:492,3
DA:494,6
DA:496,2
DA:497,2
DA:502,3
DA:504,3
DA:506,0
DA:507,0
DA:509,0
DA:510,0
DA:514,2
DA:517,2
DA:518,0
DA:519,0
DA:521,6
DA:526,0
DA:527,0
DA:529,0
DA:530,0
DA:531,0
DA:534,0
DA:535,0
DA:536,0
DA:537,0
DA:538,0
DA:540,0
DA:541,0
DA:542,0
DA:543,0
DA:544,0
DA:545,0
DA:546,0
DA:547,0
DA:548,0
DA:549,0
DA:552,0
DA:554,0
DA:555,0
DA:559,0
DA:560,0
DA:561,0
DA:563,0
DA:564,0
DA:567,0
DA:568,0
DA:571,0
DA:572,0
DA:576,2
DA:579,2
DA:580,0
DA:582,0
DA:584,0
DA:585,0
DA:587,6
DA:592,0
DA:594,0
DA:595,0
DA:597,0
DA:598,0
DA:599,0
DA:600,0
DA:604,0
DA:605,0
DA:607,0
DA:608,0
DA:609,0
DA:614,0
DA:615,0
DA:618,0
DA:619,0
DA:622,0
DA:626,0
DA:632,0
DA:633,0
DA:634,0
DA:638,0
DA:639,0
DA:640,0
DA:644,0
DA:645,0
DA:648,0
DA:649,0
DA:653,0
DA:654,0
DA:655,0
DA:659,0
DA:661,0
DA:662,0
DA:663,0
DA:664,0
DA:666,0
DA:668,0
DA:670,0
DA:671,0
DA:672,0
DA:674,0
DA:679,0
DA:682,0
DA:686,0
DA:687,0
DA:690,0
DA:695,0
DA:699,0
DA:700,0
DA:701,0
DA:702,0
DA:703,0
DA:710,2
DA:711,4
DA:712,6
DA:715,0
DA:717,0
DA:719,0
DA:723,0
DA:724,0
DA:725,0
DA:728,2
DA:729,2
DA:730,2
DA:733,0
DA:734,0
DA:738,0
DA:740,0
DA:743,0
DA:744,0
DA:747,0
DA:749,0
DA:750,0
DA:753,0
DA:755,0
DA:774,0
DA:775,0
DA:777,0
DA:779,0
DA:782,0
DA:784,0
DA:785,0
DA:789,0
DA:790,0
DA:793,0
DA:796,0
DA:798,0
DA:799,0
DA:800,0
DA:801,0
DA:802,0
DA:804,0
DA:805,0
DA:808,0
DA:809,0
DA:811,0
DA:815,0
DA:816,0
DA:817,0
DA:818,0
DA:820,0
DA:822,0
DA:823,0
DA:824,0
DA:830,0
DA:831,0
DA:832,0
DA:837,0
DA:838,0
DA:839,0
DA:840,0
DA:841,0
DA:844,0
DA:845,0
DA:847,0
DA:848,0
DA:849,0
DA:852,0
DA:853,0
DA:855,0
DA:856,0
DA:857,0
DA:860,0
DA:861,0
DA:862,0
DA:866,0
DA:867,0
DA:869,0
DA:871,0
DA:872,0
DA:874,0
DA:877,0
DA:880,0
DA:883,0
DA:885,0
DA:886,0
DA:888,0
DA:890,0
DA:891,0
DA:893,0
DA:894,0
DA:895,0
DA:898,0
DA:904,0
DA:905,0
DA:906,0
DA:908,0
DA:909,0
DA:910,0
DA:913,0
DA:914,0
DA:915,0
DA:916,0
DA:917,0
DA:920,0
DA:921,0
DA:922,0
DA:923,0
DA:932,0
LF:444
LH:80
end_of_record
SF:lib/widgets/offline_manager_widget.dart
DA:9,1
DA:15,1
DA:17,2
DA:18,2
DA:20,1
DA:21,1
DA:22,1
DA:24,1
DA:26,2
DA:27,1
DA:29,1
DA:30,1
DA:31,1
DA:33,1
DA:34,1
DA:35,1
DA:36,1
DA:38,1
DA:39,1
DA:41,2
DA:42,1
DA:51,2
DA:52,1
DA:55,1
DA:56,1
DA:57,1
DA:58,2
DA:59,1
DA:60,1
DA:61,1
DA:62,1
DA:63,1
DA:65,1
DA:66,1
DA:67,1
DA:68,1
DA:71,1
DA:73,1
DA:77,1
DA:78,2
DA:82,2
DA:83,1
DA:84,1
DA:87,1
DA:88,1
DA:89,1
DA:90,1
DA:91,1
DA:92,0
DA:93,1
DA:94,1
DA:95,1
DA:96,1
DA:97,1
DA:101,1
DA:102,1
DA:104,1
DA:105,1
DA:114,1
DA:115,1
DA:116,1
DA:117,1
DA:120,1
DA:122,1
DA:124,1
DA:125,1
DA:127,0
DA:128,0
DA:131,1
DA:138,1
DA:139,1
DA:140,1
DA:141,1
DA:142,1
DA:144,0
DA:148,1
DA:154,1
DA:155,1
DA:156,1
DA:158,0
DA:161,1
DA:169,2
DA:172,1
DA:173,1
DA:174,1
DA:175,1
DA:176,1
DA:177,1
DA:178,1
DA:181,2
DA:182,1
DA:196,0
DA:198,0
DA:199,0
DA:201,0
DA:202,0
DA:203,0
DA:204,0
DA:209,0
DA:215,0
DA:217,0
DA:218,0
DA:220,0
DA:221,0
DA:222,0
DA:224,0
LF:106
LH:86
end_of_record
SF:lib/controllers/audio_controller.dart
DA:31,0
DA:33,0
DA:35,0
DA:37,0
DA:39,0
DA:41,0
DA:42,0
DA:44,0
DA:47,0
DA:48,0
DA:51,4
DA:54,0
DA:56,0
DA:57,0
DA:59,0
DA:60,0
DA:61,0
DA:62,0
DA:63,0
DA:66,0
DA:67,0
DA:68,0
DA:73,0
DA:74,0
DA:75,0
DA:80,0
DA:81,0
DA:82,0
DA:83,0
DA:88,0
DA:89,0
DA:90,0
DA:94,0
DA:95,0
DA:100,0
DA:102,0
DA:104,0
DA:106,0
DA:108,0
DA:111,3
DA:112,6
DA:115,12
DA:116,0
DA:117,0
DA:118,0
DA:123,12
DA:124,0
DA:126,0
DA:128,0
DA:129,0
DA:130,0
DA:131,0
DA:135,0
DA:136,0
DA:137,0
DA:140,0
DA:141,0
DA:145,0
DA:147,0
DA:148,0
DA:152,6
DA:155,3
DA:156,0
DA:157,0
DA:160,0
DA:165,0
DA:166,0
DA:168,0
DA:169,0
DA:170,0
DA:171,0
DA:174,0
DA:177,0
DA:178,0
DA:181,0
DA:182,0
DA:183,0
DA:184,0
DA:185,0
DA:188,0
DA:191,0
DA:192,0
DA:193,0
DA:194,0
DA:198,0
DA:199,0
DA:200,0
DA:201,0
DA:202,0
DA:203,0
DA:204,0
DA:208,0
DA:211,0
DA:212,0
DA:213,0
DA:214,0
DA:222,0
DA:223,0
DA:226,0
DA:231,0
DA:234,0
DA:235,0
DA:236,0
DA:237,0
DA:239,0
DA:243,0
DA:245,0
DA:246,0
DA:247,0
DA:248,0
DA:254,0
DA:255,0
DA:256,0
DA:259,0
DA:262,0
DA:263,0
DA:264,0
DA:266,0
DA:270,0
DA:274,0
DA:275,0
DA:276,0
DA:277,0
DA:278,0
DA:279,0
DA:280,0
DA:285,0
DA:286,0
DA:288,0
DA:289,0
DA:292,0
DA:293,0
DA:294,0
DA:297,0
DA:298,0
DA:300,0
DA:304,0
DA:305,0
DA:309,0
DA:310,0
DA:316,0
DA:317,0
DA:318,0
DA:319,0
DA:320,0
DA:325,0
DA:326,0
DA:327,0
DA:332,0
DA:334,0
DA:335,0
DA:336,0
DA:338,0
DA:339,0
DA:342,0
DA:343,0
DA:346,0
DA:347,0
DA:348,0
DA:350,0
DA:351,0
DA:353,0
DA:354,0
DA:358,0
DA:359,0
DA:360,0
DA:361,0
DA:367,0
DA:368,0
DA:374,0
DA:375,0
DA:376,0
DA:377,0
DA:382,0
DA:385,0
DA:386,0
DA:387,0
DA:388,0
DA:391,0
DA:393,0
DA:397,0
DA:398,0
DA:400,0
DA:401,0
DA:403,0
DA:404,0
DA:407,0
DA:409,0
DA:411,0
DA:412,0
DA:413,0
DA:418,0
DA:419,0
DA:420,0
DA:421,0
DA:426,0
DA:429,0
DA:430,0
DA:431,0
DA:432,0
DA:435,0
DA:437,0
DA:441,0
DA:442,0
DA:443,0
DA:444,0
DA:447,0
DA:449,0
DA:451,0
DA:452,0
DA:453,0
DA:458,0
DA:459,0
DA:460,0
DA:465,0
DA:468,0
DA:469,0
DA:470,0
DA:471,0
DA:472,0
DA:473,0
DA:476,0
DA:478,0
DA:482,0
DA:483,0
DA:484,0
DA:485,0
DA:488,0
DA:490,0
DA:492,0
DA:493,0
DA:494,0
DA:495,0
DA:496,0
DA:501,0
DA:502,0
DA:503,0
DA:504,0
DA:507,0
DA:508,0
DA:514,0
DA:515,0
DA:517,0
DA:518,0
DA:519,0
DA:520,0
DA:521,0
DA:522,0
DA:525,0
DA:527,0
DA:531,0
DA:532,0
DA:534,0
DA:537,0
DA:539,0
DA:542,0
DA:546,0
DA:548,0
DA:550,0
DA:551,0
DA:555,0
DA:557,0
DA:559,0
DA:560,0
DA:564,0
DA:566,0
DA:568,0
DA:569,0
DA:573,0
DA:575,0
DA:577,0
DA:582,0
DA:584,0
DA:586,0
DA:591,0
DA:593,0
DA:595,0
DA:601,0
DA:602,0
DA:603,0
DA:604,0
DA:609,0
DA:610,0
DA:611,0
DA:613,0
DA:614,0
DA:615,0
DA:616,0
DA:619,0
DA:620,0
DA:626,0
DA:627,0
DA:628,0
DA:629,0
DA:630,0
DA:634,0
DA:636,0
DA:637,0
DA:638,0
DA:639,0
DA:640,0
DA:641,0
DA:644,0
DA:647,0
DA:648,0
DA:651,0
DA:653,0
DA:654,0
DA:655,0
DA:656,0
DA:657,0
DA:658,0
DA:659,0
DA:660,0
LF:314
LH:7
end_of_record
SF:lib/models/devocional_model.dart
DA:22,2
DA:37,0
DA:39,0
DA:40,0
DA:42,0
DA:44,0
DA:45,0
DA:46,0
DA:49,0
DA:52,0
DA:54,0
DA:55,0
DA:57,0
DA:58,0
DA:60,0
DA:61,0
DA:62,0
DA:63,0
DA:64,0
DA:67,0
DA:68,0
DA:69,0
DA:70,0
DA:71,0
DA:76,0
DA:77,0
DA:78,0
DA:79,0
DA:80,0
DA:81,0
DA:82,0
DA:83,0
DA:84,0
DA:85,0
DA:86,0
DA:87,0
DA:88,0
DA:90,0
DA:91,0
DA:92,0
DA:102,2
DA:107,0
DA:108,0
DA:109,0
DA:110,0
DA:114,0
DA:115,0
DA:116,0
DA:117,0
LF:49
LH:2
end_of_record
SF:lib/services/tts_service.dart
DA:24,20
DA:26,0
DA:28,0
DA:32,27
DA:34,18
DA:36,9
DA:58,9
DA:60,9
DA:62,10
DA:64,0
DA:66,12
DA:68,12
DA:70,9
DA:72,2
DA:74,2
DA:76,2
DA:77,2
DA:78,2
DA:79,2
DA:80,2
DA:82,0
DA:90,0
DA:92,0
DA:95,0
DA:96,0
DA:97,0
DA:103,0
DA:104,0
DA:105,0
DA:111,0
DA:112,0
DA:113,0
DA:119,0
DA:120,0
DA:121,0
DA:122,0
DA:123,0
DA:124,0
DA:125,0
DA:126,0
DA:127,0
DA:133,2
DA:134,4
DA:136,4
DA:137,2
DA:140,2
DA:146,2
DA:147,2
DA:148,2
DA:150,6
DA:152,2
DA:155,4
DA:157,2
DA:159,2
DA:160,2
DA:162,4
DA:164,0
DA:165,0
DA:170,2
DA:172,6
DA:173,4
DA:177,6
DA:179,0
DA:182,0
DA:183,0
DA:186,6
DA:187,6
DA:188,4
DA:189,4
DA:192,2
DA:193,0
DA:194,0
DA:199,2
DA:200,4
DA:201,0
DA:202,0
DA:203,0
DA:204,0
DA:205,0
DA:209,4
DA:210,0
DA:211,0
DA:212,0
DA:213,0
DA:214,0
DA:218,4
DA:219,0
DA:220,0
DA:221,0
DA:222,0
DA:223,0
DA:227,4
DA:228,0
DA:229,0
DA:230,0
DA:231,0
DA:235,4
DA:236,0
DA:237,0
DA:238,0
DA:239,0
DA:240,0
DA:241,0
DA:245,4
DA:248,0
DA:249,0
DA:252,0
DA:253,0
DA:258,0
DA:259,0
DA:260,0
DA:261,0
DA:264,0
DA:265,0
DA:268,0
DA:269,0
DA:271,0
DA:273,0
DA:274,0
DA:275,0
DA:276,0
DA:280,0
DA:281,0
DA:282,0
DA:283,0
DA:284,0
DA:288,0
DA:289,0
DA:294,0
DA:295,0
DA:296,0
DA:297,0
DA:299,0
DA:301,0
DA:302,0
DA:304,0
DA:305,0
DA:306,0
DA:308,0
DA:309,0
DA:310,0
DA:311,0
DA:313,0
DA:314,0
DA:315,0
DA:317,0
DA:323,0
DA:324,0
DA:327,0
DA:329,0
DA:330,0
DA:333,0
DA:334,0
DA:338,0
DA:340,0
DA:341,0
DA:342,0
DA:343,0
DA:344,0
DA:345,0
DA:348,0
DA:349,0
DA:350,0
DA:351,0
DA:354,0
DA:355,0
DA:356,0
DA:357,0
DA:358,0
DA:359,0
DA:360,0
DA:362,0
DA:364,0
DA:365,0
DA:368,0
DA:369,0
DA:370,0
DA:373,0
DA:374,0
DA:378,0
DA:379,0
DA:380,0
DA:381,0
DA:382,0
DA:389,4
DA:390,8
DA:394,1
DA:396,0
DA:399,1
DA:400,2
DA:401,1
DA:402,0
DA:407,1
DA:410,1
DA:413,1
DA:416,1
DA:421,1
DA:424,1
DA:427,1
DA:430,3
DA:438,1
DA:440,1
DA:442,1
DA:443,1
DA:444,1
DA:445,1
DA:446,1
DA:447,1
DA:448,1
DA:449,1
DA:450,1
DA:451,1
DA:453,1
DA:454,1
DA:455,1
DA:456,1
DA:457,1
DA:459,1
DA:460,1
DA:461,1
DA:462,1
DA:468,1
DA:470,1
DA:472,2
DA:473,2
DA:474,2
DA:475,2
DA:476,2
DA:477,2
DA:478,2
DA:479,1
DA:481,2
DA:482,2
DA:483,2
DA:484,2
DA:485,2
DA:486,1
DA:488,2
DA:489,2
DA:490,2
DA:491,2
DA:492,2
DA:495,2
DA:496,2
DA:497,2
DA:498,2
DA:499,2
DA:500,2
DA:504,1
DA:506,1
DA:507,1
DA:508,1
DA:509,0
DA:510,0
DA:511,0
DA:512,0
DA:513,0
DA:515,0
DA:517,0
DA:522,1
DA:523,1
DA:524,1
DA:525,0
DA:526,0
DA:527,0
DA:530,1
DA:531,1
DA:532,1
DA:533,0
DA:534,0
DA:535,0
DA:536,0
DA:537,0
DA:541,1
DA:542,1
DA:543,0
DA:544,0
DA:545,0
DA:552,0
DA:590,0
DA:591,0
DA:592,0
DA:593,0
DA:595,0
DA:598,0
DA:636,0
DA:637,0
DA:638,0
DA:639,0
DA:641,0
DA:644,0
DA:682,0
DA:683,0
DA:684,0
DA:685,0
DA:687,0
DA:690,0
DA:728,0
DA:729,0
DA:730,0
DA:731,0
DA:733,0
DA:736,1
DA:738,1
DA:739,1
DA:746,1
DA:747,1
DA:752,1
DA:753,1
DA:759,1
DA:768,1
DA:770,1
DA:771,1
DA:772,1
DA:773,1
DA:774,1
DA:777,1
DA:778,0
DA:780,0
DA:783,0
DA:784,1
DA:785,0
DA:787,0
DA:790,0
DA:791,1
DA:792,0
DA:794,0
DA:797,0
DA:799,1
DA:801,0
DA:804,1
DA:810,1
DA:812,1
DA:813,1
DA:816,1
DA:818,3
DA:820,3
DA:821,4
DA:824,3
DA:825,3
DA:826,1
DA:827,3
DA:828,2
DA:829,2
DA:830,1
DA:831,1
DA:832,2
DA:833,0
DA:835,0
DA:837,0
DA:838,0
DA:839,0
DA:841,0
DA:842,0
DA:845,0
DA:846,0
DA:850,3
DA:856,2
DA:857,3
DA:858,2
DA:859,1
DA:860,3
DA:861,1
DA:862,3
DA:863,2
DA:864,2
DA:869,3
DA:870,3
DA:871,1
DA:872,3
DA:873,2
DA:874,2
DA:875,1
DA:876,1
DA:877,2
DA:878,0
DA:880,0
DA:882,0
DA:883,0
DA:884,0
DA:886,0
DA:887,0
DA:890,0
DA:891,0
DA:895,3
DA:901,2
DA:902,2
DA:903,3
DA:904,2
DA:905,8
DA:908,5
DA:912,1
DA:914,4
DA:915,2
DA:916,4
DA:919,1
DA:920,2
DA:921,2
DA:922,2
DA:923,2
DA:927,1
DA:929,1
DA:930,2
DA:931,2
DA:934,2
DA:935,4
DA:936,2
DA:937,2
DA:938,4
DA:939,4
DA:940,4
DA:944,0
DA:945,0
DA:946,0
DA:947,0
DA:948,0
DA:949,0
DA:950,0
DA:952,0
DA:953,0
DA:955,0
DA:960,2
DA:961,2
DA:964,0
DA:965,0
DA:966,0
DA:968,0
DA:974,0
DA:975,0
DA:978,0
DA:979,0
DA:982,0
DA:983,0
DA:984,0
DA:985,0
DA:986,0
DA:988,0
DA:992,0
DA:993,0
DA:995,0
DA:997,0
DA:998,0
DA:1003,0
DA:1004,0
DA:1006,0
DA:1012,0
DA:1013,0
DA:1017,0
DA:1019,0
DA:1023,0
DA:1024,0
DA:1026,0
DA:1028,0
DA:1029,0
DA:1030,0
DA:1031,0
DA:1032,0
DA:1036,0
DA:1037,0
DA:1042,0
DA:1043,0
DA:1044,0
DA:1046,0
DA:1048,0
DA:1050,0
DA:1052,0
DA:1055,0
DA:1056,0
DA:1057,0
DA:1058,0
DA:1064,0
DA:1065,0
DA:1066,0
DA:1068,0
DA:1069,0
DA:1071,0
DA:1072,0
DA:1073,0
DA:1074,0
DA:1076,0
DA:1077,0
DA:1081,0
DA:1082,0
DA:1083,0
DA:1086,0
DA:1087,0
DA:1091,3
DA:1092,6
DA:1093,9
DA:1095,3
DA:1096,0
DA:1097,0
DA:1098,0
DA:1103,0
DA:1104,0
DA:1106,0
DA:1107,0
DA:1108,0
DA:1111,0
DA:1112,0
DA:1115,0
DA:1116,0
DA:1118,0
DA:1119,0
DA:1120,0
DA:1121,0
DA:1125,8
DA:1126,8
DA:1127,8
DA:1128,24
DA:1131,32
DA:1132,16
DA:1133,8
DA:1137,8
DA:1141,8
DA:1142,8
DA:1143,12
DA:1149,2
DA:1152,2
DA:1155,2
DA:1158,2
DA:1166,4
DA:1167,2
DA:1169,4
DA:1172,4
DA:1175,2
DA:1176,2
DA:1178,3
DA:1180,3
DA:1182,1
DA:1184,2
DA:1185,0
DA:1187,3
DA:1194,0
DA:1195,0
DA:1197,0
DA:1198,0
DA:1200,0
DA:1201,0
DA:1206,1
DA:1207,2
DA:1211,1
DA:1212,2
DA:1216,1
DA:1217,1
DA:1219,1
DA:1220,1
DA:1221,3
DA:1225,1
DA:1227,1
DA:1231,0
DA:1233,0
DA:1236,3
DA:1237,3
DA:1239,3
DA:1240,3
DA:1241,6
DA:1242,6
DA:1244,12
LF:559
LH:253
end_of_record
SF:lib/extensions/string_extensions.dart
DA:8,1
DA:9,2
LF:2
LH:2
end_of_record
SF:lib/services/localization_service.dart
DA:9,13
DA:10,13
DA:12,13
DA:15,5
DA:32,22
DA:38,5
DA:40,5
DA:41,5
DA:44,1
DA:45,1
DA:46,1
DA:50,10
DA:54,15
DA:58,5
DA:59,10
DA:62,10
DA:63,15
DA:73,5
DA:75,15
DA:76,8
DA:79,2
DA:81,1
DA:82,3
DA:83,0
DA:86,2
DA:89,2
DA:95,5
DA:96,5
DA:100,5
DA:103,5
DA:104,10
DA:107,10
DA:111,5
DA:112,5
DA:113,5
DA:116,10
DA:117,10
DA:118,4
DA:125,4
DA:129,0
DA:130,0
DA:138,2
DA:139,4
DA:140,2
DA:142,2
DA:144,2
DA:146,2
DA:154,2
DA:156,2
DA:158,2
DA:160,2
DA:162,2
LF:52
LH:49
end_of_record
SF:lib/models/spiritual_stats_model.dart
DA:15,2
DA:25,2
DA:26,2
DA:27,2
DA:28,2
DA:29,2
DA:30,2
DA:31,4
DA:33,2
DA:34,2
DA:35,4
DA:36,2
DA:37,0
DA:38,2
DA:39,2
DA:40,6
DA:41,2
DA:42,0
DA:46,2
DA:47,2
DA:48,2
DA:49,2
DA:50,2
DA:51,4
DA:53,10
DA:54,2
DA:55,2
DA:59,2
DA:68,2
DA:70,1
DA:71,2
DA:72,2
DA:73,1
DA:74,0
DA:75,0
DA:76,1
DA:92,2
DA:103,2
DA:104,2
DA:105,2
DA:106,2
DA:107,2
DA:108,4
DA:109,4
DA:111,2
DA:112,2
DA:113,8
DA:114,0
DA:115,2
DA:119,2
DA:120,2
DA:121,2
DA:122,2
DA:123,2
DA:124,4
DA:125,4
DA:126,2
DA:127,4
DA:128,2
DA:133,2
DA:134,10
DA:135,10
DA:136,10
DA:137,6
DA:163,2
DA:164,2
DA:168,2
DA:169,2
DA:170,2
DA:171,2
DA:172,2
DA:173,2
DA:174,2
DA:175,2
DA:176,2
DA:177,0
DA:191,4
DA:192,2
DA:201,2
DA:210,2
DA:219,2
DA:228,2
DA:237,2
DA:246,2
DA:255,2
LF:85
LH:79
end_of_record
SF:lib/services/spiritual_stats_service.dart
DA:28,0
DA:29,0
DA:30,0
DA:34,0
DA:37,0
DA:41,2
DA:42,2
DA:44,2
DA:48,0
DA:49,0
DA:50,0
DA:53,0
DA:58,2
DA:59,2
DA:60,2
DA:64,0
DA:65,0
DA:66,0
DA:67,0
DA:69,0
DA:70,0
DA:71,0
DA:72,0
DA:73,0
DA:77,0
DA:78,0
DA:81,0
DA:82,0
DA:84,0
DA:87,0
DA:91,0
DA:92,0
DA:97,2
DA:98,2
DA:99,2
DA:103,2
DA:104,2
DA:106,0
DA:109,0
DA:110,0
DA:111,0
DA:113,0
DA:119,0
DA:120,0
DA:121,0
DA:123,0
DA:130,2
DA:134,2
DA:135,2
DA:136,4
DA:137,2
DA:140,2
DA:141,2
DA:145,2
DA:146,0
DA:151,2
DA:153,2
DA:154,2
DA:155,6
DA:156,4
DA:159,2
DA:160,2
DA:161,2
DA:162,4
DA:163,4
DA:166,0
DA:171,2
DA:173,2
DA:174,0
DA:177,0
DA:178,0
DA:179,0
DA:181,0
DA:184,0
DA:185,0
DA:186,0
DA:187,0
DA:190,0
DA:191,0
DA:195,0
DA:197,0
DA:199,6
DA:204,0
DA:206,0
DA:208,0
DA:209,0
DA:210,0
DA:211,0
DA:212,0
DA:214,0
DA:216,0
DA:217,0
DA:220,0
DA:221,0
DA:222,0
DA:226,0
DA:231,0
DA:233,0
DA:235,0
DA:236,0
DA:237,0
DA:238,0
DA:239,0
DA:241,0
DA:242,0
DA:248,0
DA:249,0
DA:251,0
DA:252,0
DA:254,0
DA:256,0
DA:258,0
DA:259,0
DA:262,0
DA:263,0
DA:264,0
DA:267,0
DA:270,0
DA:276,2
DA:282,2
DA:283,2
DA:286,2
DA:287,2
DA:292,4
DA:294,6
DA:295,4
DA:296,6
DA:298,6
DA:300,4
DA:301,6
DA:303,0
DA:304,0
DA:311,0
DA:313,0
DA:314,0
DA:315,0
DA:318,0
DA:319,0
DA:326,2
DA:327,2
DA:328,6
DA:330,4
DA:331,2
DA:333,2
DA:334,4
DA:336,2
DA:337,2
DA:339,2
DA:341,2
DA:342,4
DA:343,2
DA:347,2
DA:349,4
DA:350,4
DA:354,0
DA:359,0
DA:360,0
DA:362,0
DA:363,0
DA:367,0
DA:368,0
DA:370,0
DA:371,0
DA:377,0
DA:378,0
DA:379,0
DA:381,0
DA:382,0
DA:383,0
DA:384,0
DA:385,0
DA:389,0
DA:390,0
DA:393,0
DA:394,0
DA:395,0
DA:397,0
DA:398,0
DA:399,0
DA:401,0
DA:402,0
DA:405,0
DA:407,0
DA:409,0
DA:412,0
DA:413,0
DA:417,0
DA:419,0
DA:424,1
DA:425,1
DA:426,1
DA:428,1
DA:430,1
DA:431,1
DA:435,1
DA:440,0
DA:442,0
DA:443,0
DA:445,0
DA:447,0
DA:450,0
DA:451,0
DA:452,0
DA:453,0
DA:456,0
DA:457,0
DA:460,0
DA:462,0
DA:467,0
DA:469,0
DA:470,0
DA:472,0
DA:473,0
DA:477,0
DA:478,0
DA:480,0
DA:481,0
DA:483,0
DA:485,0
DA:486,0
DA:489,0
DA:490,0
DA:491,0
DA:494,0
DA:497,0
DA:503,0
DA:505,0
DA:507,0
DA:508,0
DA:509,0
DA:510,0
DA:511,0
DA:514,0
DA:516,0
DA:517,0
DA:519,0
DA:520,0
DA:521,0
DA:525,0
DA:528,0
DA:529,0
DA:530,0
DA:534,0
DA:535,0
DA:540,0
DA:542,0
DA:545,0
DA:552,0
DA:553,0
DA:555,0
DA:556,0
DA:559,0
DA:560,0
DA:561,0
DA:562,0
DA:563,0
DA:567,0
DA:570,0
DA:571,0
DA:573,0
DA:577,0
DA:579,0
DA:581,0
DA:582,0
DA:583,0
DA:586,0
DA:587,0
DA:590,0
DA:594,0
DA:596,0
DA:597,0
DA:598,0
DA:600,0
DA:601,0
DA:604,0
DA:606,0
DA:611,0
DA:613,0
DA:615,0
DA:616,0
DA:620,0
DA:621,0
DA:623,0
DA:624,0
DA:627,0
DA:630,0
DA:635,0
DA:637,0
DA:638,0
DA:640,0
DA:641,0
DA:645,0
DA:650,0
DA:651,0
DA:652,0
DA:653,0
DA:656,0
DA:658,0
DA:660,0
DA:664,0
DA:665,0
DA:666,0
DA:669,0
DA:670,0
DA:672,0
DA:673,0
DA:676,0
DA:677,0
DA:679,0
DA:680,0
DA:681,0
DA:686,0
DA:688,0
DA:690,0
DA:691,0
DA:692,0
DA:693,0
DA:701,2
DA:707,2
DA:709,4
DA:711,4
DA:713,10
DA:718,2
DA:719,2
DA:720,4
DA:722,2
DA:723,4
DA:725,2
DA:726,4
DA:731,4
DA:732,8
DA:740,1
DA:741,1
DA:742,1
DA:743,1
DA:744,1
DA:745,1
DA:749,1
DA:752,0
DA:753,0
DA:754,0
DA:759,0
DA:760,0
DA:761,0
DA:762,0
DA:764,0
DA:765,0
DA:768,0
DA:770,3
DA:774,0
DA:775,0
DA:778,2
DA:779,2
DA:780,4
LF:354
LH:92
end_of_record
SF:lib/utils/constants.dart
DA:8,4
DA:9,4
DA:13,4
DA:16,8
DA:17,4
DA:21,4
DA:63,0
LF:7
LH:6
end_of_record
SF:lib/services/tts/bible_text_formatter.dart
DA:5,5
DA:7,5
DA:8,5
DA:9,4
DA:10,3
DA:11,4
DA:12,3
DA:13,4
DA:14,3
DA:16,3
DA:21,5
DA:23,5
DA:24,10
DA:26,5
DA:27,5
DA:30,5
DA:33,4
DA:36,4
DA:42,10
DA:48,3
DA:49,3
DA:50,6
DA:52,3
DA:53,3
DA:55,3
DA:56,3
DA:58,3
DA:59,6
DA:60,3
DA:67,3
DA:68,3
DA:69,6
DA:71,3
DA:72,3
DA:74,3
DA:75,3
DA:77,3
DA:78,6
DA:79,3
DA:86,3
DA:87,3
DA:88,6
DA:90,3
DA:91,3
DA:93,3
DA:94,3
DA:96,3
DA:97,6
DA:98,3
DA:105,1
DA:107,1
DA:108,1
DA:112,1
DA:113,1
DA:117,1
DA:118,1
DA:122,1
DA:123,1
DA:128,1
LF:59
LH:59
end_of_record
SF:lib/services/tts/specialized_text_normalizer.dart
DA:5,1
DA:6,1
DA:7,1
DA:8,0
DA:9,0
DA:10,0
DA:13,0
DA:14,0
DA:15,0
DA:16,0
DA:17,0
DA:18,0
DA:20,0
DA:27,0
DA:29,0
DA:30,0
DA:31,0
DA:32,0
DA:34,0
DA:36,0
DA:37,0
DA:38,0
DA:40,0
DA:41,0
DA:43,0
DA:46,0
DA:52,0
DA:54,0
DA:55,0
DA:56,0
DA:57,0
DA:59,0
DA:61,0
DA:62,0
DA:63,0
DA:65,0
DA:66,0
DA:68,0
DA:71,0
DA:77,0
DA:79,0
DA:80,0
DA:81,0
DA:82,0
DA:84,0
DA:86,0
DA:87,0
DA:88,0
DA:90,0
DA:91,0
DA:93,0
DA:96,0
DA:102,0
DA:104,0
DA:105,0
DA:106,0
DA:107,0
DA:109,0
DA:111,0
DA:112,0
DA:113,0
DA:115,0
DA:116,0
DA:118,0
DA:121,0
DA:127,1
DA:128,1
DA:129,1
DA:132,1
DA:133,1
DA:134,1
DA:135,1
DA:136,1
DA:137,1
DA:140,1
DA:141,1
DA:143,1
DA:144,1
DA:146,1
DA:147,1
DA:150,1
DA:158,1
DA:160,1
DA:162,0
DA:165,0
DA:171,1
DA:173,1
DA:175,0
DA:178,0
DA:184,1
DA:186,1
DA:188,0
DA:191,0
DA:197,1
DA:199,1
DA:201,0
DA:204,0
DA:210,1
DA:212,1
DA:213,1
DA:216,0
DA:217,0
DA:218,0
DA:219,0
DA:222,0
DA:223,0
DA:224,0
DA:226,0
DA:228,0
DA:229,0
DA:230,0
DA:232,0
DA:234,0
DA:235,0
DA:236,0
DA:238,0
DA:241,0
DA:242,0
DA:244,0
DA:251,1
DA:252,1
DA:254,0
DA:255,0
DA:256,0
DA:259,0
DA:260,0
DA:261,0
DA:262,0
DA:263,0
DA:264,0
DA:266,0
LF:131
LH:32
end_of_record
SF:lib/services/tts/voice_settings_service.dart
DA:6,18
DA:7,9
DA:9,18
DA:11,9
DA:17,0
DA:18,0
DA:19,0
DA:20,0
DA:24,0
DA:25,0
DA:26,0
DA:27,0
DA:28,0
DA:30,0
DA:32,0
DA:33,0
DA:34,0
DA:35,0
DA:37,0
DA:38,0
DA:39,0
DA:40,0
DA:41,0
DA:42,0
DA:43,0
DA:44,0
DA:46,0
DA:47,0
DA:48,0
DA:49,0
DA:52,0
DA:53,0
DA:54,0
DA:58,0
DA:59,0
DA:60,0
DA:61,0
DA:62,0
DA:63,0
DA:64,0
DA:67,0
DA:155,3
DA:157,1
DA:158,1
DA:159,1
DA:160,1
DA:161,1
DA:162,1
DA:163,1
DA:164,1
DA:165,1
DA:166,1
DA:167,1
DA:168,1
DA:169,1
DA:170,1
DA:171,1
DA:172,1
DA:175,1
DA:176,1
DA:177,1
DA:178,1
DA:179,1
DA:180,1
DA:184,1
DA:187,1
DA:189,1
DA:192,1
DA:195,3
DA:198,3
DA:203,0
DA:204,0
DA:206,3
DA:212,2
DA:214,2
DA:215,4
DA:221,1
DA:223,1
DA:225,3
DA:226,2
DA:227,5
DA:230,0
DA:231,0
DA:232,0
DA:233,0
DA:234,0
DA:238,3
DA:243,0
DA:244,0
DA:245,0
DA:248,3
DA:255,1
DA:257,1
DA:258,0
DA:259,0
DA:260,0
DA:264,3
DA:265,1
DA:266,0
DA:267,0
DA:270,0
DA:271,0
DA:273,0
DA:282,1
DA:286,1
DA:291,2
DA:292,1
DA:293,1
DA:294,2
DA:295,2
DA:296,2
DA:299,2
DA:300,2
DA:301,2
DA:302,2
DA:303,2
DA:304,2
DA:307,1
DA:308,0
DA:309,0
DA:310,0
DA:312,0
DA:314,0
DA:315,0
DA:316,0
DA:317,0
DA:323,1
DA:324,1
DA:325,2
DA:326,0
DA:331,1
DA:332,1
DA:333,1
DA:334,3
DA:335,7
DA:336,1
DA:340,2
DA:341,2
DA:342,2
DA:343,2
DA:344,2
DA:345,1
DA:347,1
DA:351,0
DA:352,0
DA:354,0
DA:355,0
DA:356,0
DA:357,0
DA:358,0
DA:359,0
DA:360,0
DA:361,0
DA:362,0
DA:364,0
DA:369,0
DA:370,0
DA:371,0
DA:373,0
DA:375,0
DA:377,0
DA:379,0
DA:381,0
DA:383,0
DA:385,0
DA:393,1
DA:395,2
DA:397,1
DA:398,2
DA:399,1
DA:400,1
DA:401,1
DA:402,1
DA:403,1
DA:405,0
DA:406,1
DA:407,1
DA:410,0
DA:412,0
DA:413,0
DA:418,1
DA:420,1
DA:421,2
DA:423,1
DA:424,2
DA:425,1
DA:426,1
DA:427,3
DA:430,1
DA:432,2
DA:433,1
DA:434,1
DA:435,1
DA:436,1
DA:437,1
DA:440,1
DA:442,0
DA:443,0
DA:444,0
DA:448,0
DA:449,0
DA:450,0
DA:454,0
DA:455,0
DA:456,0
DA:457,0
DA:458,0
DA:459,0
DA:460,0
DA:463,0
DA:469,0
DA:471,0
DA:472,0
DA:477,0
DA:478,0
DA:480,0
DA:481,0
DA:482,0
DA:483,0
DA:484,0
DA:485,0
DA:486,0
DA:490,0
DA:491,0
DA:492,0
DA:493,0
DA:494,0
DA:495,0
DA:498,0
DA:499,0
DA:503,1
DA:504,1
DA:505,1
DA:507,0
DA:509,0
DA:511,0
DA:519,0
DA:520,0
DA:523,0
DA:524,0
DA:525,0
DA:528,0
DA:529,0
DA:530,0
DA:659,0
DA:660,0
DA:665,0
DA:666,0
DA:675,0
DA:677,0
DA:678,0
DA:679,0
DA:680,0
DA:682,0
DA:687,0
DA:689,0
DA:690,0
DA:692,0
LF:258
LH:109
end_of_record
SF:lib/models/prayer_model.dart
DA:16,1
DA:25,1
DA:27,1
DA:28,1
DA:30,1
DA:32,0
DA:33,0
DA:35,0
DA:38,0
DA:42,1
DA:43,0
DA:45,0
DA:47,0
DA:48,0
DA:54,1
DA:55,1
DA:56,1
DA:58,2
DA:64,1
DA:65,1
DA:66,1
DA:67,1
DA:68,2
DA:69,2
DA:70,2
DA:75,1
DA:82,1
DA:83,1
DA:84,1
DA:85,1
DA:86,1
DA:87,1
DA:92,1
DA:93,1
DA:94,2
DA:95,1
DA:99,3
DA:102,3
DA:110,1
DA:113,1
DA:115,1
DA:121,1
DA:122,1
DA:123,1
DA:125,1
DA:133,1
DA:135,1
DA:137,1
LF:48
LH:40
end_of_record
SF:lib/providers/prayer_provider.dart
DA:17,2
DA:18,6
DA:19,1
DA:20,5
DA:21,0
DA:22,2
DA:25,3
DA:26,3
DA:27,3
DA:30,1
DA:31,1
DA:35,1
DA:37,1
DA:38,1
DA:39,1
DA:41,1
DA:43,0
DA:44,0
DA:46,1
DA:47,1
DA:52,1
DA:54,1
DA:55,1
DA:57,0
DA:58,0
DA:59,0
DA:60,0
DA:61,0
DA:65,0
DA:68,0
DA:69,0
DA:74,1
DA:76,1
DA:77,1
DA:78,5
DA:80,1
DA:83,1
DA:85,0
DA:90,1
DA:92,1
DA:93,0
DA:95,0
DA:96,0
DA:99,0
DA:101,3
DA:108,1
DA:109,3
DA:111,2
DA:112,2
DA:115,2
DA:117,3
DA:120,0
DA:121,0
DA:122,0
DA:128,1
DA:129,2
DA:130,1
DA:131,1
DA:136,1
DA:137,3
DA:138,1
DA:139,1
DA:143,2
DA:144,1
DA:145,1
DA:147,1
DA:148,1
DA:150,0
DA:151,0
DA:152,0
DA:157,1
DA:159,5
DA:160,2
DA:161,5
DA:163,1
DA:166,1
DA:167,1
DA:168,1
DA:171,0
DA:172,0
DA:173,0
DA:178,1
DA:180,5
DA:181,2
DA:182,5
DA:187,1
DA:188,1
DA:189,1
DA:192,0
DA:193,0
DA:194,0
DA:199,1
DA:200,2
DA:201,0
DA:202,0
DA:207,5
DA:208,2
DA:209,5
DA:210,1
DA:213,1
DA:214,1
DA:215,1
DA:218,0
DA:219,0
DA:220,0
DA:225,1
DA:227,5
DA:228,1
DA:229,1
DA:231,0
DA:232,0
DA:233,0
DA:238,0
DA:239,0
DA:240,0
DA:244,0
DA:245,0
DA:246,0
DA:250,1
DA:251,1
DA:254,2
DA:255,1
DA:256,5
DA:257,1
DA:260,1
DA:261,1
DA:262,1
DA:263,1
LF:128
LH:86
end_of_record
SF:lib/blocs/devocionales_bloc.dart
DA:12,0
DA:13,0
DA:14,0
DA:15,0
DA:18,0
DA:22,0
DA:28,0
DA:30,0
DA:32,0
DA:35,0
DA:39,0
DA:43,0
DA:46,0
DA:48,0
DA:50,0
DA:54,0
DA:60,0
DA:61,0
DA:62,0
DA:63,0
DA:64,0
LF:21
LH:0
end_of_record
SF:lib/blocs/devocionales_event.dart
DA:10,0
DA:16,0
LF:2
LH:0
end_of_record
SF:lib/blocs/devocionales_state.dart
DA:15,1
DA:24,1
LF:2
LH:2
end_of_record
SF:lib/pages/settings_page.dart
DA:18,1
DA:20,0
DA:21,0
DA:29,0
DA:31,0
DA:32,0
DA:35,0
DA:36,0
DA:39,0
DA:42,0
DA:44,0
DA:47,0
DA:48,0
DA:54,0
DA:55,0
DA:56,0
DA:62,0
DA:63,0
DA:64,0
DA:65,0
DA:70,0
DA:73,0
DA:74,0
DA:76,0
DA:77,0
DA:78,0
DA:83,0
DA:87,0
DA:89,0
DA:91,0
DA:92,0
DA:97,0
DA:103,0
DA:107,0
DA:108,0
DA:111,0
DA:114,0
DA:115,0
DA:119,0
DA:122,0
DA:126,0
DA:127,0
DA:132,0
DA:133,0
DA:134,0
DA:135,0
DA:136,0
DA:137,0
DA:143,0
DA:145,0
DA:146,0
DA:147,0
DA:149,0
DA:150,0
DA:151,0
DA:152,0
DA:156,0
DA:158,0
DA:160,0
DA:162,0
DA:163,0
DA:165,0
DA:166,0
DA:167,0
DA:168,0
DA:169,0
DA:170,0
DA:173,0
DA:174,0
DA:177,0
DA:178,0
DA:179,0
DA:180,0
DA:181,0
DA:192,0
DA:193,0
DA:194,0
DA:196,0
DA:197,0
DA:201,0
DA:202,0
DA:205,0
DA:206,0
DA:207,0
DA:209,0
DA:210,0
DA:212,0
DA:213,0
DA:214,0
DA:215,0
DA:217,0
DA:221,0
DA:222,0
DA:223,0
DA:224,0
DA:225,0
DA:226,0
DA:233,0
DA:234,0
DA:243,0
DA:244,0
DA:245,0
DA:247,0
DA:253,0
DA:254,0
DA:255,0
DA:257,0
DA:258,0
DA:259,0
DA:260,0
DA:261,0
DA:266,0
DA:267,0
DA:271,0
DA:272,0
DA:273,0
DA:274,0
DA:277,0
DA:351,0
DA:352,0
DA:353,0
DA:355,0
DA:358,0
DA:360,0
DA:361,0
DA:362,0
DA:364,0
DA:365,0
DA:366,0
DA:367,0
DA:368,0
DA:378,0
DA:379,0
DA:380,0
DA:382,0
DA:385,0
DA:387,0
DA:388,0
DA:389,0
DA:390,0
DA:392,0
DA:393,0
DA:394,0
DA:395,0
DA:396,0
LF:145
LH:1
end_of_record
SF:lib/pages/about_page.dart
DA:9,2
DA:11,0
DA:12,0
DA:18,0
DA:20,0
DA:21,0
DA:25,0
DA:26,0
DA:27,0
DA:28,0
DA:33,0
DA:34,0
DA:35,0
DA:37,0
DA:38,0
DA:39,0
DA:40,0
DA:48,0
DA:50,0
DA:51,0
DA:53,0
DA:54,0
DA:55,0
DA:56,0
DA:57,0
DA:58,0
DA:59,0
DA:60,0
DA:65,0
DA:67,0
DA:70,0
DA:72,0
DA:75,0
DA:76,0
DA:77,0
DA:89,0
DA:90,0
DA:91,0
DA:93,0
DA:101,0
DA:102,0
DA:103,0
DA:105,0
DA:112,0
DA:113,0
DA:114,0
DA:116,0
DA:122,0
DA:123,0
DA:124,0
DA:127,0
DA:131,0
DA:135,0
DA:136,0
DA:137,0
DA:138,0
DA:139,0
DA:140,0
DA:141,0
DA:142,0
DA:143,0
DA:149,0
DA:151,0
DA:152,0
DA:153,0
DA:155,0
DA:164,0
DA:166,0
DA:167,0
DA:168,0
DA:170,0
DA:171,0
DA:173,0
DA:174,0
DA:178,0
DA:179,0
DA:195,0
DA:197,0
DA:199,0
DA:201,0
DA:202,0
DA:203,0
DA:204,0
DA:205,0
DA:206,0
LF:85
LH:1
end_of_record
SF:lib/pages/application_language_page.dart
DA:10,2
DA:12,0
DA:14,0
DA:23,0
DA:25,0
DA:26,0
DA:29,0
DA:30,0
DA:32,0
DA:35,0
DA:36,0
DA:38,0
DA:39,0
DA:42,0
DA:48,0
DA:51,0
DA:52,0
DA:53,0
DA:58,0
DA:59,0
DA:62,0
DA:63,0
DA:64,0
DA:68,0
DA:69,0
DA:70,0
DA:74,0
DA:76,0
DA:80,0
DA:81,0
DA:82,0
DA:83,0
DA:84,0
DA:90,0
DA:93,0
DA:96,0
DA:98,0
DA:103,0
DA:105,0
DA:110,0
DA:112,0
DA:113,0
DA:114,0
DA:115,0
DA:119,0
DA:120,0
DA:123,0
DA:125,0
DA:127,0
DA:130,0
DA:133,0
DA:134,0
DA:137,0
DA:138,0
DA:139,0
DA:140,0
DA:141,0
DA:148,0
DA:151,0
DA:154,0
DA:155,0
DA:157,0
DA:164,0
DA:165,0
DA:173,0
DA:174,0
DA:175,0
DA:176,0
DA:177,0
DA:185,0
DA:188,0
DA:189,0
DA:190,0
DA:191,0
DA:193,0
DA:195,0
DA:198,0
DA:201,0
DA:202,0
DA:208,0
DA:214,0
DA:215,0
DA:217,0
DA:218,0
DA:221,0
DA:226,0
DA:227,0
DA:253,0
DA:254,0
DA:261,0
DA:263,0
DA:265,0
DA:267,0
DA:269,0
DA:272,0
DA:276,0
DA:277,0
DA:278,0
DA:279,0
DA:280,0
DA:282,0
DA:284,0
DA:287,0
DA:288,0
DA:294,0
DA:295,0
DA:296,0
DA:297,0
DA:298,0
DA:299,0
DA:301,0
DA:303,0
DA:304,0
DA:306,0
DA:307,0
DA:308,0
DA:311,0
DA:312,0
DA:315,0
DA:317,0
DA:321,0
DA:323,0
DA:327,0
DA:332,0
DA:335,0
DA:336,0
DA:337,0
DA:338,0
DA:342,0
DA:343,0
DA:344,0
DA:345,0
DA:352,0
DA:355,0
DA:357,0
DA:359,0
DA:360,0
DA:363,0
DA:366,0
DA:370,0
DA:371,0
DA:372,0
DA:381,0
DA:382,0
DA:384,0
DA:387,0
DA:389,0
DA:394,0
DA:396,0
DA:400,0
DA:402,0
DA:404,0
DA:405,0
DA:409,0
DA:411,0
DA:412,0
DA:413,0
DA:414,0
DA:416,0
DA:417,0
DA:418,0
DA:419,0
DA:423,0
DA:424,0
DA:426,0
LF:165
LH:1
end_of_record
SF:lib/providers/localization_provider.dart
DA:8,3
DA:10,1
DA:13,1
DA:14,2
DA:15,1
DA:19,1
DA:20,1
DA:21,2
DA:22,1
DA:26,1
DA:27,2
DA:31,1
DA:32,2
DA:36,1
DA:37,2
DA:41,1
DA:42,1
DA:43,1
DA:44,1
DA:45,1
DA:46,1
LF:21
LH:21
end_of_record
SF:lib/pages/contact_page.dart
DA:11,2
DA:13,0
DA:14,0
DA:27,0
DA:28,0
DA:29,0
DA:30,0
DA:31,0
DA:36,0
DA:41,0
DA:42,0
DA:43,0
DA:47,0
DA:48,0
DA:49,0
DA:50,0
DA:51,0
DA:58,0
DA:59,0
DA:60,0
DA:61,0
DA:62,0
DA:69,0
DA:72,0
DA:75,0
DA:76,0
DA:77,0
DA:80,0
DA:84,0
DA:85,0
DA:86,0
DA:88,0
DA:89,0
DA:90,0
DA:95,0
DA:96,0
DA:97,0
DA:101,0
DA:105,0
DA:107,0
DA:108,0
DA:110,0
DA:111,0
DA:118,0
DA:119,0
DA:120,0
DA:121,0
DA:122,0
DA:129,0
DA:131,0
DA:132,0
DA:134,0
DA:135,0
DA:136,0
DA:137,0
DA:139,0
DA:143,0
DA:145,0
DA:147,0
DA:149,0
DA:150,0
DA:151,0
DA:153,0
DA:159,0
DA:160,0
DA:162,0
DA:171,0
DA:172,0
DA:173,0
DA:174,0
DA:175,0
DA:176,0
DA:179,0
DA:181,0
DA:182,0
DA:184,0
DA:186,0
DA:187,0
DA:188,0
DA:189,0
DA:192,0
DA:197,0
DA:198,0
DA:199,0
DA:200,0
DA:201,0
DA:202,0
DA:203,0
DA:205,0
DA:212,0
DA:213,0
DA:215,0
DA:216,0
DA:217,0
DA:218,0
DA:219,0
DA:220,0
DA:223,0
DA:224,0
DA:235,0
DA:236,0
DA:237,0
DA:239,0
DA:245,0
DA:246,0
DA:247,0
DA:248,0
DA:249,0
DA:250,0
DA:254,0
DA:255,0
DA:257,0
DA:263,0
DA:264,0
DA:265,0
DA:266,0
DA:267,0
DA:268,0
DA:269,0
DA:270,0
DA:272,0
LF:121
LH:1
end_of_record
SF:lib/utils/copyright_utils.dart
DA:6,0
DA:8,0
DA:9,0
DA:12,0
DA:16,0
DA:17,0
DA:24,1
DA:25,1
DA:26,1
DA:30,1
DA:34,1
DA:38,1
DA:45,2
LF:13
LH:7
end_of_record
